{"total": {"lines":{"total":169,"covered":0,"skipped":0,"pct":0},"statements":{"total":179,"covered":0,"skipped":0,"pct":0},"functions":{"total":37,"covered":0,"skipped":0,"pct":0},"branches":{"total":50,"covered":0,"skipped":0,"pct":0},"branchesTrue":{"total":0,"covered":0,"skipped":0,"pct":100}}
,"/private/var/folders/_v/308wfysx4lbdzdghm_l23xdh0000gn/T/vibe-kanban/worktrees/3b73-create-testing-f/3d-organizer/frontend/src/components/layout/Header.tsx": {"lines":{"total":20,"covered":0,"skipped":0,"pct":0},"functions":{"total":4,"covered":0,"skipped":0,"pct":0},"statements":{"total":20,"covered":0,"skipped":0,"pct":0},"branches":{"total":0,"covered":0,"skipped":0,"pct":100}}
,"/private/var/folders/_v/308wfysx4lbdzdghm_l23xdh0000gn/T/vibe-kanban/worktrees/3b73-create-testing-f/3d-organizer/frontend/src/components/projects/ProjectCard.tsx": {"lines":{"total":21,"covered":0,"skipped":0,"pct":0},"functions":{"total":5,"covered":0,"skipped":0,"pct":0},"statements":{"total":21,"covered":0,"skipped":0,"pct":0},"branches":{"total":17,"covered":0,"skipped":0,"pct":0}}
,"/private/var/folders/_v/308wfysx4lbdzdghm_l23xdh0000gn/T/vibe-kanban/worktrees/3b73-create-testing-f/3d-organizer/frontend/src/components/projects/ProjectGrid.tsx": {"lines":{"total":8,"covered":0,"skipped":0,"pct":0},"functions":{"total":3,"covered":0,"skipped":0,"pct":0},"statements":{"total":8,"covered":0,"skipped":0,"pct":0},"branches":{"total":3,"covered":0,"skipped":0,"pct":0}}
,"/private/var/folders/_v/308wfysx4lbdzdghm_l23xdh0000gn/T/vibe-kanban/worktrees/3b73-create-testing-f/3d-organizer/frontend/src/lib/api.ts": {"lines":{"total":23,"covered":0,"skipped":0,"pct":0},"functions":{"total":9,"covered":0,"skipped":0,"pct":0},"statements":{"total":25,"covered":0,"skipped":0,"pct":0},"branches":{"total":2,"covered":0,"skipped":0,"pct":0}}
,"/private/var/folders/_v/308wfysx4lbdzdghm_l23xdh0000gn/T/vibe-kanban/worktrees/3b73-create-testing-f/3d-organizer/frontend/src/lib/theme.ts": {"lines":{"total":2,"covered":0,"skipped":0,"pct":0},"functions":{"total":0,"covered":0,"skipped":0,"pct":100},"statements":{"total":3,"covered":0,"skipped":0,"pct":0},"branches":{"total":0,"covered":0,"skipped":0,"pct":100}}
,"/private/var/folders/_v/308wfysx4lbdzdghm_l23xdh0000gn/T/vibe-kanban/worktrees/3b73-create-testing-f/3d-organizer/frontend/src/pages/index.tsx": {"lines":{"total":34,"covered":0,"skipped":0,"pct":0},"functions":{"total":6,"covered":0,"skipped":0,"pct":0},"statements":{"total":34,"covered":0,"skipped":0,"pct":0},"branches":{"total":3,"covered":0,"skipped":0,"pct":0}}
,"/private/var/folders/_v/308wfysx4lbdzdghm_l23xdh0000gn/T/vibe-kanban/worktrees/3b73-create-testing-f/3d-organizer/frontend/src/pages/projects/[id].tsx": {"lines":{"total":46,"covered":0,"skipped":0,"pct":0},"functions":{"total":6,"covered":0,"skipped":0,"pct":0},"statements":{"total":48,"covered":0,"skipped":0,"pct":0},"branches":{"total":18,"covered":0,"skipped":0,"pct":0}}
,"/private/var/folders/_v/308wfysx4lbdzdghm_l23xdh0000gn/T/vibe-kanban/worktrees/3b73-create-testing-f/3d-organizer/frontend/src/utils/fileTypes.ts": {"lines":{"total":15,"covered":0,"skipped":0,"pct":0},"functions":{"total":4,"covered":0,"skipped":0,"pct":0},"statements":{"total":20,"covered":0,"skipped":0,"pct":0},"branches":{"total":7,"covered":0,"skipped":0,"pct":0}}
}
