{"total": {"lines":{"total":169,"covered":44,"skipped":0,"pct":26.03},"statements":{"total":179,"covered":49,"skipped":0,"pct":27.37},"functions":{"total":37,"covered":12,"skipped":0,"pct":32.43},"branches":{"total":50,"covered":25,"skipped":0,"pct":50},"branchesTrue":{"total":0,"covered":0,"skipped":0,"pct":100}}
,"/private/var/folders/_v/308wfysx4lbdzdghm_l23xdh0000gn/T/vibe-kanban/worktrees/3b73-create-testing-f/3d-organizer/frontend/src/components/layout/Header.tsx": {"lines":{"total":20,"covered":0,"skipped":0,"pct":0},"functions":{"total":4,"covered":0,"skipped":0,"pct":0},"statements":{"total":20,"covered":0,"skipped":0,"pct":0},"branches":{"total":0,"covered":0,"skipped":0,"pct":100}}
,"/private/var/folders/_v/308wfysx4lbdzdghm_l23xdh0000gn/T/vibe-kanban/worktrees/3b73-create-testing-f/3d-organizer/frontend/src/components/projects/ProjectCard.tsx": {"lines":{"total":21,"covered":19,"skipped":0,"pct":90.47},"functions":{"total":5,"covered":5,"skipped":0,"pct":100},"statements":{"total":21,"covered":19,"skipped":0,"pct":90.47},"branches":{"total":17,"covered":15,"skipped":0,"pct":88.23}}
,"/private/var/folders/_v/308wfysx4lbdzdghm_l23xdh0000gn/T/vibe-kanban/worktrees/3b73-create-testing-f/3d-organizer/frontend/src/components/projects/ProjectGrid.tsx": {"lines":{"total":8,"covered":8,"skipped":0,"pct":100},"functions":{"total":3,"covered":3,"skipped":0,"pct":100},"statements":{"total":8,"covered":8,"skipped":0,"pct":100},"branches":{"total":3,"covered":3,"skipped":0,"pct":100}}
,"/private/var/folders/_v/308wfysx4lbdzdghm_l23xdh0000gn/T/vibe-kanban/worktrees/3b73-create-testing-f/3d-organizer/frontend/src/lib/api.ts": {"lines":{"total":23,"covered":0,"skipped":0,"pct":0},"functions":{"total":9,"covered":0,"skipped":0,"pct":0},"statements":{"total":25,"covered":0,"skipped":0,"pct":0},"branches":{"total":2,"covered":0,"skipped":0,"pct":0}}
,"/private/var/folders/_v/308wfysx4lbdzdghm_l23xdh0000gn/T/vibe-kanban/worktrees/3b73-create-testing-f/3d-organizer/frontend/src/lib/theme.ts": {"lines":{"total":2,"covered":2,"skipped":0,"pct":100},"functions":{"total":0,"covered":0,"skipped":0,"pct":100},"statements":{"total":3,"covered":2,"skipped":0,"pct":66.66},"branches":{"total":0,"covered":0,"skipped":0,"pct":100}}
,"/private/var/folders/_v/308wfysx4lbdzdghm_l23xdh0000gn/T/vibe-kanban/worktrees/3b73-create-testing-f/3d-organizer/frontend/src/pages/index.tsx": {"lines":{"total":34,"covered":0,"skipped":0,"pct":0},"functions":{"total":6,"covered":0,"skipped":0,"pct":0},"statements":{"total":34,"covered":0,"skipped":0,"pct":0},"branches":{"total":3,"covered":0,"skipped":0,"pct":0}}
,"/private/var/folders/_v/308wfysx4lbdzdghm_l23xdh0000gn/T/vibe-kanban/worktrees/3b73-create-testing-f/3d-organizer/frontend/src/pages/projects/[id].tsx": {"lines":{"total":46,"covered":0,"skipped":0,"pct":0},"functions":{"total":6,"covered":0,"skipped":0,"pct":0},"statements":{"total":48,"covered":0,"skipped":0,"pct":0},"branches":{"total":18,"covered":0,"skipped":0,"pct":0}}
,"/private/var/folders/_v/308wfysx4lbdzdghm_l23xdh0000gn/T/vibe-kanban/worktrees/3b73-create-testing-f/3d-organizer/frontend/src/utils/fileTypes.ts": {"lines":{"total":15,"covered":15,"skipped":0,"pct":100},"functions":{"total":4,"covered":4,"skipped":0,"pct":100},"statements":{"total":20,"covered":20,"skipped":0,"pct":100},"branches":{"total":7,"covered":7,"skipped":0,"pct":100}}
}
