TN:
SF:src/components/layout/Header.tsx
FN:21,Header
FN:26,(anonymous_2)
FN:51,(anonymous_3)
FN:75,(anonymous_4)
FNF:4
FNH:0
FNDA:0,Header
FNDA:0,(anonymous_2)
FNDA:0,(anonymous_3)
FNDA:0,(anonymous_4)
DA:11,0
DA:12,0
DA:13,0
DA:14,0
DA:21,0
DA:22,0
DA:23,0
DA:24,0
DA:26,0
DA:27,0
DA:28,0
DA:29,0
DA:30,0
DA:37,0
DA:39,0
DA:47,0
DA:51,0
DA:52,0
DA:53,0
DA:75,0
LF:20
LH:0
BRF:0
BRH:0
end_of_record
TN:
SF:src/components/projects/ProjectCard.tsx
FN:22,getStatusIcon
FN:35,getStatusColor
FN:48,ProjectCard
FN:52,(anonymous_4)
FN:109,(anonymous_5)
FNF:5
FNH:0
FNDA:0,getStatusIcon
FNDA:0,getStatusColor
FNDA:0,ProjectCard
FNDA:0,(anonymous_4)
FNDA:0,(anonymous_5)
DA:12,0
DA:13,0
DA:15,0
DA:23,0
DA:25,0
DA:27,0
DA:29,0
DA:31,0
DA:36,0
DA:38,0
DA:40,0
DA:42,0
DA:44,0
DA:48,0
DA:49,0
DA:50,0
DA:52,0
DA:53,0
DA:54,0
DA:57,0
DA:110,0
LF:21
LH:0
BRDA:23,0,0,0
BRDA:23,0,1,0
BRDA:23,0,2,0
BRDA:23,0,3,0
BRDA:36,1,0,0
BRDA:36,1,1,0
BRDA:36,1,2,0
BRDA:36,1,3,0
BRDA:52,2,0,0
BRDA:52,2,1,0
BRDA:53,3,0,0
BRDA:53,3,1,0
BRDA:57,4,0,0
BRDA:57,4,1,0
BRDA:78,5,0,0
BRDA:78,5,1,0
BRDA:107,6,0,0
BRF:17
BRH:0
end_of_record
TN:
SF:src/components/projects/ProjectGrid.tsx
FN:22,ProjectGrid
FN:63,(anonymous_2)
FN:67,(anonymous_3)
FNF:3
FNH:0
FNDA:0,ProjectGrid
FNDA:0,(anonymous_2)
FNDA:0,(anonymous_3)
DA:11,0
DA:13,0
DA:22,0
DA:23,0
DA:34,0
DA:46,0
DA:64,0
DA:67,0
LF:8
LH:0
BRDA:23,0,0,0
BRDA:34,1,0,0
BRDA:46,2,0,0
BRF:3
BRH:0
end_of_record
TN:
SF:src/lib/api.ts
FN:24,(anonymous_4)
FN:30,(anonymous_5)
FN:36,(anonymous_6)
FN:44,(anonymous_7)
FN:50,(anonymous_8)
FN:56,(anonymous_9)
FN:62,(anonymous_10)
FN:68,(anonymous_11)
FN:74,(anonymous_12)
FNF:9
FNH:0
FNDA:0,(anonymous_4)
FNDA:0,(anonymous_5)
FNDA:0,(anonymous_6)
FNDA:0,(anonymous_7)
FNDA:0,(anonymous_8)
FNDA:0,(anonymous_9)
FNDA:0,(anonymous_10)
FNDA:0,(anonymous_11)
FNDA:0,(anonymous_12)
DA:1,0
DA:12,0
DA:14,0
DA:22,0
DA:25,0
DA:26,0
DA:31,0
DA:32,0
DA:37,0
DA:40,0
DA:45,0
DA:46,0
DA:51,0
DA:52,0
DA:57,0
DA:58,0
DA:63,0
DA:64,0
DA:69,0
DA:70,0
DA:75,0
DA:76,0
DA:80,0
LF:23
LH:0
BRDA:12,0,0,0
BRDA:12,0,1,0
BRF:2
BRH:0
end_of_record
TN:
SF:src/lib/theme.ts
FNF:0
FNH:0
DA:1,0
DA:3,0
LF:2
LH:0
BRF:0
BRH:0
end_of_record
TN:
SF:src/pages/index.tsx
FN:14,HomePage
FN:23,(anonymous_2)
FN:46,(anonymous_3)
FN:50,(anonymous_4)
FN:54,(anonymous_5)
FN:59,(anonymous_6)
FNF:6
FNH:0
FNDA:0,HomePage
FNDA:0,(anonymous_2)
FNDA:0,(anonymous_3)
FNDA:0,(anonymous_4)
FNDA:0,(anonymous_5)
FNDA:0,(anonymous_6)
DA:1,0
DA:7,0
DA:8,0
DA:9,0
DA:10,0
DA:12,0
DA:14,0
DA:15,0
DA:16,0
DA:17,0
DA:18,0
DA:20,0
DA:21,0
DA:23,0
DA:24,0
DA:25,0
DA:27,0
DA:29,0
DA:30,0
DA:31,0
DA:33,0
DA:34,0
DA:37,0
DA:39,0
DA:40,0
DA:42,0
DA:46,0
DA:47,0
DA:50,0
DA:51,0
DA:54,0
DA:56,0
DA:59,0
DA:60,0
LF:34
LH:0
BRDA:23,0,0,0
BRDA:29,1,0,0
BRDA:29,1,1,0
BRF:3
BRH:0
end_of_record
TN:
SF:src/pages/projects/[id].tsx
FN:39,ProjectDetailPage
FN:53,(anonymous_2)
FN:79,(anonymous_3)
FN:94,(anonymous_4)
FN:138,(anonymous_5)
FN:222,(anonymous_6)
FNF:6
FNH:0
FNDA:0,ProjectDetailPage
FNDA:0,(anonymous_2)
FNDA:0,(anonymous_3)
FNDA:0,(anonymous_4)
FNDA:0,(anonymous_5)
FNDA:0,(anonymous_6)
DA:1,0
DA:2,0
DA:33,0
DA:34,0
DA:36,0
DA:37,0
DA:39,0
DA:40,0
DA:41,0
DA:43,0
DA:44,0
DA:45,0
DA:46,0
DA:47,0
DA:48,0
DA:49,0
DA:51,0
DA:53,0
DA:54,0
DA:56,0
DA:57,0
DA:59,0
DA:60,0
DA:67,0
DA:68,0
DA:69,0
DA:70,0
DA:72,0
DA:73,0
DA:75,0
DA:79,0
DA:80,0
DA:82,0
DA:83,0
DA:84,0
DA:85,0
DA:87,0
DA:88,0
DA:90,0
DA:94,0
DA:95,0
DA:96,0
DA:100,0
DA:113,0
DA:138,0
DA:223,0
LF:46
LH:0
BRDA:54,0,0,0
BRDA:80,1,0,0
BRDA:95,2,0,0
BRDA:100,3,0,0
BRDA:113,4,0,0
BRDA:113,5,0,0
BRDA:113,5,1,0
BRDA:121,6,0,0
BRDA:121,6,1,0
BRDA:146,7,0,0
BRDA:146,7,1,0
BRDA:146,8,0,0
BRDA:146,8,1,0
BRDA:178,9,0,0
BRDA:204,10,0,0
BRDA:204,10,1,0
BRDA:248,11,0,0
BRDA:248,11,1,0
BRF:18
BRH:0
end_of_record
TN:
SF:src/utils/fileTypes.ts
FN:3,(anonymous_5)
FN:15,(anonymous_6)
FN:27,(anonymous_7)
FN:39,(anonymous_8)
FNF:4
FNH:0
FNDA:0,(anonymous_5)
FNDA:0,(anonymous_6)
FNDA:0,(anonymous_7)
FNDA:0,(anonymous_8)
DA:3,0
DA:4,0
DA:12,0
DA:15,0
DA:16,0
DA:24,0
DA:27,0
DA:28,0
DA:36,0
DA:39,0
DA:40,0
DA:42,0
DA:43,0
DA:44,0
DA:46,0
LF:15
LH:0
BRDA:12,0,0,0
BRDA:12,0,1,0
BRDA:24,1,0,0
BRDA:24,1,1,0
BRDA:36,2,0,0
BRDA:36,2,1,0
BRDA:40,3,0,0
BRF:7
BRH:0
end_of_record
