<testsuites id="" name="" tests="43" failures="0" skipped="20" errors="0" time="24.807717">
<testsuite name="comprehensive-workflow.spec.ts" timestamp="2026-02-13T10:57:58.647Z" hostname="chromium" tests="4" failures="0" skipped="2" time="35.592" errors="0">
<testcase name="Comprehensive 3D Organizer Workflows › Complete workflow: Project creation → File upload → Conflict resolution (All paths)" classname="comprehensive-workflow.spec.ts" time="0">
<properties>
<property name="skip" value="">
</property>
</properties>
<skipped>
</skipped>
</testcase>
<testcase name="Comprehensive 3D Organizer Workflows › Error handling and edge cases" classname="comprehensive-workflow.spec.ts" time="23.485">
</testcase>
<testcase name="Comprehensive 3D Organizer Workflows › Accessibility and usability testing" classname="comprehensive-workflow.spec.ts" time="12.107">
</testcase>
<testcase name="Comprehensive 3D Organizer Workflows › Performance and loading states" classname="comprehensive-workflow.spec.ts" time="0">
<properties>
<property name="skip" value="">
</property>
</properties>
<skipped>
</skipped>
</testcase>
</testsuite>
<testsuite name="file-upload-and-conflicts.spec.ts" timestamp="2026-02-13T10:57:58.647Z" hostname="chromium" tests="7" failures="0" skipped="5" time="7.379" errors="0">
<testcase name="File Upload and Conflict Resolution › should upload new files to existing project successfully" classname="file-upload-and-conflicts.spec.ts" time="0">
<properties>
<property name="skip" value="">
</property>
</properties>
<skipped>
</skipped>
</testcase>
<testcase name="File Upload and Conflict Resolution › should handle file conflicts with skip resolution" classname="file-upload-and-conflicts.spec.ts" time="0">
<properties>
<property name="skip" value="">
</property>
</properties>
<skipped>
</skipped>
</testcase>
<testcase name="File Upload and Conflict Resolution › should handle file conflicts with overwrite resolution" classname="file-upload-and-conflicts.spec.ts" time="0">
<properties>
<property name="skip" value="">
</property>
</properties>
<skipped>
</skipped>
</testcase>
<testcase name="File Upload and Conflict Resolution › should handle file conflicts with rename (upload + timestamp) resolution" classname="file-upload-and-conflicts.spec.ts" time="0">
<properties>
<property name="skip" value="">
</property>
</properties>
<skipped>
</skipped>
</testcase>
<testcase name="File Upload and Conflict Resolution › should handle mixed conflicts with different resolutions" classname="file-upload-and-conflicts.spec.ts" time="0">
<properties>
<property name="skip" value="">
</property>
</properties>
<skipped>
</skipped>
</testcase>
<testcase name="File Upload and Conflict Resolution › should handle upload cancellation" classname="file-upload-and-conflicts.spec.ts" time="4.443">
</testcase>
<testcase name="File Upload and Conflict Resolution › should validate file types during upload" classname="file-upload-and-conflicts.spec.ts" time="2.936">
</testcase>
</testsuite>
<testsuite name="homepage.spec.ts" timestamp="2026-02-13T10:57:58.647Z" hostname="chromium" tests="12" failures="0" skipped="1" time="20.157" errors="0">
<testcase name="3DShelf Homepage › should display the main header and navigation" classname="homepage.spec.ts" time="1.194">
</testcase>
<testcase name="3DShelf Homepage › should load and display project list" classname="homepage.spec.ts" time="1.742">
</testcase>
<testcase name="3DShelf Homepage › should perform search functionality" classname="homepage.spec.ts" time="1.934">
</testcase>
<testcase name="3DShelf Homepage › should handle empty search" classname="homepage.spec.ts" time="1.67">
</testcase>
<testcase name="3DShelf Homepage › should navigate to project detail when clicking project" classname="homepage.spec.ts" time="1.355">
</testcase>
<testcase name="3DShelf Homepage › should handle scan projects functionality" classname="homepage.spec.ts" time="2.708">
</testcase>
<testcase name="3DShelf Homepage › should be responsive on mobile viewport" classname="homepage.spec.ts" time="1.635">
</testcase>
<testcase name="3DShelf Homepage › should handle network errors gracefully" classname="homepage.spec.ts" time="2.731">
</testcase>
<testcase name="3DShelf Homepage › should display loading states appropriately" classname="homepage.spec.ts" time="0">
<properties>
<property name="skip" value="">
</property>
</properties>
<skipped>
</skipped>
</testcase>
<testcase name="3DShelf Homepage › should maintain state during page interactions" classname="homepage.spec.ts" time="2.44">
</testcase>
<testcase name="3DShelf Homepage › should have proper accessibility features" classname="homepage.spec.ts" time="1.36">
</testcase>
<testcase name="3DShelf Homepage › should handle keyboard navigation" classname="homepage.spec.ts" time="1.388">
</testcase>
</testsuite>
<testsuite name="project-creation.spec.ts" timestamp="2026-02-13T10:57:58.647Z" hostname="chromium" tests="6" failures="0" skipped="3" time="5.634" errors="0">
<testcase name="Project Creation › should create project without files successfully" classname="project-creation.spec.ts" time="2.154">
</testcase>
<testcase name="Project Creation › should create project with files successfully" classname="project-creation.spec.ts" time="0">
<properties>
<property name="skip" value="">
</property>
</properties>
<skipped>
</skipped>
</testcase>
<testcase name="Project Creation › should validate required fields in project creation" classname="project-creation.spec.ts" time="1.68">
</testcase>
<testcase name="Project Creation › should handle file selection and removal in project creation" classname="project-creation.spec.ts" time="0">
<properties>
<property name="skip" value="">
</property>
</properties>
<skipped>
</skipped>
</testcase>
<testcase name="Project Creation › should handle modal cancel functionality" classname="project-creation.spec.ts" time="1.8">
</testcase>
<testcase name="Project Creation › should handle file upload errors gracefully" classname="project-creation.spec.ts" time="0">
<properties>
<property name="skip" value="">
</property>
</properties>
<skipped>
</skipped>
</testcase>
</testsuite>
<testsuite name="project-details.spec.ts" timestamp="2026-02-13T10:57:58.647Z" hostname="chromium" tests="12" failures="0" skipped="9" time="40.75" errors="0">
<testcase name="Project Details Page › should navigate to project details from homepage" classname="project-details.spec.ts" time="1.289">
<properties>
<property name="skip" value="No projects available for navigation test">
</property>
</properties>
<skipped>
</skipped>
</testcase>
<testcase name="Project Details Page › should display project information correctly" classname="project-details.spec.ts" time="2.198">
<properties>
<property name="skip" value="Project details page not accessible">
</property>
</properties>
<skipped>
</skipped>
</testcase>
<testcase name="Project Details Page › should display project files if available" classname="project-details.spec.ts" time="1.449">
<properties>
<property name="skip" value="Project files section not available">
</property>
</properties>
<skipped>
</skipped>
</testcase>
<testcase name="Project Details Page › should show project statistics" classname="project-details.spec.ts" time="1.766">
<properties>
<property name="skip" value="Project statistics not available">
</property>
</properties>
<skipped>
</skipped>
</testcase>
<testcase name="Project Details Page › should handle project README content" classname="project-details.spec.ts" time="6.535">
<properties>
<property name="skip" value="README content not available">
</property>
</properties>
<skipped>
</skipped>
</testcase>
<testcase name="Project Details Page › should provide navigation back to homepage" classname="project-details.spec.ts" time="1.709">
</testcase>
<testcase name="Project Details Page › should handle non-existent project gracefully" classname="project-details.spec.ts" time="1.447">
</testcase>
<testcase name="Project Details Page › should be responsive on mobile devices" classname="project-details.spec.ts" time="6.73">
<properties>
<property name="skip" value="Mobile responsiveness test not possible">
</property>
</properties>
<skipped>
</skipped>
</testcase>
<testcase name="Project Details Page › should handle loading states appropriately" classname="project-details.spec.ts" time="0.902">
<properties>
<property name="skip" value="Loading states test not applicable">
</property>
</properties>
<skipped>
</skipped>
</testcase>
<testcase name="Project Details Page › should handle API errors gracefully" classname="project-details.spec.ts" time="8.955">
</testcase>
<testcase name="Project Details Page › should display file type icons and information" classname="project-details.spec.ts" time="1.386">
<properties>
<property name="skip" value="File type display test not applicable">
</property>
</properties>
<skipped>
</skipped>
</testcase>
<testcase name="Project Details Page › should have proper accessibility features" classname="project-details.spec.ts" time="6.384">
<properties>
<property name="skip" value="Accessibility test not applicable">
</property>
</properties>
<skipped>
</skipped>
</testcase>
</testsuite>
<testsuite name="simple-test.spec.ts" timestamp="2026-02-13T10:57:58.647Z" hostname="chromium" tests="2" failures="0" skipped="0" time="2.153" errors="0">
<testcase name="Simple E2E Tests › should create project without files" classname="simple-test.spec.ts" time="1.553">
</testcase>
<testcase name="Simple E2E Tests › should navigate to homepage" classname="simple-test.spec.ts" time="0.6">
</testcase>
</testsuite>
</testsuites>