<testsuites id="" name="" tests="205" failures="126" skipped="35" errors="0" time="301.007493">
<testsuite name="comprehensive-workflow.spec.ts" timestamp="2026-02-12T18:12:55.457Z" hostname="chromium" tests="4" failures="4" skipped="0" time="22.692" errors="0">
<testcase name="Comprehensive 3D Organizer Workflows › Complete workflow: Project creation → File upload → Conflict resolution (All paths)" classname="comprehensive-workflow.spec.ts" time="5.671">
<failure message="comprehensive-workflow.spec.ts:33:7 Complete workflow: Project creation → File upload → Conflict resolution (All paths)" type="FAILURE">
<![CDATA[  [chromium] › comprehensive-workflow.spec.ts:33:7 › Comprehensive 3D Organizer Workflows › Complete workflow: Project creation → File upload → Conflict resolution (All paths) 

    Error: expect(locator).toBeVisible() failed

    Locator: getByTestId('header')
    Expected: visible
    Timeout: 5000ms
    Error: element(s) not found

    Call log:
      - Expect "toBeVisible" with timeout 5000ms
      - waiting for getByTestId('header')


      24 |
      25 |     // Wait for the application to load
    > 26 |     await expect(page.getByTestId('header')).toBeVisible()
         |                                              ^
      27 |   })
      28 |
      29 |   test.afterEach(() => {
        at /Users/jparrill/Projects/.vibe-kanban-workspaces/ca5e-test-crea-test-e/3d-organizer/frontend/src/__tests__/e2e/comprehensive-workflow.spec.ts:26:46

    attachment #1: screenshot (image/png) ──────────────────────────────────────────────────────────
    ../../../test-results/comprehensive-workflow-Com-245d4-flict-resolution-All-paths--chromium/test-failed-1.png
    ────────────────────────────────────────────────────────────────────────────────────────────────

    attachment #2: video (video/webm) ──────────────────────────────────────────────────────────────
    ../../../test-results/comprehensive-workflow-Com-245d4-flict-resolution-All-paths--chromium/video.webm
    ────────────────────────────────────────────────────────────────────────────────────────────────

    Error Context: ../../../test-results/comprehensive-workflow-Com-245d4-flict-resolution-All-paths--chromium/error-context.md
]]>
</failure>
<system-out>
<![CDATA[
[[ATTACHMENT|test-results/comprehensive-workflow-Com-245d4-flict-resolution-All-paths--chromium/test-failed-1.png]]

[[ATTACHMENT|test-results/comprehensive-workflow-Com-245d4-flict-resolution-All-paths--chromium/video.webm]]

[[ATTACHMENT|test-results/comprehensive-workflow-Com-245d4-flict-resolution-All-paths--chromium/error-context.md]]
]]>
</system-out>
</testcase>
<testcase name="Comprehensive 3D Organizer Workflows › Error handling and edge cases" classname="comprehensive-workflow.spec.ts" time="5.704">
<failure message="comprehensive-workflow.spec.ts:230:7 Error handling and edge cases" type="FAILURE">
<![CDATA[  [chromium] › comprehensive-workflow.spec.ts:230:7 › Comprehensive 3D Organizer Workflows › Error handling and edge cases 

    Error: expect(locator).toBeVisible() failed

    Locator: getByTestId('header')
    Expected: visible
    Timeout: 5000ms
    Error: element(s) not found

    Call log:
      - Expect "toBeVisible" with timeout 5000ms
      - waiting for getByTestId('header')


      24 |
      25 |     // Wait for the application to load
    > 26 |     await expect(page.getByTestId('header')).toBeVisible()
         |                                              ^
      27 |   })
      28 |
      29 |   test.afterEach(() => {
        at /Users/jparrill/Projects/.vibe-kanban-workspaces/ca5e-test-crea-test-e/3d-organizer/frontend/src/__tests__/e2e/comprehensive-workflow.spec.ts:26:46

    attachment #1: screenshot (image/png) ──────────────────────────────────────────────────────────
    ../../../test-results/comprehensive-workflow-Com-e03b0-ror-handling-and-edge-cases-chromium/test-failed-1.png
    ────────────────────────────────────────────────────────────────────────────────────────────────

    attachment #2: video (video/webm) ──────────────────────────────────────────────────────────────
    ../../../test-results/comprehensive-workflow-Com-e03b0-ror-handling-and-edge-cases-chromium/video.webm
    ────────────────────────────────────────────────────────────────────────────────────────────────

    Error Context: ../../../test-results/comprehensive-workflow-Com-e03b0-ror-handling-and-edge-cases-chromium/error-context.md
]]>
</failure>
<system-out>
<![CDATA[
[[ATTACHMENT|test-results/comprehensive-workflow-Com-e03b0-ror-handling-and-edge-cases-chromium/test-failed-1.png]]

[[ATTACHMENT|test-results/comprehensive-workflow-Com-e03b0-ror-handling-and-edge-cases-chromium/video.webm]]

[[ATTACHMENT|test-results/comprehensive-workflow-Com-e03b0-ror-handling-and-edge-cases-chromium/error-context.md]]
]]>
</system-out>
</testcase>
<testcase name="Comprehensive 3D Organizer Workflows › Accessibility and usability testing" classname="comprehensive-workflow.spec.ts" time="5.658">
<failure message="comprehensive-workflow.spec.ts:316:7 Accessibility and usability testing" type="FAILURE">
<![CDATA[  [chromium] › comprehensive-workflow.spec.ts:316:7 › Comprehensive 3D Organizer Workflows › Accessibility and usability testing 

    Error: expect(locator).toBeVisible() failed

    Locator: getByTestId('header')
    Expected: visible
    Timeout: 5000ms
    Error: element(s) not found

    Call log:
      - Expect "toBeVisible" with timeout 5000ms
      - waiting for getByTestId('header')


      24 |
      25 |     // Wait for the application to load
    > 26 |     await expect(page.getByTestId('header')).toBeVisible()
         |                                              ^
      27 |   })
      28 |
      29 |   test.afterEach(() => {
        at /Users/jparrill/Projects/.vibe-kanban-workspaces/ca5e-test-crea-test-e/3d-organizer/frontend/src/__tests__/e2e/comprehensive-workflow.spec.ts:26:46

    attachment #1: screenshot (image/png) ──────────────────────────────────────────────────────────
    ../../../test-results/comprehensive-workflow-Com-806f8-ility-and-usability-testing-chromium/test-failed-1.png
    ────────────────────────────────────────────────────────────────────────────────────────────────

    attachment #2: video (video/webm) ──────────────────────────────────────────────────────────────
    ../../../test-results/comprehensive-workflow-Com-806f8-ility-and-usability-testing-chromium/video.webm
    ────────────────────────────────────────────────────────────────────────────────────────────────

    Error Context: ../../../test-results/comprehensive-workflow-Com-806f8-ility-and-usability-testing-chromium/error-context.md
]]>
</failure>
<system-out>
<![CDATA[
[[ATTACHMENT|test-results/comprehensive-workflow-Com-806f8-ility-and-usability-testing-chromium/test-failed-1.png]]

[[ATTACHMENT|test-results/comprehensive-workflow-Com-806f8-ility-and-usability-testing-chromium/video.webm]]

[[ATTACHMENT|test-results/comprehensive-workflow-Com-806f8-ility-and-usability-testing-chromium/error-context.md]]
]]>
</system-out>
</testcase>
<testcase name="Comprehensive 3D Organizer Workflows › Performance and loading states" classname="comprehensive-workflow.spec.ts" time="5.659">
<failure message="comprehensive-workflow.spec.ts:389:7 Performance and loading states" type="FAILURE">
<![CDATA[  [chromium] › comprehensive-workflow.spec.ts:389:7 › Comprehensive 3D Organizer Workflows › Performance and loading states 

    Error: expect(locator).toBeVisible() failed

    Locator: getByTestId('header')
    Expected: visible
    Timeout: 5000ms
    Error: element(s) not found

    Call log:
      - Expect "toBeVisible" with timeout 5000ms
      - waiting for getByTestId('header')


      24 |
      25 |     // Wait for the application to load
    > 26 |     await expect(page.getByTestId('header')).toBeVisible()
         |                                              ^
      27 |   })
      28 |
      29 |   test.afterEach(() => {
        at /Users/jparrill/Projects/.vibe-kanban-workspaces/ca5e-test-crea-test-e/3d-organizer/frontend/src/__tests__/e2e/comprehensive-workflow.spec.ts:26:46

    attachment #1: screenshot (image/png) ──────────────────────────────────────────────────────────
    ../../../test-results/comprehensive-workflow-Com-d2ff1-formance-and-loading-states-chromium/test-failed-1.png
    ────────────────────────────────────────────────────────────────────────────────────────────────

    attachment #2: video (video/webm) ──────────────────────────────────────────────────────────────
    ../../../test-results/comprehensive-workflow-Com-d2ff1-formance-and-loading-states-chromium/video.webm
    ────────────────────────────────────────────────────────────────────────────────────────────────

    Error Context: ../../../test-results/comprehensive-workflow-Com-d2ff1-formance-and-loading-states-chromium/error-context.md
]]>
</failure>
<system-out>
<![CDATA[
[[ATTACHMENT|test-results/comprehensive-workflow-Com-d2ff1-formance-and-loading-states-chromium/test-failed-1.png]]

[[ATTACHMENT|test-results/comprehensive-workflow-Com-d2ff1-formance-and-loading-states-chromium/video.webm]]

[[ATTACHMENT|test-results/comprehensive-workflow-Com-d2ff1-formance-and-loading-states-chromium/error-context.md]]
]]>
</system-out>
</testcase>
</testsuite>
<testsuite name="file-upload-and-conflicts.spec.ts" timestamp="2026-02-12T18:12:55.457Z" hostname="chromium" tests="7" failures="7" skipped="0" time="213.471" errors="0">
<testcase name="File Upload and Conflict Resolution › should upload new files to existing project successfully" classname="file-upload-and-conflicts.spec.ts" time="30.505">
<failure message="file-upload-and-conflicts.spec.ts:55:7 should upload new files to existing project successfully" type="FAILURE">
<![CDATA[  [chromium] › file-upload-and-conflicts.spec.ts:55:7 › File Upload and Conflict Resolution › should upload new files to existing project successfully 

    Test timeout of 30000ms exceeded.

    Error: locator.click: Test timeout of 30000ms exceeded.
    Call log:
      - waiting for getByRole('button', { name: /create project/i })
        - locator resolved to <button type="button" class="chakra-button css-112nfzy">…</button>
      - attempting click action
        2 × waiting for element to be visible, enabled and stable
          - element is visible, enabled and stable
          - scrolling into view if needed
          - done scrolling
          - <nextjs-portal></nextjs-portal> intercepts pointer events
        - retrying click action
        - waiting 20ms
        2 × waiting for element to be visible, enabled and stable
          - element is visible, enabled and stable
          - scrolling into view if needed
          - done scrolling
          - <nextjs-portal></nextjs-portal> intercepts pointer events
        - retrying click action
          - waiting 100ms
        57 × waiting for element to be visible, enabled and stable
           - element is visible, enabled and stable
           - scrolling into view if needed
           - done scrolling
           - <nextjs-portal></nextjs-portal> intercepts pointer events
         - retrying click action
           - waiting 500ms


      17 | const createProjectWithFiles = async (page: Page, projectName: string, initialFiles?: string[]) => {
      18 |   await page.goto('/')
    > 19 |   await page.getByRole('button', { name: /create project/i }).click()
         |                                                               ^
      20 |
      21 |   const modal = page.getByTestId('create-project-modal')
      22 |   await expect(modal).toBeVisible()
        at createProjectWithFiles (/Users/jparrill/Projects/.vibe-kanban-workspaces/ca5e-test-crea-test-e/3d-organizer/frontend/src/__tests__/e2e/file-upload-and-conflicts.spec.ts:19:63)
        at /Users/jparrill/Projects/.vibe-kanban-workspaces/ca5e-test-crea-test-e/3d-organizer/frontend/src/__tests__/e2e/file-upload-and-conflicts.spec.ts:62:5

    attachment #1: screenshot (image/png) ──────────────────────────────────────────────────────────
    ../../../test-results/file-upload-and-conflicts--780b5-isting-project-successfully-chromium/test-failed-1.png
    ────────────────────────────────────────────────────────────────────────────────────────────────

    attachment #2: video (video/webm) ──────────────────────────────────────────────────────────────
    ../../../test-results/file-upload-and-conflicts--780b5-isting-project-successfully-chromium/video.webm
    ────────────────────────────────────────────────────────────────────────────────────────────────

    Error Context: ../../../test-results/file-upload-and-conflicts--780b5-isting-project-successfully-chromium/error-context.md
]]>
</failure>
<system-out>
<![CDATA[
[[ATTACHMENT|test-results/file-upload-and-conflicts--780b5-isting-project-successfully-chromium/test-failed-1.png]]

[[ATTACHMENT|test-results/file-upload-and-conflicts--780b5-isting-project-successfully-chromium/video.webm]]

[[ATTACHMENT|test-results/file-upload-and-conflicts--780b5-isting-project-successfully-chromium/error-context.md]]
]]>
</system-out>
</testcase>
<testcase name="File Upload and Conflict Resolution › should handle file conflicts with skip resolution" classname="file-upload-and-conflicts.spec.ts" time="30.492">
<failure message="file-upload-and-conflicts.spec.ts:115:7 should handle file conflicts with skip resolution" type="FAILURE">
<![CDATA[  [chromium] › file-upload-and-conflicts.spec.ts:115:7 › File Upload and Conflict Resolution › should handle file conflicts with skip resolution 

    Test timeout of 30000ms exceeded.

    Error: locator.click: Test timeout of 30000ms exceeded.
    Call log:
      - waiting for getByRole('button', { name: /create project/i })
        - locator resolved to <button type="button" class="chakra-button css-112nfzy">…</button>
      - attempting click action
        2 × waiting for element to be visible, enabled and stable
          - element is visible, enabled and stable
          - scrolling into view if needed
          - done scrolling
          - <nextjs-portal></nextjs-portal> intercepts pointer events
        - retrying click action
        - waiting 20ms
        2 × waiting for element to be visible, enabled and stable
          - element is visible, enabled and stable
          - scrolling into view if needed
          - done scrolling
          - <nextjs-portal></nextjs-portal> intercepts pointer events
        - retrying click action
          - waiting 100ms
        56 × waiting for element to be visible, enabled and stable
           - element is visible, enabled and stable
           - scrolling into view if needed
           - done scrolling
           - <nextjs-portal></nextjs-portal> intercepts pointer events
         - retrying click action
           - waiting 500ms
        - waiting for element to be visible, enabled and stable


      17 | const createProjectWithFiles = async (page: Page, projectName: string, initialFiles?: string[]) => {
      18 |   await page.goto('/')
    > 19 |   await page.getByRole('button', { name: /create project/i }).click()
         |                                                               ^
      20 |
      21 |   const modal = page.getByTestId('create-project-modal')
      22 |   await expect(modal).toBeVisible()
        at createProjectWithFiles (/Users/jparrill/Projects/.vibe-kanban-workspaces/ca5e-test-crea-test-e/3d-organizer/frontend/src/__tests__/e2e/file-upload-and-conflicts.spec.ts:19:63)
        at /Users/jparrill/Projects/.vibe-kanban-workspaces/ca5e-test-crea-test-e/3d-organizer/frontend/src/__tests__/e2e/file-upload-and-conflicts.spec.ts:121:5

    attachment #1: screenshot (image/png) ──────────────────────────────────────────────────────────
    ../../../test-results/file-upload-and-conflicts--5ecdf-flicts-with-skip-resolution-chromium/test-failed-1.png
    ────────────────────────────────────────────────────────────────────────────────────────────────

    attachment #2: video (video/webm) ──────────────────────────────────────────────────────────────
    ../../../test-results/file-upload-and-conflicts--5ecdf-flicts-with-skip-resolution-chromium/video.webm
    ────────────────────────────────────────────────────────────────────────────────────────────────

    Error Context: ../../../test-results/file-upload-and-conflicts--5ecdf-flicts-with-skip-resolution-chromium/error-context.md
]]>
</failure>
<system-out>
<![CDATA[
[[ATTACHMENT|test-results/file-upload-and-conflicts--5ecdf-flicts-with-skip-resolution-chromium/test-failed-1.png]]

[[ATTACHMENT|test-results/file-upload-and-conflicts--5ecdf-flicts-with-skip-resolution-chromium/video.webm]]

[[ATTACHMENT|test-results/file-upload-and-conflicts--5ecdf-flicts-with-skip-resolution-chromium/error-context.md]]
]]>
</system-out>
</testcase>
<testcase name="File Upload and Conflict Resolution › should handle file conflicts with overwrite resolution" classname="file-upload-and-conflicts.spec.ts" time="30.493">
<failure message="file-upload-and-conflicts.spec.ts:176:7 should handle file conflicts with overwrite resolution" type="FAILURE">
<![CDATA[  [chromium] › file-upload-and-conflicts.spec.ts:176:7 › File Upload and Conflict Resolution › should handle file conflicts with overwrite resolution 

    Test timeout of 30000ms exceeded.

    Error: locator.click: Test timeout of 30000ms exceeded.
    Call log:
      - waiting for getByRole('button', { name: /create project/i })
        - locator resolved to <button type="button" class="chakra-button css-112nfzy">…</button>
      - attempting click action
        2 × waiting for element to be visible, enabled and stable
          - element is visible, enabled and stable
          - scrolling into view if needed
          - done scrolling
          - <nextjs-portal></nextjs-portal> intercepts pointer events
        - retrying click action
        - waiting 20ms
        2 × waiting for element to be visible, enabled and stable
          - element is visible, enabled and stable
          - scrolling into view if needed
          - done scrolling
          - <nextjs-portal></nextjs-portal> intercepts pointer events
        - retrying click action
          - waiting 100ms
        56 × waiting for element to be visible, enabled and stable
           - element is visible, enabled and stable
           - scrolling into view if needed
           - done scrolling
           - <nextjs-portal></nextjs-portal> intercepts pointer events
         - retrying click action
           - waiting 500ms
        - waiting for element to be visible, enabled and stable
        - element is visible, enabled and stable
        - scrolling into view if needed
        - done scrolling


      17 | const createProjectWithFiles = async (page: Page, projectName: string, initialFiles?: string[]) => {
      18 |   await page.goto('/')
    > 19 |   await page.getByRole('button', { name: /create project/i }).click()
         |                                                               ^
      20 |
      21 |   const modal = page.getByTestId('create-project-modal')
      22 |   await expect(modal).toBeVisible()
        at createProjectWithFiles (/Users/jparrill/Projects/.vibe-kanban-workspaces/ca5e-test-crea-test-e/3d-organizer/frontend/src/__tests__/e2e/file-upload-and-conflicts.spec.ts:19:63)
        at /Users/jparrill/Projects/.vibe-kanban-workspaces/ca5e-test-crea-test-e/3d-organizer/frontend/src/__tests__/e2e/file-upload-and-conflicts.spec.ts:182:5

    attachment #1: screenshot (image/png) ──────────────────────────────────────────────────────────
    ../../../test-results/file-upload-and-conflicts--ede38-s-with-overwrite-resolution-chromium/test-failed-1.png
    ────────────────────────────────────────────────────────────────────────────────────────────────

    attachment #2: video (video/webm) ──────────────────────────────────────────────────────────────
    ../../../test-results/file-upload-and-conflicts--ede38-s-with-overwrite-resolution-chromium/video.webm
    ────────────────────────────────────────────────────────────────────────────────────────────────

    Error Context: ../../../test-results/file-upload-and-conflicts--ede38-s-with-overwrite-resolution-chromium/error-context.md
]]>
</failure>
<system-out>
<![CDATA[
[[ATTACHMENT|test-results/file-upload-and-conflicts--ede38-s-with-overwrite-resolution-chromium/test-failed-1.png]]

[[ATTACHMENT|test-results/file-upload-and-conflicts--ede38-s-with-overwrite-resolution-chromium/video.webm]]

[[ATTACHMENT|test-results/file-upload-and-conflicts--ede38-s-with-overwrite-resolution-chromium/error-context.md]]
]]>
</system-out>
</testcase>
<testcase name="File Upload and Conflict Resolution › should handle file conflicts with rename (upload + timestamp) resolution" classname="file-upload-and-conflicts.spec.ts" time="30.474">
<failure message="file-upload-and-conflicts.spec.ts:236:7 should handle file conflicts with rename (upload + timestamp) resolution" type="FAILURE">
<![CDATA[  [chromium] › file-upload-and-conflicts.spec.ts:236:7 › File Upload and Conflict Resolution › should handle file conflicts with rename (upload + timestamp) resolution 

    Test timeout of 30000ms exceeded.

    Error: locator.click: Test timeout of 30000ms exceeded.
    Call log:
      - waiting for getByRole('button', { name: /create project/i })
        - locator resolved to <button type="button" class="chakra-button css-112nfzy">…</button>
      - attempting click action
        2 × waiting for element to be visible, enabled and stable
          - element is visible, enabled and stable
          - scrolling into view if needed
          - done scrolling
          - <nextjs-portal></nextjs-portal> intercepts pointer events
        - retrying click action
        - waiting 20ms
        2 × waiting for element to be visible, enabled and stable
          - element is visible, enabled and stable
          - scrolling into view if needed
          - done scrolling
          - <nextjs-portal></nextjs-portal> intercepts pointer events
        - retrying click action
          - waiting 100ms
        57 × waiting for element to be visible, enabled and stable
           - element is visible, enabled and stable
           - scrolling into view if needed
           - done scrolling
           - <nextjs-portal></nextjs-portal> intercepts pointer events
         - retrying click action
           - waiting 500ms


      17 | const createProjectWithFiles = async (page: Page, projectName: string, initialFiles?: string[]) => {
      18 |   await page.goto('/')
    > 19 |   await page.getByRole('button', { name: /create project/i }).click()
         |                                                               ^
      20 |
      21 |   const modal = page.getByTestId('create-project-modal')
      22 |   await expect(modal).toBeVisible()
        at createProjectWithFiles (/Users/jparrill/Projects/.vibe-kanban-workspaces/ca5e-test-crea-test-e/3d-organizer/frontend/src/__tests__/e2e/file-upload-and-conflicts.spec.ts:19:63)
        at /Users/jparrill/Projects/.vibe-kanban-workspaces/ca5e-test-crea-test-e/3d-organizer/frontend/src/__tests__/e2e/file-upload-and-conflicts.spec.ts:242:5

    attachment #1: screenshot (image/png) ──────────────────────────────────────────────────────────
    ../../../test-results/file-upload-and-conflicts--d0995-upload-timestamp-resolution-chromium/test-failed-1.png
    ────────────────────────────────────────────────────────────────────────────────────────────────

    attachment #2: video (video/webm) ──────────────────────────────────────────────────────────────
    ../../../test-results/file-upload-and-conflicts--d0995-upload-timestamp-resolution-chromium/video.webm
    ────────────────────────────────────────────────────────────────────────────────────────────────

    Error Context: ../../../test-results/file-upload-and-conflicts--d0995-upload-timestamp-resolution-chromium/error-context.md
]]>
</failure>
<system-out>
<![CDATA[
[[ATTACHMENT|test-results/file-upload-and-conflicts--d0995-upload-timestamp-resolution-chromium/test-failed-1.png]]

[[ATTACHMENT|test-results/file-upload-and-conflicts--d0995-upload-timestamp-resolution-chromium/video.webm]]

[[ATTACHMENT|test-results/file-upload-and-conflicts--d0995-upload-timestamp-resolution-chromium/error-context.md]]
]]>
</system-out>
</testcase>
<testcase name="File Upload and Conflict Resolution › should handle mixed conflicts with different resolutions" classname="file-upload-and-conflicts.spec.ts" time="30.475">
<failure message="file-upload-and-conflicts.spec.ts:303:7 should handle mixed conflicts with different resolutions" type="FAILURE">
<![CDATA[  [chromium] › file-upload-and-conflicts.spec.ts:303:7 › File Upload and Conflict Resolution › should handle mixed conflicts with different resolutions 

    Test timeout of 30000ms exceeded.

    Error: locator.click: Test timeout of 30000ms exceeded.
    Call log:
      - waiting for getByRole('button', { name: /create project/i })
        - locator resolved to <button type="button" class="chakra-button css-112nfzy">…</button>
      - attempting click action
        2 × waiting for element to be visible, enabled and stable
          - element is visible, enabled and stable
          - scrolling into view if needed
          - done scrolling
          - <nextjs-portal></nextjs-portal> intercepts pointer events
        - retrying click action
        - waiting 20ms
        2 × waiting for element to be visible, enabled and stable
          - element is visible, enabled and stable
          - scrolling into view if needed
          - done scrolling
          - <nextjs-portal></nextjs-portal> intercepts pointer events
        - retrying click action
          - waiting 100ms
        57 × waiting for element to be visible, enabled and stable
           - element is visible, enabled and stable
           - scrolling into view if needed
           - done scrolling
           - <nextjs-portal></nextjs-portal> intercepts pointer events
         - retrying click action
           - waiting 500ms


      17 | const createProjectWithFiles = async (page: Page, projectName: string, initialFiles?: string[]) => {
      18 |   await page.goto('/')
    > 19 |   await page.getByRole('button', { name: /create project/i }).click()
         |                                                               ^
      20 |
      21 |   const modal = page.getByTestId('create-project-modal')
      22 |   await expect(modal).toBeVisible()
        at createProjectWithFiles (/Users/jparrill/Projects/.vibe-kanban-workspaces/ca5e-test-crea-test-e/3d-organizer/frontend/src/__tests__/e2e/file-upload-and-conflicts.spec.ts:19:63)
        at /Users/jparrill/Projects/.vibe-kanban-workspaces/ca5e-test-crea-test-e/3d-organizer/frontend/src/__tests__/e2e/file-upload-and-conflicts.spec.ts:311:5

    attachment #1: screenshot (image/png) ──────────────────────────────────────────────────────────
    ../../../test-results/file-upload-and-conflicts--084de--with-different-resolutions-chromium/test-failed-1.png
    ────────────────────────────────────────────────────────────────────────────────────────────────

    attachment #2: video (video/webm) ──────────────────────────────────────────────────────────────
    ../../../test-results/file-upload-and-conflicts--084de--with-different-resolutions-chromium/video.webm
    ────────────────────────────────────────────────────────────────────────────────────────────────

    Error Context: ../../../test-results/file-upload-and-conflicts--084de--with-different-resolutions-chromium/error-context.md
]]>
</failure>
<system-out>
<![CDATA[
[[ATTACHMENT|test-results/file-upload-and-conflicts--084de--with-different-resolutions-chromium/test-failed-1.png]]

[[ATTACHMENT|test-results/file-upload-and-conflicts--084de--with-different-resolutions-chromium/video.webm]]

[[ATTACHMENT|test-results/file-upload-and-conflicts--084de--with-different-resolutions-chromium/error-context.md]]
]]>
</system-out>
</testcase>
<testcase name="File Upload and Conflict Resolution › should handle upload cancellation" classname="file-upload-and-conflicts.spec.ts" time="30.518">
<failure message="file-upload-and-conflicts.spec.ts:388:7 should handle upload cancellation" type="FAILURE">
<![CDATA[  [chromium] › file-upload-and-conflicts.spec.ts:388:7 › File Upload and Conflict Resolution › should handle upload cancellation 

    Test timeout of 30000ms exceeded.

    Error: locator.click: Test timeout of 30000ms exceeded.
    Call log:
      - waiting for getByRole('button', { name: /create project/i })
        - locator resolved to <button type="button" class="chakra-button css-112nfzy">…</button>
      - attempting click action
        2 × waiting for element to be visible, enabled and stable
          - element is visible, enabled and stable
          - scrolling into view if needed
          - done scrolling
          - <nextjs-portal></nextjs-portal> intercepts pointer events
        - retrying click action
        - waiting 20ms
        2 × waiting for element to be visible, enabled and stable
          - element is visible, enabled and stable
          - scrolling into view if needed
          - done scrolling
          - <nextjs-portal></nextjs-portal> intercepts pointer events
        - retrying click action
          - waiting 100ms
        57 × waiting for element to be visible, enabled and stable
           - element is visible, enabled and stable
           - scrolling into view if needed
           - done scrolling
           - <nextjs-portal></nextjs-portal> intercepts pointer events
         - retrying click action
           - waiting 500ms


      17 | const createProjectWithFiles = async (page: Page, projectName: string, initialFiles?: string[]) => {
      18 |   await page.goto('/')
    > 19 |   await page.getByRole('button', { name: /create project/i }).click()
         |                                                               ^
      20 |
      21 |   const modal = page.getByTestId('create-project-modal')
      22 |   await expect(modal).toBeVisible()
        at createProjectWithFiles (/Users/jparrill/Projects/.vibe-kanban-workspaces/ca5e-test-crea-test-e/3d-organizer/frontend/src/__tests__/e2e/file-upload-and-conflicts.spec.ts:19:63)
        at /Users/jparrill/Projects/.vibe-kanban-workspaces/ca5e-test-crea-test-e/3d-organizer/frontend/src/__tests__/e2e/file-upload-and-conflicts.spec.ts:391:5

    attachment #1: screenshot (image/png) ──────────────────────────────────────────────────────────
    ../../../test-results/file-upload-and-conflicts--e7f61--handle-upload-cancellation-chromium/test-failed-1.png
    ────────────────────────────────────────────────────────────────────────────────────────────────

    attachment #2: video (video/webm) ──────────────────────────────────────────────────────────────
    ../../../test-results/file-upload-and-conflicts--e7f61--handle-upload-cancellation-chromium/video.webm
    ────────────────────────────────────────────────────────────────────────────────────────────────

    Error Context: ../../../test-results/file-upload-and-conflicts--e7f61--handle-upload-cancellation-chromium/error-context.md
]]>
</failure>
<system-out>
<![CDATA[
[[ATTACHMENT|test-results/file-upload-and-conflicts--e7f61--handle-upload-cancellation-chromium/test-failed-1.png]]

[[ATTACHMENT|test-results/file-upload-and-conflicts--e7f61--handle-upload-cancellation-chromium/video.webm]]

[[ATTACHMENT|test-results/file-upload-and-conflicts--e7f61--handle-upload-cancellation-chromium/error-context.md]]
]]>
</system-out>
</testcase>
<testcase name="File Upload and Conflict Resolution › should validate file types during upload" classname="file-upload-and-conflicts.spec.ts" time="30.514">
<failure message="file-upload-and-conflicts.spec.ts:419:7 should validate file types during upload" type="FAILURE">
<![CDATA[  [chromium] › file-upload-and-conflicts.spec.ts:419:7 › File Upload and Conflict Resolution › should validate file types during upload 

    Test timeout of 30000ms exceeded.

    Error: locator.click: Test timeout of 30000ms exceeded.
    Call log:
      - waiting for getByRole('button', { name: /create project/i })
        - locator resolved to <button type="button" class="chakra-button css-112nfzy">…</button>
      - attempting click action
        2 × waiting for element to be visible, enabled and stable
          - element is visible, enabled and stable
          - scrolling into view if needed
          - done scrolling
          - <nextjs-portal></nextjs-portal> intercepts pointer events
        - retrying click action
        - waiting 20ms
        2 × waiting for element to be visible, enabled and stable
          - element is visible, enabled and stable
          - scrolling into view if needed
          - done scrolling
          - <nextjs-portal></nextjs-portal> intercepts pointer events
        - retrying click action
          - waiting 100ms
        57 × waiting for element to be visible, enabled and stable
           - element is visible, enabled and stable
           - scrolling into view if needed
           - done scrolling
           - <nextjs-portal></nextjs-portal> intercepts pointer events
         - retrying click action
           - waiting 500ms


      17 | const createProjectWithFiles = async (page: Page, projectName: string, initialFiles?: string[]) => {
      18 |   await page.goto('/')
    > 19 |   await page.getByRole('button', { name: /create project/i }).click()
         |                                                               ^
      20 |
      21 |   const modal = page.getByTestId('create-project-modal')
      22 |   await expect(modal).toBeVisible()
        at createProjectWithFiles (/Users/jparrill/Projects/.vibe-kanban-workspaces/ca5e-test-crea-test-e/3d-organizer/frontend/src/__tests__/e2e/file-upload-and-conflicts.spec.ts:19:63)
        at /Users/jparrill/Projects/.vibe-kanban-workspaces/ca5e-test-crea-test-e/3d-organizer/frontend/src/__tests__/e2e/file-upload-and-conflicts.spec.ts:422:5

    attachment #1: screenshot (image/png) ──────────────────────────────────────────────────────────
    ../../../test-results/file-upload-and-conflicts--6da05-te-file-types-during-upload-chromium/test-failed-1.png
    ────────────────────────────────────────────────────────────────────────────────────────────────

    attachment #2: video (video/webm) ──────────────────────────────────────────────────────────────
    ../../../test-results/file-upload-and-conflicts--6da05-te-file-types-during-upload-chromium/video.webm
    ────────────────────────────────────────────────────────────────────────────────────────────────

    Error Context: ../../../test-results/file-upload-and-conflicts--6da05-te-file-types-during-upload-chromium/error-context.md
]]>
</failure>
<system-out>
<![CDATA[
[[ATTACHMENT|test-results/file-upload-and-conflicts--6da05-te-file-types-during-upload-chromium/test-failed-1.png]]

[[ATTACHMENT|test-results/file-upload-and-conflicts--6da05-te-file-types-during-upload-chromium/video.webm]]

[[ATTACHMENT|test-results/file-upload-and-conflicts--6da05-te-file-types-during-upload-chromium/error-context.md]]
]]>
</system-out>
</testcase>
</testsuite>
<testsuite name="homepage.spec.ts" timestamp="2026-02-12T18:12:55.457Z" hostname="chromium" tests="12" failures="6" skipped="0" time="62.692" errors="0">
<testcase name="3DShelf Homepage › should display the main header and navigation" classname="homepage.spec.ts" time="0.41">
</testcase>
<testcase name="3DShelf Homepage › should load and display project list" classname="homepage.spec.ts" time="6.013">
<failure message="homepage.spec.ts:20:7 should load and display project list" type="FAILURE">
<![CDATA[  [chromium] › homepage.spec.ts:20:7 › 3DShelf Homepage › should load and display project list ─────

    Error: expect(locator).toBeVisible() failed

    Locator: locator('[data-testid="project-grid"], .project-card, [role="main"]')
    Expected: visible
    Timeout: 5000ms
    Error: element(s) not found

    Call log:
      - Expect "toBeVisible" with timeout 5000ms
      - waiting for locator('[data-testid="project-grid"], .project-card, [role="main"]')


      23 |
      24 |     // Check if projects are displayed (assuming we have test data)
    > 25 |     await expect(page.locator('[data-testid="project-grid"], .project-card, [role="main"]')).toBeVisible()
         |                                                                                              ^
      26 |
      27 |     // We should see some content indicating projects are loaded
      28 |     // This could be project cards or a "no projects" message
        at /Users/jparrill/Projects/.vibe-kanban-workspaces/ca5e-test-crea-test-e/3d-organizer/frontend/src/__tests__/e2e/homepage.spec.ts:25:94

    attachment #1: screenshot (image/png) ──────────────────────────────────────────────────────────
    ../../../test-results/homepage-3DShelf-Homepage--e9cb1-ad-and-display-project-list-chromium/test-failed-1.png
    ────────────────────────────────────────────────────────────────────────────────────────────────

    attachment #2: video (video/webm) ──────────────────────────────────────────────────────────────
    ../../../test-results/homepage-3DShelf-Homepage--e9cb1-ad-and-display-project-list-chromium/video.webm
    ────────────────────────────────────────────────────────────────────────────────────────────────

    Error Context: ../../../test-results/homepage-3DShelf-Homepage--e9cb1-ad-and-display-project-list-chromium/error-context.md
]]>
</failure>
<system-out>
<![CDATA[
[[ATTACHMENT|test-results/homepage-3DShelf-Homepage--e9cb1-ad-and-display-project-list-chromium/test-failed-1.png]]

[[ATTACHMENT|test-results/homepage-3DShelf-Homepage--e9cb1-ad-and-display-project-list-chromium/video.webm]]

[[ATTACHMENT|test-results/homepage-3DShelf-Homepage--e9cb1-ad-and-display-project-list-chromium/error-context.md]]
]]>
</system-out>
</testcase>
<testcase name="3DShelf Homepage › should perform search functionality" classname="homepage.spec.ts" time="0.911">
</testcase>
<testcase name="3DShelf Homepage › should handle empty search" classname="homepage.spec.ts" time="0.819">
</testcase>
<testcase name="3DShelf Homepage › should navigate to project detail when clicking project" classname="homepage.spec.ts" time="6.001">
<failure message="homepage.spec.ts:71:7 should navigate to project detail when clicking project" type="FAILURE">
<![CDATA[  [chromium] › homepage.spec.ts:71:7 › 3DShelf Homepage › should navigate to project detail when clicking project 

    Error: expect(locator).toBeVisible() failed

    Locator: locator('text=/no projects|empty/i')
    Expected: visible
    Timeout: 5000ms
    Error: element(s) not found

    Call log:
      - Expect "toBeVisible" with timeout 5000ms
      - waiting for locator('text=/no projects|empty/i')


      90 |     } else {
      91 |       // If no projects exist, verify the empty state is shown properly
    > 92 |       await expect(page.locator('text=/no projects|empty/i')).toBeVisible()
         |                                                               ^
      93 |     }
      94 |   })
      95 |
        at /Users/jparrill/Projects/.vibe-kanban-workspaces/ca5e-test-crea-test-e/3d-organizer/frontend/src/__tests__/e2e/homepage.spec.ts:92:63

    attachment #1: screenshot (image/png) ──────────────────────────────────────────────────────────
    ../../../test-results/homepage-3DShelf-Homepage--90eda-etail-when-clicking-project-chromium/test-failed-1.png
    ────────────────────────────────────────────────────────────────────────────────────────────────

    attachment #2: video (video/webm) ──────────────────────────────────────────────────────────────
    ../../../test-results/homepage-3DShelf-Homepage--90eda-etail-when-clicking-project-chromium/video.webm
    ────────────────────────────────────────────────────────────────────────────────────────────────

    Error Context: ../../../test-results/homepage-3DShelf-Homepage--90eda-etail-when-clicking-project-chromium/error-context.md
]]>
</failure>
<system-out>
<![CDATA[
[[ATTACHMENT|test-results/homepage-3DShelf-Homepage--90eda-etail-when-clicking-project-chromium/test-failed-1.png]]

[[ATTACHMENT|test-results/homepage-3DShelf-Homepage--90eda-etail-when-clicking-project-chromium/video.webm]]

[[ATTACHMENT|test-results/homepage-3DShelf-Homepage--90eda-etail-when-clicking-project-chromium/error-context.md]]
]]>
</system-out>
</testcase>
<testcase name="3DShelf Homepage › should handle scan projects functionality" classname="homepage.spec.ts" time="30.58">
<failure message="homepage.spec.ts:96:7 should handle scan projects functionality" type="FAILURE">
<![CDATA[  [chromium] › homepage.spec.ts:96:7 › 3DShelf Homepage › should handle scan projects functionality 

    Test timeout of 30000ms exceeded.

    Error: locator.click: Test timeout of 30000ms exceeded.
    Call log:
      - waiting for getByRole('button', { name: /scan projects/i })
        - locator resolved to <button type="button" class="chakra-button css-7l1c99">…</button>
      - attempting click action
        2 × waiting for element to be visible, enabled and stable
          - element is visible, enabled and stable
          - scrolling into view if needed
          - done scrolling
          - <nextjs-portal></nextjs-portal> intercepts pointer events
        - retrying click action
        - waiting 20ms
        2 × waiting for element to be visible, enabled and stable
          - element is visible, enabled and stable
          - scrolling into view if needed
          - done scrolling
          - <nextjs-portal></nextjs-portal> intercepts pointer events
        - retrying click action
          - waiting 100ms
        57 × waiting for element to be visible, enabled and stable
           - element is visible, enabled and stable
           - scrolling into view if needed
           - done scrolling
           - <nextjs-portal></nextjs-portal> intercepts pointer events
         - retrying click action
           - waiting 500ms


      101 |
      102 |     // Click scan button
    > 103 |     await scanButton.click()
          |                      ^
      104 |
      105 |     // Check for loading state
      106 |     await expect(page.getByText(/scanning/i)).toBeVisible()
        at /Users/jparrill/Projects/.vibe-kanban-workspaces/ca5e-test-crea-test-e/3d-organizer/frontend/src/__tests__/e2e/homepage.spec.ts:103:22

    attachment #1: screenshot (image/png) ──────────────────────────────────────────────────────────
    ../../../test-results/homepage-3DShelf-Homepage--1a175-scan-projects-functionality-chromium/test-failed-1.png
    ────────────────────────────────────────────────────────────────────────────────────────────────

    attachment #2: video (video/webm) ──────────────────────────────────────────────────────────────
    ../../../test-results/homepage-3DShelf-Homepage--1a175-scan-projects-functionality-chromium/video.webm
    ────────────────────────────────────────────────────────────────────────────────────────────────

    Error Context: ../../../test-results/homepage-3DShelf-Homepage--1a175-scan-projects-functionality-chromium/error-context.md
]]>
</failure>
<system-out>
<![CDATA[
[[ATTACHMENT|test-results/homepage-3DShelf-Homepage--1a175-scan-projects-functionality-chromium/test-failed-1.png]]

[[ATTACHMENT|test-results/homepage-3DShelf-Homepage--1a175-scan-projects-functionality-chromium/video.webm]]

[[ATTACHMENT|test-results/homepage-3DShelf-Homepage--1a175-scan-projects-functionality-chromium/error-context.md]]
]]>
</system-out>
</testcase>
<testcase name="3DShelf Homepage › should be responsive on mobile viewport" classname="homepage.spec.ts" time="1.143">
</testcase>
<testcase name="3DShelf Homepage › should handle network errors gracefully" classname="homepage.spec.ts" time="2.595">
<failure message="homepage.spec.ts:137:7 should handle network errors gracefully" type="FAILURE">
<![CDATA[  [chromium] › homepage.spec.ts:137:7 › 3DShelf Homepage › should handle network errors gracefully ─

    Error: expect(locator).toBeVisible() failed

    Locator: locator('text=/error|failed|unable to load/i')
    Expected: visible
    Error: strict mode violation: locator('text=/error|failed|unable to load/i') resolved to 4 elements:
        1) <div data-status="error" class="chakra-alert__title css-tidvy5">Failed to load projects!</div> aka getByText('Failed to load projects!')
        2) <div data-status="error" class="chakra-alert__desc css-zzks76">Failed to load projects</div> aka getByText('Failed to load projects', { exact: true })
        3) <span id="nextjs__container_errors_label" class="nextjs__container_errors_label ">Runtime AxiosError</span> aka getByText('Runtime AxiosError')
        4) <div id="nextjs__container_errors_desc" class="nextjs__container_errors_desc ">Network Error</div> aka getByText('Network Error')

    Call log:
      - Expect "toBeVisible" with timeout 5000ms
      - waiting for locator('text=/error|failed|unable to load/i')


      146 |
      147 |     // Should show error state
    > 148 |     await expect(page.locator('text=/error|failed|unable to load/i')).toBeVisible()
          |                                                                       ^
      149 |   })
      150 |
      151 |   test('should display loading states appropriately', async ({ page }) => {
        at /Users/jparrill/Projects/.vibe-kanban-workspaces/ca5e-test-crea-test-e/3d-organizer/frontend/src/__tests__/e2e/homepage.spec.ts:148:71

    attachment #1: screenshot (image/png) ──────────────────────────────────────────────────────────
    ../../../test-results/homepage-3DShelf-Homepage--8c0ac-e-network-errors-gracefully-chromium/test-failed-1.png
    ────────────────────────────────────────────────────────────────────────────────────────────────

    attachment #2: video (video/webm) ──────────────────────────────────────────────────────────────
    ../../../test-results/homepage-3DShelf-Homepage--8c0ac-e-network-errors-gracefully-chromium/video.webm
    ────────────────────────────────────────────────────────────────────────────────────────────────

    Error Context: ../../../test-results/homepage-3DShelf-Homepage--8c0ac-e-network-errors-gracefully-chromium/error-context.md
]]>
</failure>
<system-out>
<![CDATA[
[[ATTACHMENT|test-results/homepage-3DShelf-Homepage--8c0ac-e-network-errors-gracefully-chromium/test-failed-1.png]]

[[ATTACHMENT|test-results/homepage-3DShelf-Homepage--8c0ac-e-network-errors-gracefully-chromium/video.webm]]

[[ATTACHMENT|test-results/homepage-3DShelf-Homepage--8c0ac-e-network-errors-gracefully-chromium/error-context.md]]
]]>
</system-out>
</testcase>
<testcase name="3DShelf Homepage › should display loading states appropriately" classname="homepage.spec.ts" time="0.68">
</testcase>
<testcase name="3DShelf Homepage › should maintain state during page interactions" classname="homepage.spec.ts" time="1.604">
</testcase>
<testcase name="3DShelf Homepage › should have proper accessibility features" classname="homepage.spec.ts" time="5.984">
<failure message="homepage.spec.ts:188:7 should have proper accessibility features" type="FAILURE">
<![CDATA[  [chromium] › homepage.spec.ts:188:7 › 3DShelf Homepage › should have proper accessibility features 

    Error: expect(locator).toHaveAttribute(expected) failed

    Locator:  getByPlaceholder('Search projects...')
    Expected: "text"
    Received: ""
    Timeout:  5000ms

    Call log:
      - Expect "toHaveAttribute" with timeout 5000ms
      - waiting for getByPlaceholder('Search projects...')
        9 × locator resolved to <input value="" placeholder="Search projects..." class="chakra-input css-1l3vxd8"/>
          - unexpected value "null"


      194 |     // Check that search input has proper accessibility
      195 |     const searchInput = page.getByPlaceholder('Search projects...')
    > 196 |     await expect(searchInput).toHaveAttribute('type', 'text')
          |                               ^
      197 |
      198 |     // Check that buttons are properly labeled
      199 |     const scanButton = page.getByRole('button', { name: /scan projects/i })
        at /Users/jparrill/Projects/.vibe-kanban-workspaces/ca5e-test-crea-test-e/3d-organizer/frontend/src/__tests__/e2e/homepage.spec.ts:196:31

    attachment #1: screenshot (image/png) ──────────────────────────────────────────────────────────
    ../../../test-results/homepage-3DShelf-Homepage--a67e3-oper-accessibility-features-chromium/test-failed-1.png
    ────────────────────────────────────────────────────────────────────────────────────────────────

    attachment #2: video (video/webm) ──────────────────────────────────────────────────────────────
    ../../../test-results/homepage-3DShelf-Homepage--a67e3-oper-accessibility-features-chromium/video.webm
    ────────────────────────────────────────────────────────────────────────────────────────────────

    Error Context: ../../../test-results/homepage-3DShelf-Homepage--a67e3-oper-accessibility-features-chromium/error-context.md
]]>
</failure>
<system-out>
<![CDATA[
[[ATTACHMENT|test-results/homepage-3DShelf-Homepage--a67e3-oper-accessibility-features-chromium/test-failed-1.png]]

[[ATTACHMENT|test-results/homepage-3DShelf-Homepage--a67e3-oper-accessibility-features-chromium/video.webm]]

[[ATTACHMENT|test-results/homepage-3DShelf-Homepage--a67e3-oper-accessibility-features-chromium/error-context.md]]
]]>
</system-out>
</testcase>
<testcase name="3DShelf Homepage › should handle keyboard navigation" classname="homepage.spec.ts" time="5.952">
<failure message="homepage.spec.ts:208:7 should handle keyboard navigation" type="FAILURE">
<![CDATA[  [chromium] › homepage.spec.ts:208:7 › 3DShelf Homepage › should handle keyboard navigation ───────

    Error: expect(locator).toBeFocused() failed

    Locator:  getByRole('button', { name: /scan projects/i })
    Expected: focused
    Received: inactive
    Timeout:  5000ms

    Call log:
      - Expect "toBeFocused" with timeout 5000ms
      - waiting for getByRole('button', { name: /scan projects/i })
        9 × locator resolved to <button type="button" class="chakra-button css-7l1c99">…</button>
          - unexpected value "inactive"


      218 |     // Should move to scan button
      219 |     const scanButton = page.getByRole('button', { name: /scan projects/i })
    > 220 |     await expect(scanButton).toBeFocused()
          |                              ^
      221 |
      222 |     // Test Enter key on buttons
      223 |     await page.keyboard.press('Enter')
        at /Users/jparrill/Projects/.vibe-kanban-workspaces/ca5e-test-crea-test-e/3d-organizer/frontend/src/__tests__/e2e/homepage.spec.ts:220:30

    attachment #1: screenshot (image/png) ──────────────────────────────────────────────────────────
    ../../../test-results/homepage-3DShelf-Homepage-should-handle-keyboard-navigation-chromium/test-failed-1.png
    ────────────────────────────────────────────────────────────────────────────────────────────────

    attachment #2: video (video/webm) ──────────────────────────────────────────────────────────────
    ../../../test-results/homepage-3DShelf-Homepage-should-handle-keyboard-navigation-chromium/video.webm
    ────────────────────────────────────────────────────────────────────────────────────────────────

    Error Context: ../../../test-results/homepage-3DShelf-Homepage-should-handle-keyboard-navigation-chromium/error-context.md
]]>
</failure>
<system-out>
<![CDATA[
[[ATTACHMENT|test-results/homepage-3DShelf-Homepage-should-handle-keyboard-navigation-chromium/test-failed-1.png]]

[[ATTACHMENT|test-results/homepage-3DShelf-Homepage-should-handle-keyboard-navigation-chromium/video.webm]]

[[ATTACHMENT|test-results/homepage-3DShelf-Homepage-should-handle-keyboard-navigation-chromium/error-context.md]]
]]>
</system-out>
</testcase>
</testsuite>
<testsuite name="project-creation.spec.ts" timestamp="2026-02-12T18:12:55.457Z" hostname="chromium" tests="6" failures="6" skipped="0" time="32.03" errors="0">
<testcase name="Project Creation › should create project without files successfully" classname="project-creation.spec.ts" time="5.366">
<failure message="project-creation.spec.ts:32:7 should create project without files successfully" type="FAILURE">
<![CDATA[  [chromium] › project-creation.spec.ts:32:7 › Project Creation › should create project without files successfully 

    Error: expect(locator).toBeVisible() failed

    Locator: getByTestId('header')
    Expected: visible
    Timeout: 5000ms
    Error: element(s) not found

    Call log:
      - Expect "toBeVisible" with timeout 5000ms
      - waiting for getByTestId('header')


      27 |   test.beforeEach(async ({ page }) => {
      28 |     await page.goto('/')
    > 29 |     await expect(page.getByTestId('header')).toBeVisible()
         |                                              ^
      30 |   })
      31 |
      32 |   test('should create project without files successfully', async ({ page }) => {
        at /Users/jparrill/Projects/.vibe-kanban-workspaces/ca5e-test-crea-test-e/3d-organizer/frontend/src/__tests__/e2e/project-creation.spec.ts:29:46

    attachment #1: screenshot (image/png) ──────────────────────────────────────────────────────────
    ../../../test-results/project-creation-Project-C-78a94--without-files-successfully-chromium/test-failed-1.png
    ────────────────────────────────────────────────────────────────────────────────────────────────

    attachment #2: video (video/webm) ──────────────────────────────────────────────────────────────
    ../../../test-results/project-creation-Project-C-78a94--without-files-successfully-chromium/video.webm
    ────────────────────────────────────────────────────────────────────────────────────────────────

    Error Context: ../../../test-results/project-creation-Project-C-78a94--without-files-successfully-chromium/error-context.md
]]>
</failure>
<system-out>
<![CDATA[
[[ATTACHMENT|test-results/project-creation-Project-C-78a94--without-files-successfully-chromium/test-failed-1.png]]

[[ATTACHMENT|test-results/project-creation-Project-C-78a94--without-files-successfully-chromium/video.webm]]

[[ATTACHMENT|test-results/project-creation-Project-C-78a94--without-files-successfully-chromium/error-context.md]]
]]>
</system-out>
</testcase>
<testcase name="Project Creation › should create project with files successfully" classname="project-creation.spec.ts" time="5.328">
<failure message="project-creation.spec.ts:69:7 should create project with files successfully" type="FAILURE">
<![CDATA[  [chromium] › project-creation.spec.ts:69:7 › Project Creation › should create project with files successfully 

    Error: expect(locator).toBeVisible() failed

    Locator: getByTestId('header')
    Expected: visible
    Timeout: 5000ms
    Error: element(s) not found

    Call log:
      - Expect "toBeVisible" with timeout 5000ms
      - waiting for getByTestId('header')


      27 |   test.beforeEach(async ({ page }) => {
      28 |     await page.goto('/')
    > 29 |     await expect(page.getByTestId('header')).toBeVisible()
         |                                              ^
      30 |   })
      31 |
      32 |   test('should create project without files successfully', async ({ page }) => {
        at /Users/jparrill/Projects/.vibe-kanban-workspaces/ca5e-test-crea-test-e/3d-organizer/frontend/src/__tests__/e2e/project-creation.spec.ts:29:46

    attachment #1: screenshot (image/png) ──────────────────────────────────────────────────────────
    ../../../test-results/project-creation-Project-C-401f3-ect-with-files-successfully-chromium/test-failed-1.png
    ────────────────────────────────────────────────────────────────────────────────────────────────

    attachment #2: video (video/webm) ──────────────────────────────────────────────────────────────
    ../../../test-results/project-creation-Project-C-401f3-ect-with-files-successfully-chromium/video.webm
    ────────────────────────────────────────────────────────────────────────────────────────────────

    Error Context: ../../../test-results/project-creation-Project-C-401f3-ect-with-files-successfully-chromium/error-context.md
]]>
</failure>
<system-out>
<![CDATA[
[[ATTACHMENT|test-results/project-creation-Project-C-401f3-ect-with-files-successfully-chromium/test-failed-1.png]]

[[ATTACHMENT|test-results/project-creation-Project-C-401f3-ect-with-files-successfully-chromium/video.webm]]

[[ATTACHMENT|test-results/project-creation-Project-C-401f3-ect-with-files-successfully-chromium/error-context.md]]
]]>
</system-out>
</testcase>
<testcase name="Project Creation › should validate required fields in project creation" classname="project-creation.spec.ts" time="5.322">
<failure message="project-creation.spec.ts:131:7 should validate required fields in project creation" type="FAILURE">
<![CDATA[  [chromium] › project-creation.spec.ts:131:7 › Project Creation › should validate required fields in project creation 

    Error: expect(locator).toBeVisible() failed

    Locator: getByTestId('header')
    Expected: visible
    Timeout: 5000ms
    Error: element(s) not found

    Call log:
      - Expect "toBeVisible" with timeout 5000ms
      - waiting for getByTestId('header')


      27 |   test.beforeEach(async ({ page }) => {
      28 |     await page.goto('/')
    > 29 |     await expect(page.getByTestId('header')).toBeVisible()
         |                                              ^
      30 |   })
      31 |
      32 |   test('should create project without files successfully', async ({ page }) => {
        at /Users/jparrill/Projects/.vibe-kanban-workspaces/ca5e-test-crea-test-e/3d-organizer/frontend/src/__tests__/e2e/project-creation.spec.ts:29:46

    attachment #1: screenshot (image/png) ──────────────────────────────────────────────────────────
    ../../../test-results/project-creation-Project-C-5878c--fields-in-project-creation-chromium/test-failed-1.png
    ────────────────────────────────────────────────────────────────────────────────────────────────

    attachment #2: video (video/webm) ──────────────────────────────────────────────────────────────
    ../../../test-results/project-creation-Project-C-5878c--fields-in-project-creation-chromium/video.webm
    ────────────────────────────────────────────────────────────────────────────────────────────────

    Error Context: ../../../test-results/project-creation-Project-C-5878c--fields-in-project-creation-chromium/error-context.md
]]>
</failure>
<system-out>
<![CDATA[
[[ATTACHMENT|test-results/project-creation-Project-C-5878c--fields-in-project-creation-chromium/test-failed-1.png]]

[[ATTACHMENT|test-results/project-creation-Project-C-5878c--fields-in-project-creation-chromium/video.webm]]

[[ATTACHMENT|test-results/project-creation-Project-C-5878c--fields-in-project-creation-chromium/error-context.md]]
]]>
</system-out>
</testcase>
<testcase name="Project Creation › should handle file selection and removal in project creation" classname="project-creation.spec.ts" time="5.318">
<failure message="project-creation.spec.ts:164:7 should handle file selection and removal in project creation" type="FAILURE">
<![CDATA[  [chromium] › project-creation.spec.ts:164:7 › Project Creation › should handle file selection and removal in project creation 

    Error: expect(locator).toBeVisible() failed

    Locator: getByTestId('header')
    Expected: visible
    Timeout: 5000ms
    Error: element(s) not found

    Call log:
      - Expect "toBeVisible" with timeout 5000ms
      - waiting for getByTestId('header')


      27 |   test.beforeEach(async ({ page }) => {
      28 |     await page.goto('/')
    > 29 |     await expect(page.getByTestId('header')).toBeVisible()
         |                                              ^
      30 |   })
      31 |
      32 |   test('should create project without files successfully', async ({ page }) => {
        at /Users/jparrill/Projects/.vibe-kanban-workspaces/ca5e-test-crea-test-e/3d-organizer/frontend/src/__tests__/e2e/project-creation.spec.ts:29:46

    attachment #1: screenshot (image/png) ──────────────────────────────────────────────────────────
    ../../../test-results/project-creation-Project-C-8f804-removal-in-project-creation-chromium/test-failed-1.png
    ────────────────────────────────────────────────────────────────────────────────────────────────

    attachment #2: video (video/webm) ──────────────────────────────────────────────────────────────
    ../../../test-results/project-creation-Project-C-8f804-removal-in-project-creation-chromium/video.webm
    ────────────────────────────────────────────────────────────────────────────────────────────────

    Error Context: ../../../test-results/project-creation-Project-C-8f804-removal-in-project-creation-chromium/error-context.md
]]>
</failure>
<system-out>
<![CDATA[
[[ATTACHMENT|test-results/project-creation-Project-C-8f804-removal-in-project-creation-chromium/test-failed-1.png]]

[[ATTACHMENT|test-results/project-creation-Project-C-8f804-removal-in-project-creation-chromium/video.webm]]

[[ATTACHMENT|test-results/project-creation-Project-C-8f804-removal-in-project-creation-chromium/error-context.md]]
]]>
</system-out>
</testcase>
<testcase name="Project Creation › should handle modal cancel functionality" classname="project-creation.spec.ts" time="5.329">
<failure message="project-creation.spec.ts:205:7 should handle modal cancel functionality" type="FAILURE">
<![CDATA[  [chromium] › project-creation.spec.ts:205:7 › Project Creation › should handle modal cancel functionality 

    Error: expect(locator).toBeVisible() failed

    Locator: getByTestId('header')
    Expected: visible
    Timeout: 5000ms
    Error: element(s) not found

    Call log:
      - Expect "toBeVisible" with timeout 5000ms
      - waiting for getByTestId('header')


      27 |   test.beforeEach(async ({ page }) => {
      28 |     await page.goto('/')
    > 29 |     await expect(page.getByTestId('header')).toBeVisible()
         |                                              ^
      30 |   })
      31 |
      32 |   test('should create project without files successfully', async ({ page }) => {
        at /Users/jparrill/Projects/.vibe-kanban-workspaces/ca5e-test-crea-test-e/3d-organizer/frontend/src/__tests__/e2e/project-creation.spec.ts:29:46

    attachment #1: screenshot (image/png) ──────────────────────────────────────────────────────────
    ../../../test-results/project-creation-Project-C-5d114--modal-cancel-functionality-chromium/test-failed-1.png
    ────────────────────────────────────────────────────────────────────────────────────────────────

    attachment #2: video (video/webm) ──────────────────────────────────────────────────────────────
    ../../../test-results/project-creation-Project-C-5d114--modal-cancel-functionality-chromium/video.webm
    ────────────────────────────────────────────────────────────────────────────────────────────────

    Error Context: ../../../test-results/project-creation-Project-C-5d114--modal-cancel-functionality-chromium/error-context.md
]]>
</failure>
<system-out>
<![CDATA[
[[ATTACHMENT|test-results/project-creation-Project-C-5d114--modal-cancel-functionality-chromium/test-failed-1.png]]

[[ATTACHMENT|test-results/project-creation-Project-C-5d114--modal-cancel-functionality-chromium/video.webm]]

[[ATTACHMENT|test-results/project-creation-Project-C-5d114--modal-cancel-functionality-chromium/error-context.md]]
]]>
</system-out>
</testcase>
<testcase name="Project Creation › should handle file upload errors gracefully" classname="project-creation.spec.ts" time="5.367">
<failure message="project-creation.spec.ts:226:7 should handle file upload errors gracefully" type="FAILURE">
<![CDATA[  [chromium] › project-creation.spec.ts:226:7 › Project Creation › should handle file upload errors gracefully 

    Error: expect(locator).toBeVisible() failed

    Locator: getByTestId('header')
    Expected: visible
    Timeout: 5000ms
    Error: element(s) not found

    Call log:
      - Expect "toBeVisible" with timeout 5000ms
      - waiting for getByTestId('header')


      27 |   test.beforeEach(async ({ page }) => {
      28 |     await page.goto('/')
    > 29 |     await expect(page.getByTestId('header')).toBeVisible()
         |                                              ^
      30 |   })
      31 |
      32 |   test('should create project without files successfully', async ({ page }) => {
        at /Users/jparrill/Projects/.vibe-kanban-workspaces/ca5e-test-crea-test-e/3d-organizer/frontend/src/__tests__/e2e/project-creation.spec.ts:29:46

    attachment #1: screenshot (image/png) ──────────────────────────────────────────────────────────
    ../../../test-results/project-creation-Project-C-986d6-le-upload-errors-gracefully-chromium/test-failed-1.png
    ────────────────────────────────────────────────────────────────────────────────────────────────

    attachment #2: video (video/webm) ──────────────────────────────────────────────────────────────
    ../../../test-results/project-creation-Project-C-986d6-le-upload-errors-gracefully-chromium/video.webm
    ────────────────────────────────────────────────────────────────────────────────────────────────

    Error Context: ../../../test-results/project-creation-Project-C-986d6-le-upload-errors-gracefully-chromium/error-context.md
]]>
</failure>
<system-out>
<![CDATA[
[[ATTACHMENT|test-results/project-creation-Project-C-986d6-le-upload-errors-gracefully-chromium/test-failed-1.png]]

[[ATTACHMENT|test-results/project-creation-Project-C-986d6-le-upload-errors-gracefully-chromium/video.webm]]

[[ATTACHMENT|test-results/project-creation-Project-C-986d6-le-upload-errors-gracefully-chromium/error-context.md]]
]]>
</system-out>
</testcase>
</testsuite>
<testsuite name="project-details.spec.ts" timestamp="2026-02-12T18:12:55.457Z" hostname="chromium" tests="12" failures="2" skipped="7" time="32.36" errors="0">
<testcase name="Project Details Page › should navigate to project details from homepage" classname="project-details.spec.ts" time="0.855">
<properties>
<property name="skip" value="No projects available for navigation test">
</property>
</properties>
<skipped>
</skipped>
</testcase>
<testcase name="Project Details Page › should display project information correctly" classname="project-details.spec.ts" time="6.486">
<properties>
<property name="skip" value="Project details page not accessible">
</property>
</properties>
<skipped>
</skipped>
</testcase>
<testcase name="Project Details Page › should display project files if available" classname="project-details.spec.ts" time="1.422">
<properties>
<property name="skip" value="Project files section not available">
</property>
</properties>
<skipped>
</skipped>
</testcase>
<testcase name="Project Details Page › should show project statistics" classname="project-details.spec.ts" time="1.385">
<properties>
<property name="skip" value="Project statistics not available">
</property>
</properties>
<skipped>
</skipped>
</testcase>
<testcase name="Project Details Page › should handle project README content" classname="project-details.spec.ts" time="1.415">
</testcase>
<testcase name="Project Details Page › should provide navigation back to homepage" classname="project-details.spec.ts" time="1.367">
</testcase>
<testcase name="Project Details Page › should handle non-existent project gracefully" classname="project-details.spec.ts" time="1.393">
<failure message="project-details.spec.ts:134:7 should handle non-existent project gracefully" type="FAILURE">
<![CDATA[  [chromium] › project-details.spec.ts:134:7 › Project Details Page › should handle non-existent project gracefully 

    Error: locator.isVisible: Error: strict mode violation: locator('text=/404|not found|project not found|error/i') resolved to 2 elements:
        1) <span id="nextjs__container_errors_label" class="nextjs__container_errors_label ">Runtime AxiosError</span> aka getByText('Runtime AxiosError')
        2) <div id="nextjs__container_errors_desc" class="nextjs__container_errors_desc ">Network Error</div> aka getByText('Network Error')

    Call log:
        - checking visibility of locator('text=/404|not found|project not found|error/i')


      138 |
      139 |     // Should show 404 or appropriate error message
    > 140 |     const has404 = await page.locator('text=/404|not found|project not found|error/i').isVisible()
          |                                                                                        ^
      141 |     expect(has404).toBeTruthy()
      142 |   })
      143 |
        at /Users/jparrill/Projects/.vibe-kanban-workspaces/ca5e-test-crea-test-e/3d-organizer/frontend/src/__tests__/e2e/project-details.spec.ts:140:88

    attachment #1: screenshot (image/png) ──────────────────────────────────────────────────────────
    ../../../test-results/project-details-Project-De-cb6cf-existent-project-gracefully-chromium/test-failed-1.png
    ────────────────────────────────────────────────────────────────────────────────────────────────

    attachment #2: video (video/webm) ──────────────────────────────────────────────────────────────
    ../../../test-results/project-details-Project-De-cb6cf-existent-project-gracefully-chromium/video.webm
    ────────────────────────────────────────────────────────────────────────────────────────────────

    Error Context: ../../../test-results/project-details-Project-De-cb6cf-existent-project-gracefully-chromium/error-context.md
]]>
</failure>
<system-out>
<![CDATA[
[[ATTACHMENT|test-results/project-details-Project-De-cb6cf-existent-project-gracefully-chromium/test-failed-1.png]]

[[ATTACHMENT|test-results/project-details-Project-De-cb6cf-existent-project-gracefully-chromium/video.webm]]

[[ATTACHMENT|test-results/project-details-Project-De-cb6cf-existent-project-gracefully-chromium/error-context.md]]
]]>
</system-out>
</testcase>
<testcase name="Project Details Page › should be responsive on mobile devices" classname="project-details.spec.ts" time="6.412">
<properties>
<property name="skip" value="Mobile responsiveness test not possible">
</property>
</properties>
<skipped>
</skipped>
</testcase>
<testcase name="Project Details Page › should handle loading states appropriately" classname="project-details.spec.ts" time="0.869">
<properties>
<property name="skip" value="Loading states test not applicable">
</property>
</properties>
<skipped>
</skipped>
</testcase>
<testcase name="Project Details Page › should handle API errors gracefully" classname="project-details.spec.ts" time="2.905">
<failure message="project-details.spec.ts:188:7 should handle API errors gracefully" type="FAILURE">
<![CDATA[  [chromium] › project-details.spec.ts:188:7 › Project Details Page › should handle API errors gracefully 

    Error: expect(locator).toBeVisible() failed

    Locator: locator('text=/error|failed|unable to load|not found/i')
    Expected: visible
    Error: strict mode violation: locator('text=/error|failed|unable to load|not found/i') resolved to 4 elements:
        1) <div data-status="error" class="chakra-alert__title css-tidvy5">Failed to load project!</div> aka getByText('Failed to load project!')
        2) <div data-status="error" class="chakra-alert__desc css-zzks76">Failed to load project details</div> aka getByText('Failed to load project details')
        3) <span id="nextjs__container_errors_label" class="nextjs__container_errors_label ">Runtime AxiosError</span> aka getByText('Runtime AxiosError')
        4) <div id="nextjs__container_errors_desc" class="nextjs__container_errors_desc ">Network Error</div> aka getByText('Network Error')

    Call log:
      - Expect "toBeVisible" with timeout 5000ms
      - waiting for locator('text=/error|failed|unable to load|not found/i')


      194 |
      195 |     // Should show error state
    > 196 |     await expect(page.locator('text=/error|failed|unable to load|not found/i')).toBeVisible()
          |                                                                                 ^
      197 |   })
      198 |
      199 |   test('should display file type icons and information', async ({ page }) => {
        at /Users/jparrill/Projects/.vibe-kanban-workspaces/ca5e-test-crea-test-e/3d-organizer/frontend/src/__tests__/e2e/project-details.spec.ts:196:81

    attachment #1: screenshot (image/png) ──────────────────────────────────────────────────────────
    ../../../test-results/project-details-Project-De-efe0c-andle-API-errors-gracefully-chromium/test-failed-1.png
    ────────────────────────────────────────────────────────────────────────────────────────────────

    attachment #2: video (video/webm) ──────────────────────────────────────────────────────────────
    ../../../test-results/project-details-Project-De-efe0c-andle-API-errors-gracefully-chromium/video.webm
    ────────────────────────────────────────────────────────────────────────────────────────────────

    Error Context: ../../../test-results/project-details-Project-De-efe0c-andle-API-errors-gracefully-chromium/error-context.md
]]>
</failure>
<system-out>
<![CDATA[
[[ATTACHMENT|test-results/project-details-Project-De-efe0c-andle-API-errors-gracefully-chromium/test-failed-1.png]]

[[ATTACHMENT|test-results/project-details-Project-De-efe0c-andle-API-errors-gracefully-chromium/video.webm]]

[[ATTACHMENT|test-results/project-details-Project-De-efe0c-andle-API-errors-gracefully-chromium/error-context.md]]
]]>
</system-out>
</testcase>
<testcase name="Project Details Page › should display file type icons and information" classname="project-details.spec.ts" time="1.389">
</testcase>
<testcase name="Project Details Page › should have proper accessibility features" classname="project-details.spec.ts" time="6.462">
<properties>
<property name="skip" value="Accessibility test not applicable">
</property>
</properties>
<skipped>
</skipped>
</testcase>
</testsuite>
<testsuite name="comprehensive-workflow.spec.ts" timestamp="2026-02-12T18:12:55.457Z" hostname="firefox" tests="4" failures="4" skipped="0" time="23.483" errors="0">
<testcase name="Comprehensive 3D Organizer Workflows › Complete workflow: Project creation → File upload → Conflict resolution (All paths)" classname="comprehensive-workflow.spec.ts" time="5.835">
<failure message="comprehensive-workflow.spec.ts:33:7 Complete workflow: Project creation → File upload → Conflict resolution (All paths)" type="FAILURE">
<![CDATA[  [firefox] › comprehensive-workflow.spec.ts:33:7 › Comprehensive 3D Organizer Workflows › Complete workflow: Project creation → File upload → Conflict resolution (All paths) 

    Error: expect(locator).toBeVisible() failed

    Locator: getByTestId('header')
    Expected: visible
    Timeout: 5000ms
    Error: element(s) not found

    Call log:
      - Expect "toBeVisible" with timeout 5000ms
      - waiting for getByTestId('header')


      24 |
      25 |     // Wait for the application to load
    > 26 |     await expect(page.getByTestId('header')).toBeVisible()
         |                                              ^
      27 |   })
      28 |
      29 |   test.afterEach(() => {
        at /Users/jparrill/Projects/.vibe-kanban-workspaces/ca5e-test-crea-test-e/3d-organizer/frontend/src/__tests__/e2e/comprehensive-workflow.spec.ts:26:46

    attachment #1: screenshot (image/png) ──────────────────────────────────────────────────────────
    ../../../test-results/comprehensive-workflow-Com-245d4-flict-resolution-All-paths--firefox/test-failed-1.png
    ────────────────────────────────────────────────────────────────────────────────────────────────

    attachment #2: video (video/webm) ──────────────────────────────────────────────────────────────
    ../../../test-results/comprehensive-workflow-Com-245d4-flict-resolution-All-paths--firefox/video.webm
    ────────────────────────────────────────────────────────────────────────────────────────────────

    Error Context: ../../../test-results/comprehensive-workflow-Com-245d4-flict-resolution-All-paths--firefox/error-context.md
]]>
</failure>
<system-out>
<![CDATA[
[[ATTACHMENT|test-results/comprehensive-workflow-Com-245d4-flict-resolution-All-paths--firefox/test-failed-1.png]]

[[ATTACHMENT|test-results/comprehensive-workflow-Com-245d4-flict-resolution-All-paths--firefox/video.webm]]

[[ATTACHMENT|test-results/comprehensive-workflow-Com-245d4-flict-resolution-All-paths--firefox/error-context.md]]
]]>
</system-out>
</testcase>
<testcase name="Comprehensive 3D Organizer Workflows › Error handling and edge cases" classname="comprehensive-workflow.spec.ts" time="5.936">
<failure message="comprehensive-workflow.spec.ts:230:7 Error handling and edge cases" type="FAILURE">
<![CDATA[  [firefox] › comprehensive-workflow.spec.ts:230:7 › Comprehensive 3D Organizer Workflows › Error handling and edge cases 

    Error: expect(locator).toBeVisible() failed

    Locator: getByTestId('header')
    Expected: visible
    Timeout: 5000ms
    Error: element(s) not found

    Call log:
      - Expect "toBeVisible" with timeout 5000ms
      - waiting for getByTestId('header')


      24 |
      25 |     // Wait for the application to load
    > 26 |     await expect(page.getByTestId('header')).toBeVisible()
         |                                              ^
      27 |   })
      28 |
      29 |   test.afterEach(() => {
        at /Users/jparrill/Projects/.vibe-kanban-workspaces/ca5e-test-crea-test-e/3d-organizer/frontend/src/__tests__/e2e/comprehensive-workflow.spec.ts:26:46

    attachment #1: screenshot (image/png) ──────────────────────────────────────────────────────────
    ../../../test-results/comprehensive-workflow-Com-e03b0-ror-handling-and-edge-cases-firefox/test-failed-1.png
    ────────────────────────────────────────────────────────────────────────────────────────────────

    attachment #2: video (video/webm) ──────────────────────────────────────────────────────────────
    ../../../test-results/comprehensive-workflow-Com-e03b0-ror-handling-and-edge-cases-firefox/video.webm
    ────────────────────────────────────────────────────────────────────────────────────────────────

    Error Context: ../../../test-results/comprehensive-workflow-Com-e03b0-ror-handling-and-edge-cases-firefox/error-context.md
]]>
</failure>
<system-out>
<![CDATA[
[[ATTACHMENT|test-results/comprehensive-workflow-Com-e03b0-ror-handling-and-edge-cases-firefox/test-failed-1.png]]

[[ATTACHMENT|test-results/comprehensive-workflow-Com-e03b0-ror-handling-and-edge-cases-firefox/video.webm]]

[[ATTACHMENT|test-results/comprehensive-workflow-Com-e03b0-ror-handling-and-edge-cases-firefox/error-context.md]]
]]>
</system-out>
</testcase>
<testcase name="Comprehensive 3D Organizer Workflows › Accessibility and usability testing" classname="comprehensive-workflow.spec.ts" time="5.908">
<failure message="comprehensive-workflow.spec.ts:316:7 Accessibility and usability testing" type="FAILURE">
<![CDATA[  [firefox] › comprehensive-workflow.spec.ts:316:7 › Comprehensive 3D Organizer Workflows › Accessibility and usability testing 

    Error: expect(locator).toBeVisible() failed

    Locator: getByTestId('header')
    Expected: visible
    Timeout: 5000ms
    Error: element(s) not found

    Call log:
      - Expect "toBeVisible" with timeout 5000ms
      - waiting for getByTestId('header')


      24 |
      25 |     // Wait for the application to load
    > 26 |     await expect(page.getByTestId('header')).toBeVisible()
         |                                              ^
      27 |   })
      28 |
      29 |   test.afterEach(() => {
[...]
]]>
</system-out>
</testcase>
<testcase name="Project Creation › should create project with files successfully" classname="project-creation.spec.ts" time="5.603">
<failure message="project-creation.spec.ts:69:7 should create project with files successfully" type="FAILURE">
<![CDATA[  [Mobile Safari] › project-creation.spec.ts:69:7 › Project Creation › should create project with files successfully 

    Error: expect(locator).toBeVisible() failed

    Locator: getByTestId('header')
    Expected: visible
    Timeout: 5000ms
    Error: element(s) not found

    Call log:
      - Expect "toBeVisible" with timeout 5000ms
      - waiting for getByTestId('header')


      27 |   test.beforeEach(async ({ page }) => {
      28 |     await page.goto('/')
    > 29 |     await expect(page.getByTestId('header')).toBeVisible()
         |                                              ^
      30 |   })
      31 |
      32 |   test('should create project without files successfully', async ({ page }) => {
        at /Users/jparrill/Projects/.vibe-kanban-workspaces/ca5e-test-crea-test-e/3d-organizer/frontend/src/__tests__/e2e/project-creation.spec.ts:29:46

    attachment #1: screenshot (image/png) ──────────────────────────────────────────────────────────
    ../../../test-results/project-creation-Project-C-401f3-ect-with-files-successfully-Mobile-Safari/test-failed-1.png
    ────────────────────────────────────────────────────────────────────────────────────────────────

    attachment #2: video (video/webm) ──────────────────────────────────────────────────────────────
    ../../../test-results/project-creation-Project-C-401f3-ect-with-files-successfully-Mobile-Safari/video.webm
    ────────────────────────────────────────────────────────────────────────────────────────────────

    Error Context: ../../../test-results/project-creation-Project-C-401f3-ect-with-files-successfully-Mobile-Safari/error-context.md
]]>
</failure>
<system-out>
<![CDATA[
[[ATTACHMENT|test-results/project-creation-Project-C-401f3-ect-with-files-successfully-Mobile-Safari/test-failed-1.png]]

[[ATTACHMENT|test-results/project-creation-Project-C-401f3-ect-with-files-successfully-Mobile-Safari/video.webm]]

[[ATTACHMENT|test-results/project-creation-Project-C-401f3-ect-with-files-successfully-Mobile-Safari/error-context.md]]
]]>
</system-out>
</testcase>
<testcase name="Project Creation › should validate required fields in project creation" classname="project-creation.spec.ts" time="5.546">
<failure message="project-creation.spec.ts:131:7 should validate required fields in project creation" type="FAILURE">
<![CDATA[  [Mobile Safari] › project-creation.spec.ts:131:7 › Project Creation › should validate required fields in project creation 

    Error: expect(locator).toBeVisible() failed

    Locator: getByTestId('header')
    Expected: visible
    Timeout: 5000ms
    Error: element(s) not found

    Call log:
      - Expect "toBeVisible" with timeout 5000ms
      - waiting for getByTestId('header')


      27 |   test.beforeEach(async ({ page }) => {
      28 |     await page.goto('/')
    > 29 |     await expect(page.getByTestId('header')).toBeVisible()
         |                                              ^
      30 |   })
      31 |
      32 |   test('should create project without files successfully', async ({ page }) => {
        at /Users/jparrill/Projects/.vibe-kanban-workspaces/ca5e-test-crea-test-e/3d-organizer/frontend/src/__tests__/e2e/project-creation.spec.ts:29:46

    attachment #1: screenshot (image/png) ──────────────────────────────────────────────────────────
    ../../../test-results/project-creation-Project-C-5878c--fields-in-project-creation-Mobile-Safari/test-failed-1.png
    ────────────────────────────────────────────────────────────────────────────────────────────────

    attachment #2: video (video/webm) ──────────────────────────────────────────────────────────────
    ../../../test-results/project-creation-Project-C-5878c--fields-in-project-creation-Mobile-Safari/video.webm
    ────────────────────────────────────────────────────────────────────────────────────────────────

    Error Context: ../../../test-results/project-creation-Project-C-5878c--fields-in-project-creation-Mobile-Safari/error-context.md
]]>
</failure>
<system-out>
<![CDATA[
[[ATTACHMENT|test-results/project-creation-Project-C-5878c--fields-in-project-creation-Mobile-Safari/test-failed-1.png]]

[[ATTACHMENT|test-results/project-creation-Project-C-5878c--fields-in-project-creation-Mobile-Safari/video.webm]]

[[ATTACHMENT|test-results/project-creation-Project-C-5878c--fields-in-project-creation-Mobile-Safari/error-context.md]]
]]>
</system-out>
</testcase>
<testcase name="Project Creation › should handle file selection and removal in project creation" classname="project-creation.spec.ts" time="5.552">
<failure message="project-creation.spec.ts:164:7 should handle file selection and removal in project creation" type="FAILURE">
<![CDATA[  [Mobile Safari] › project-creation.spec.ts:164:7 › Project Creation › should handle file selection and removal in project creation 

    Error: expect(locator).toBeVisible() failed

    Locator: getByTestId('header')
    Expected: visible
    Timeout: 5000ms
    Error: element(s) not found

    Call log:
      - Expect "toBeVisible" with timeout 5000ms
      - waiting for getByTestId('header')


      27 |   test.beforeEach(async ({ page }) => {
      28 |     await page.goto('/')
    > 29 |     await expect(page.getByTestId('header')).toBeVisible()
         |                                              ^
      30 |   })
      31 |
      32 |   test('should create project without files successfully', async ({ page }) => {
        at /Users/jparrill/Projects/.vibe-kanban-workspaces/ca5e-test-crea-test-e/3d-organizer/frontend/src/__tests__/e2e/project-creation.spec.ts:29:46

    attachment #1: screenshot (image/png) ──────────────────────────────────────────────────────────
    ../../../test-results/project-creation-Project-C-8f804-removal-in-project-creation-Mobile-Safari/test-failed-1.png
    ────────────────────────────────────────────────────────────────────────────────────────────────

    attachment #2: video (video/webm) ──────────────────────────────────────────────────────────────
    ../../../test-results/project-creation-Project-C-8f804-removal-in-project-creation-Mobile-Safari/video.webm
    ────────────────────────────────────────────────────────────────────────────────────────────────

    Error Context: ../../../test-results/project-creation-Project-C-8f804-removal-in-project-creation-Mobile-Safari/error-context.md
]]>
</failure>
<system-out>
<![CDATA[
[[ATTACHMENT|test-results/project-creation-Project-C-8f804-removal-in-project-creation-Mobile-Safari/test-failed-1.png]]

[[ATTACHMENT|test-results/project-creation-Project-C-8f804-removal-in-project-creation-Mobile-Safari/video.webm]]

[[ATTACHMENT|test-results/project-creation-Project-C-8f804-removal-in-project-creation-Mobile-Safari/error-context.md]]
]]>
</system-out>
</testcase>
<testcase name="Project Creation › should handle modal cancel functionality" classname="project-creation.spec.ts" time="5.617">
<failure message="project-creation.spec.ts:205:7 should handle modal cancel functionality" type="FAILURE">
<![CDATA[  [Mobile Safari] › project-creation.spec.ts:205:7 › Project Creation › should handle modal cancel functionality 

    Error: expect(locator).toBeVisible() failed

    Locator: getByTestId('header')
    Expected: visible
    Timeout: 5000ms
    Error: element(s) not found

    Call log:
      - Expect "toBeVisible" with timeout 5000ms
      - waiting for getByTestId('header')


      27 |   test.beforeEach(async ({ page }) => {
      28 |     await page.goto('/')
    > 29 |     await expect(page.getByTestId('header')).toBeVisible()
         |                                              ^
      30 |   })
      31 |
      32 |   test('should create project without files successfully', async ({ page }) => {
        at /Users/jparrill/Projects/.vibe-kanban-workspaces/ca5e-test-crea-test-e/3d-organizer/frontend/src/__tests__/e2e/project-creation.spec.ts:29:46

    attachment #1: screenshot (image/png) ──────────────────────────────────────────────────────────
    ../../../test-results/project-creation-Project-C-5d114--modal-cancel-functionality-Mobile-Safari/test-failed-1.png
    ────────────────────────────────────────────────────────────────────────────────────────────────

    attachment #2: video (video/webm) ──────────────────────────────────────────────────────────────
    ../../../test-results/project-creation-Project-C-5d114--modal-cancel-functionality-Mobile-Safari/video.webm
    ────────────────────────────────────────────────────────────────────────────────────────────────

    Error Context: ../../../test-results/project-creation-Project-C-5d114--modal-cancel-functionality-Mobile-Safari/error-context.md
]]>
</failure>
<system-out>
<![CDATA[
[[ATTACHMENT|test-results/project-creation-Project-C-5d114--modal-cancel-functionality-Mobile-Safari/test-failed-1.png]]

[[ATTACHMENT|test-results/project-creation-Project-C-5d114--modal-cancel-functionality-Mobile-Safari/video.webm]]

[[ATTACHMENT|test-results/project-creation-Project-C-5d114--modal-cancel-functionality-Mobile-Safari/error-context.md]]
]]>
</system-out>
</testcase>
<testcase name="Project Creation › should handle file upload errors gracefully" classname="project-creation.spec.ts" time="5.624">
<failure message="project-creation.spec.ts:226:7 should handle file upload errors gracefully" type="FAILURE">
<![CDATA[  [Mobile Safari] › project-creation.spec.ts:226:7 › Project Creation › should handle file upload errors gracefully 

    Error: expect(locator).toBeVisible() failed

    Locator: getByTestId('header')
    Expected: visible
    Timeout: 5000ms
    Error: element(s) not found

    Call log:
      - Expect "toBeVisible" with timeout 5000ms
      - waiting for getByTestId('header')


      27 |   test.beforeEach(async ({ page }) => {
      28 |     await page.goto('/')
    > 29 |     await expect(page.getByTestId('header')).toBeVisible()
         |                                              ^
      30 |   })
      31 |
      32 |   test('should create project without files successfully', async ({ page }) => {
        at /Users/jparrill/Projects/.vibe-kanban-workspaces/ca5e-test-crea-test-e/3d-organizer/frontend/src/__tests__/e2e/project-creation.spec.ts:29:46

    attachment #1: screenshot (image/png) ──────────────────────────────────────────────────────────
    ../../../test-results/project-creation-Project-C-986d6-le-upload-errors-gracefully-Mobile-Safari/test-failed-1.png
    ────────────────────────────────────────────────────────────────────────────────────────────────

    attachment #2: video (video/webm) ──────────────────────────────────────────────────────────────
    ../../../test-results/project-creation-Project-C-986d6-le-upload-errors-gracefully-Mobile-Safari/video.webm
    ────────────────────────────────────────────────────────────────────────────────────────────────

    Error Context: ../../../test-results/project-creation-Project-C-986d6-le-upload-errors-gracefully-Mobile-Safari/error-context.md
]]>
</failure>
<system-out>
<![CDATA[
[[ATTACHMENT|test-results/project-creation-Project-C-986d6-le-upload-errors-gracefully-Mobile-Safari/test-failed-1.png]]

[[ATTACHMENT|test-results/project-creation-Project-C-986d6-le-upload-errors-gracefully-Mobile-Safari/video.webm]]

[[ATTACHMENT|test-results/project-creation-Project-C-986d6-le-upload-errors-gracefully-Mobile-Safari/error-context.md]]
]]>
</system-out>
</testcase>
</testsuite>
<testsuite name="project-details.spec.ts" timestamp="2026-02-12T18:12:55.457Z" hostname="Mobile Safari" tests="12" failures="2" skipped="7" time="36.322" errors="0">
<testcase name="Project Details Page › should navigate to project details from homepage" classname="project-details.spec.ts" time="1.145">
<properties>
<property name="skip" value="No projects available for navigation test">
</property>
</properties>
<skipped>
</skipped>
</testcase>
<testcase name="Project Details Page › should display project information correctly" classname="project-details.spec.ts" time="6.863">
<properties>
<property name="skip" value="Project details page not accessible">
</property>
</properties>
<skipped>
</skipped>
</testcase>
<testcase name="Project Details Page › should display project files if available" classname="project-details.spec.ts" time="1.613">
<properties>
<property name="skip" value="Project files section not available">
</property>
</properties>
<skipped>
</skipped>
</testcase>
<testcase name="Project Details Page › should show project statistics" classname="project-details.spec.ts" time="1.785">
<properties>
<property name="skip" value="Project statistics not available">
</property>
</properties>
<skipped>
</skipped>
</testcase>
<testcase name="Project Details Page › should handle project README content" classname="project-details.spec.ts" time="1.74">
</testcase>
<testcase name="Project Details Page › should provide navigation back to homepage" classname="project-details.spec.ts" time="1.606">
</testcase>
<testcase name="Project Details Page › should handle non-existent project gracefully" classname="project-details.spec.ts" time="1.644">
<failure message="project-details.spec.ts:134:7 should handle non-existent project gracefully" type="FAILURE">
<![CDATA[  [Mobile Safari] › project-details.spec.ts:134:7 › Project Details Page › should handle non-existent project gracefully 

    Error: locator.isVisible: Error: strict mode violation: locator('text=/404|not found|project not found|error/i') resolved to 2 elements:
        1) <span id="nextjs__container_errors_label" class="nextjs__container_errors_label ">Runtime AxiosError</span> aka getByText('Runtime AxiosError')
        2) <div id="nextjs__container_errors_desc" class="nextjs__container_errors_desc ">Network Error</div> aka getByText('Network Error')

    Call log:
        - checking visibility of locator('text=/404|not found|project not found|error/i')


      138 |
      139 |     // Should show 404 or appropriate error message
    > 140 |     const has404 = await page.locator('text=/404|not found|project not found|error/i').isVisible()
          |                                                                                        ^
      141 |     expect(has404).toBeTruthy()
      142 |   })
      143 |
        at /Users/jparrill/Projects/.vibe-kanban-workspaces/ca5e-test-crea-test-e/3d-organizer/frontend/src/__tests__/e2e/project-details.spec.ts:140:88

    attachment #1: screenshot (image/png) ──────────────────────────────────────────────────────────
    ../../../test-results/project-details-Project-De-cb6cf-existent-project-gracefully-Mobile-Safari/test-failed-1.png
    ────────────────────────────────────────────────────────────────────────────────────────────────

    attachment #2: video (video/webm) ──────────────────────────────────────────────────────────────
    ../../../test-results/project-details-Project-De-cb6cf-existent-project-gracefully-Mobile-Safari/video.webm
    ────────────────────────────────────────────────────────────────────────────────────────────────

    Error Context: ../../../test-results/project-details-Project-De-cb6cf-existent-project-gracefully-Mobile-Safari/error-context.md
]]>
</failure>
<system-out>
<![CDATA[
[[ATTACHMENT|test-results/project-details-Project-De-cb6cf-existent-project-gracefully-Mobile-Safari/test-failed-1.png]]

[[ATTACHMENT|test-results/project-details-Project-De-cb6cf-existent-project-gracefully-Mobile-Safari/video.webm]]

[[ATTACHMENT|test-results/project-details-Project-De-cb6cf-existent-project-gracefully-Mobile-Safari/error-context.md]]
]]>
</system-out>
</testcase>
<testcase name="Project Details Page › should be responsive on mobile devices" classname="project-details.spec.ts" time="6.735">
<properties>
<property name="skip" value="Mobile responsiveness test not possible">
</property>
</properties>
<skipped>
</skipped>
</testcase>
<testcase name="Project Details Page › should handle loading states appropriately" classname="project-details.spec.ts" time="1.137">
<properties>
<property name="skip" value="Loading states test not applicable">
</property>
</properties>
<skipped>
</skipped>
</testcase>
<testcase name="Project Details Page › should handle API errors gracefully" classname="project-details.spec.ts" time="3.353">
<failure message="project-details.spec.ts:188:7 should handle API errors gracefully" type="FAILURE">
<![CDATA[  [Mobile Safari] › project-details.spec.ts:188:7 › Project Details Page › should handle API errors gracefully 

    Error: expect(locator).toBeVisible() failed

    Locator: locator('text=/error|failed|unable to load|not found/i')
    Expected: visible
    Error: strict mode violation: locator('text=/error|failed|unable to load|not found/i') resolved to 4 elements:
        1) <div data-status="error" class="chakra-alert__title css-tidvy5">Failed to load project!</div> aka getByText('Failed to load project!')
        2) <div data-status="error" class="chakra-alert__desc css-zzks76">Failed to load project details</div> aka getByText('Failed to load project details')
        3) <span id="nextjs__container_errors_label" class="nextjs__container_errors_label ">Runtime AxiosError</span> aka getByText('Runtime AxiosError')
        4) <div id="nextjs__container_errors_desc" class="nextjs__container_errors_desc ">Network Error</div> aka getByText('Network Error')

    Call log:
      - Expect "toBeVisible" with timeout 5000ms
      - waiting for locator('text=/error|failed|unable to load|not found/i')


      194 |
      195 |     // Should show error state
    > 196 |     await expect(page.locator('text=/error|failed|unable to load|not found/i')).toBeVisible()
          |                                                                                 ^
      197 |   })
      198 |
      199 |   test('should display file type icons and information', async ({ page }) => {
        at /Users/jparrill/Projects/.vibe-kanban-workspaces/ca5e-test-crea-test-e/3d-organizer/frontend/src/__tests__/e2e/project-details.spec.ts:196:81

    attachment #1: screenshot (image/png) ──────────────────────────────────────────────────────────
    ../../../test-results/project-details-Project-De-efe0c-andle-API-errors-gracefully-Mobile-Safari/test-failed-1.png
    ────────────────────────────────────────────────────────────────────────────────────────────────

    attachment #2: video (video/webm) ──────────────────────────────────────────────────────────────
    ../../../test-results/project-details-Project-De-efe0c-andle-API-errors-gracefully-Mobile-Safari/video.webm
    ────────────────────────────────────────────────────────────────────────────────────────────────

    Error Context: ../../../test-results/project-details-Project-De-efe0c-andle-API-errors-gracefully-Mobile-Safari/error-context.md
]]>
</failure>
<system-out>
<![CDATA[
[[ATTACHMENT|test-results/project-details-Project-De-efe0c-andle-API-errors-gracefully-Mobile-Safari/test-failed-1.png]]

[[ATTACHMENT|test-results/project-details-Project-De-efe0c-andle-API-errors-gracefully-Mobile-Safari/video.webm]]

[[ATTACHMENT|test-results/project-details-Project-De-efe0c-andle-API-errors-gracefully-Mobile-Safari/error-context.md]]
]]>
</system-out>
</testcase>
<testcase name="Project Details Page › should display file type icons and information" classname="project-details.spec.ts" time="1.87">
</testcase>
<testcase name="Project Details Page › should have proper accessibility features" classname="project-details.spec.ts" time="6.831">
<properties>
<property name="skip" value="Accessibility test not applicable">
</property>
</properties>
<skipped>
</skipped>
</testcase>
</testsuite>
</testsuites>