<testsuites id="" name="" tests="43" failures="10" skipped="33" errors="0" time="80.037465">
<testsuite name="comprehensive-workflow.spec.ts" timestamp="2026-02-12T21:11:19.789Z" hostname="chromium" tests="4" failures="4" skipped="0" time="153.929" errors="0">
<testcase name="Comprehensive 3D Organizer Workflows › Complete workflow: Project creation → File upload → Conflict resolution (All paths)" classname="comprehensive-workflow.spec.ts" time="35.911">
<failure message="comprehensive-workflow.spec.ts:33:7 Complete workflow: Project creation → File upload → Conflict resolution (All paths)" type="FAILURE">
<![CDATA[  [chromium] › comprehensive-workflow.spec.ts:33:7 › Comprehensive 3D Organizer Workflows › Complete workflow: Project creation → File upload → Conflict resolution (All paths) 

    Test timeout of 30000ms exceeded while running "beforeEach" hook.

      19 |   let fileManager: TestFileManager
      20 |
    > 21 |   test.beforeEach(async ({ page }) => {
         |        ^
      22 |     fileManager = new TestFileManager('comprehensive-tests')
      23 |     await page.goto('/')
      24 |
        at /Users/jparrill/Projects/.vibe-kanban-workspaces/ca5e-test-crea-test-e/3d-organizer/frontend/src/__tests__/e2e/comprehensive-workflow.spec.ts:21:8

    Error: page.goto: Test timeout of 30000ms exceeded.
    Call log:
      - navigating to "http://127.0.0.1:3000/", waiting until "load"


      21 |   test.beforeEach(async ({ page }) => {
      22 |     fileManager = new TestFileManager('comprehensive-tests')
    > 23 |     await page.goto('/')
         |                ^
      24 |
      25 |     // Wait for the application to load
      26 |     await expect(page.getByText('3DShelf')).toBeVisible()
        at /Users/jparrill/Projects/.vibe-kanban-workspaces/ca5e-test-crea-test-e/3d-organizer/frontend/src/__tests__/e2e/comprehensive-workflow.spec.ts:23:16

    attachment #1: video (video/webm) ──────────────────────────────────────────────────────────────
    ../../../test-results/comprehensive-workflow-Com-245d4-flict-resolution-All-paths--chromium/video.webm
    ────────────────────────────────────────────────────────────────────────────────────────────────
]]>
</failure>
<system-out>
<![CDATA[
[[ATTACHMENT|test-results/comprehensive-workflow-Com-245d4-flict-resolution-All-paths--chromium/video.webm]]
]]>
</system-out>
</testcase>
<testcase name="Comprehensive 3D Organizer Workflows › Error handling and edge cases" classname="comprehensive-workflow.spec.ts" time="41.049">
<failure message="comprehensive-workflow.spec.ts:229:7 Error handling and edge cases" type="FAILURE">
<![CDATA[  [chromium] › comprehensive-workflow.spec.ts:229:7 › Comprehensive 3D Organizer Workflows › Error handling and edge cases 

    Test timeout of 30000ms exceeded while running "beforeEach" hook.

      19 |   let fileManager: TestFileManager
      20 |
    > 21 |   test.beforeEach(async ({ page }) => {
         |        ^
      22 |     fileManager = new TestFileManager('comprehensive-tests')
      23 |     await page.goto('/')
      24 |
        at /Users/jparrill/Projects/.vibe-kanban-workspaces/ca5e-test-crea-test-e/3d-organizer/frontend/src/__tests__/e2e/comprehensive-workflow.spec.ts:21:8

    Error: page.goto: net::ERR_ABORTED; maybe frame was detached?
    Call log:
      - navigating to "http://127.0.0.1:3000/", waiting until "load"


      21 |   test.beforeEach(async ({ page }) => {
      22 |     fileManager = new TestFileManager('comprehensive-tests')
    > 23 |     await page.goto('/')
         |                ^
      24 |
      25 |     // Wait for the application to load
      26 |     await expect(page.getByText('3DShelf')).toBeVisible()
        at /Users/jparrill/Projects/.vibe-kanban-workspaces/ca5e-test-crea-test-e/3d-organizer/frontend/src/__tests__/e2e/comprehensive-workflow.spec.ts:23:16

    attachment #1: video (video/webm) ──────────────────────────────────────────────────────────────
    ../../../test-results/comprehensive-workflow-Com-e03b0-ror-handling-and-edge-cases-chromium/video.webm
    ────────────────────────────────────────────────────────────────────────────────────────────────
]]>
</failure>
<system-out>
<![CDATA[
[[ATTACHMENT|test-results/comprehensive-workflow-Com-e03b0-ror-handling-and-edge-cases-chromium/video.webm]]
]]>
</system-out>
</testcase>
<testcase name="Comprehensive 3D Organizer Workflows › Accessibility and usability testing" classname="comprehensive-workflow.spec.ts" time="35.917">
<failure message="comprehensive-workflow.spec.ts:321:7 Accessibility and usability testing" type="FAILURE">
<![CDATA[  [chromium] › comprehensive-workflow.spec.ts:321:7 › Comprehensive 3D Organizer Workflows › Accessibility and usability testing 

    Test timeout of 30000ms exceeded while running "beforeEach" hook.

      19 |   let fileManager: TestFileManager
      20 |
    > 21 |   test.beforeEach(async ({ page }) => {
         |        ^
      22 |     fileManager = new TestFileManager('comprehensive-tests')
      23 |     await page.goto('/')
      24 |
        at /Users/jparrill/Projects/.vibe-kanban-workspaces/ca5e-test-crea-test-e/3d-organizer/frontend/src/__tests__/e2e/comprehensive-workflow.spec.ts:21:8

    Error: page.goto: Test timeout of 30000ms exceeded.
    Call log:
      - navigating to "http://127.0.0.1:3000/", waiting until "load"


      21 |   test.beforeEach(async ({ page }) => {
      22 |     fileManager = new TestFileManager('comprehensive-tests')
    > 23 |     await page.goto('/')
         |                ^
      24 |
      25 |     // Wait for the application to load
      26 |     await expect(page.getByText('3DShelf')).toBeVisible()
        at /Users/jparrill/Projects/.vibe-kanban-workspaces/ca5e-test-crea-test-e/3d-organizer/frontend/src/__tests__/e2e/comprehensive-workflow.spec.ts:23:16

    attachment #1: video (video/webm) ──────────────────────────────────────────────────────────────
    ../../../test-results/comprehensive-workflow-Com-806f8-ility-and-usability-testing-chromium/video.webm
    ────────────────────────────────────────────────────────────────────────────────────────────────
]]>
</failure>
<system-out>
<![CDATA[
[[ATTACHMENT|test-results/comprehensive-workflow-Com-806f8-ility-and-usability-testing-chromium/video.webm]]
]]>
</system-out>
</testcase>
<testcase name="Comprehensive 3D Organizer Workflows › Performance and loading states" classname="comprehensive-workflow.spec.ts" time="41.052">
<failure message="comprehensive-workflow.spec.ts:394:7 Performance and loading states" type="FAILURE">
<![CDATA[  [chromium] › comprehensive-workflow.spec.ts:394:7 › Comprehensive 3D Organizer Workflows › Performance and loading states 

    Test timeout of 30000ms exceeded while running "beforeEach" hook.

      19 |   let fileManager: TestFileManager
      20 |
    > 21 |   test.beforeEach(async ({ page }) => {
         |        ^
      22 |     fileManager = new TestFileManager('comprehensive-tests')
      23 |     await page.goto('/')
      24 |
        at /Users/jparrill/Projects/.vibe-kanban-workspaces/ca5e-test-crea-test-e/3d-organizer/frontend/src/__tests__/e2e/comprehensive-workflow.spec.ts:21:8

    Error: page.goto: net::ERR_ABORTED; maybe frame was detached?
    Call log:
      - navigating to "http://127.0.0.1:3000/", waiting until "load"


      21 |   test.beforeEach(async ({ page }) => {
      22 |     fileManager = new TestFileManager('comprehensive-tests')
    > 23 |     await page.goto('/')
         |                ^
      24 |
      25 |     // Wait for the application to load
      26 |     await expect(page.getByText('3DShelf')).toBeVisible()
        at /Users/jparrill/Projects/.vibe-kanban-workspaces/ca5e-test-crea-test-e/3d-organizer/frontend/src/__tests__/e2e/comprehensive-workflow.spec.ts:23:16

    attachment #1: video (video/webm) ──────────────────────────────────────────────────────────────
    ../../../test-results/comprehensive-workflow-Com-d2ff1-formance-and-loading-states-chromium/video.webm
    ────────────────────────────────────────────────────────────────────────────────────────────────
]]>
</failure>
<system-out>
<![CDATA[
[[ATTACHMENT|test-results/comprehensive-workflow-Com-d2ff1-formance-and-loading-states-chromium/video.webm]]
]]>
</system-out>
</testcase>
</testsuite>
<testsuite name="file-upload-and-conflicts.spec.ts" timestamp="2026-02-12T21:11:19.789Z" hostname="chromium" tests="7" failures="6" skipped="1" time="237.513" errors="0">
<testcase name="File Upload and Conflict Resolution › should upload new files to existing project successfully" classname="file-upload-and-conflicts.spec.ts" time="35.911">
<failure message="file-upload-and-conflicts.spec.ts:55:7 should upload new files to existing project successfully" type="FAILURE">
<![CDATA[  [chromium] › file-upload-and-conflicts.spec.ts:55:7 › File Upload and Conflict Resolution › should upload new files to existing project successfully 

    Test timeout of 30000ms exceeded while running "beforeEach" hook.

      48 |
      49 | test.describe('File Upload and Conflict Resolution', () => {
    > 50 |   test.beforeEach(async ({ page }) => {
         |        ^
      51 |     // Ensure we're starting fresh
      52 |     await page.goto('/')
      53 |   })
        at /Users/jparrill/Projects/.vibe-kanban-workspaces/ca5e-test-crea-test-e/3d-organizer/frontend/src/__tests__/e2e/file-upload-and-conflicts.spec.ts:50:8

    Error: page.goto: Test timeout of 30000ms exceeded.
    Call log:
      - navigating to "http://127.0.0.1:3000/", waiting until "load"


      50 |   test.beforeEach(async ({ page }) => {
      51 |     // Ensure we're starting fresh
    > 52 |     await page.goto('/')
         |                ^
      53 |   })
      54 |
      55 |   test('should upload new files to existing project successfully', async ({ page }) => {
        at /Users/jparrill/Projects/.vibe-kanban-workspaces/ca5e-test-crea-test-e/3d-organizer/frontend/src/__tests__/e2e/file-upload-and-conflicts.spec.ts:52:16

    attachment #1: video (video/webm) ──────────────────────────────────────────────────────────────
    ../../../test-results/file-upload-and-conflicts--780b5-isting-project-successfully-chromium/video.webm
    ────────────────────────────────────────────────────────────────────────────────────────────────
]]>
</failure>
<system-out>
<![CDATA[
[[ATTACHMENT|test-results/file-upload-and-conflicts--780b5-isting-project-successfully-chromium/video.webm]]
]]>
</system-out>
</testcase>
<testcase name="File Upload and Conflict Resolution › should handle file conflicts with skip resolution" classname="file-upload-and-conflicts.spec.ts" time="41.044">
<failure message="file-upload-and-conflicts.spec.ts:103:7 should handle file conflicts with skip resolution" type="FAILURE">
<![CDATA[  [chromium] › file-upload-and-conflicts.spec.ts:103:7 › File Upload and Conflict Resolution › should handle file conflicts with skip resolution 

    Test timeout of 30000ms exceeded while running "beforeEach" hook.

      48 |
      49 | test.describe('File Upload and Conflict Resolution', () => {
    > 50 |   test.beforeEach(async ({ page }) => {
         |        ^
      51 |     // Ensure we're starting fresh
      52 |     await page.goto('/')
      53 |   })
        at /Users/jparrill/Projects/.vibe-kanban-workspaces/ca5e-test-crea-test-e/3d-organizer/frontend/src/__tests__/e2e/file-upload-and-conflicts.spec.ts:50:8

    Error: page.goto: net::ERR_ABORTED; maybe frame was detached?
    Call log:
      - navigating to "http://127.0.0.1:3000/", waiting until "load"


      50 |   test.beforeEach(async ({ page }) => {
      51 |     // Ensure we're starting fresh
    > 52 |     await page.goto('/')
         |                ^
      53 |   })
      54 |
      55 |   test('should upload new files to existing project successfully', async ({ page }) => {
        at /Users/jparrill/Projects/.vibe-kanban-workspaces/ca5e-test-crea-test-e/3d-organizer/frontend/src/__tests__/e2e/file-upload-and-conflicts.spec.ts:52:16

    attachment #1: video (video/webm) ──────────────────────────────────────────────────────────────
    ../../../test-results/file-upload-and-conflicts--5ecdf-flicts-with-skip-resolution-chromium/video.webm
    ────────────────────────────────────────────────────────────────────────────────────────────────
]]>
</failure>
<system-out>
<![CDATA[
[[ATTACHMENT|test-results/file-upload-and-conflicts--5ecdf-flicts-with-skip-resolution-chromium/video.webm]]
]]>
</system-out>
</testcase>
<testcase name="File Upload and Conflict Resolution › should handle file conflicts with overwrite resolution" classname="file-upload-and-conflicts.spec.ts" time="41.052">
<failure message="file-upload-and-conflicts.spec.ts:159:7 should handle file conflicts with overwrite resolution" type="FAILURE">
<![CDATA[  [chromium] › file-upload-and-conflicts.spec.ts:159:7 › File Upload and Conflict Resolution › should handle file conflicts with overwrite resolution 

    Test timeout of 30000ms exceeded while running "beforeEach" hook.

      48 |
      49 | test.describe('File Upload and Conflict Resolution', () => {
    > 50 |   test.beforeEach(async ({ page }) => {
         |        ^
      51 |     // Ensure we're starting fresh
      52 |     await page.goto('/')
      53 |   })
        at /Users/jparrill/Projects/.vibe-kanban-workspaces/ca5e-test-crea-test-e/3d-organizer/frontend/src/__tests__/e2e/file-upload-and-conflicts.spec.ts:50:8

    Error: page.goto: net::ERR_ABORTED; maybe frame was detached?
    Call log:
      - navigating to "http://127.0.0.1:3000/", waiting until "load"


      50 |   test.beforeEach(async ({ page }) => {
      51 |     // Ensure we're starting fresh
    > 52 |     await page.goto('/')
         |                ^
      53 |   })
      54 |
      55 |   test('should upload new files to existing project successfully', async ({ page }) => {
        at /Users/jparrill/Projects/.vibe-kanban-workspaces/ca5e-test-crea-test-e/3d-organizer/frontend/src/__tests__/e2e/file-upload-and-conflicts.spec.ts:52:16

    attachment #1: video (video/webm) ──────────────────────────────────────────────────────────────
    ../../../test-results/file-upload-and-conflicts--ede38-s-with-overwrite-resolution-chromium/video.webm
    ────────────────────────────────────────────────────────────────────────────────────────────────
]]>
</failure>
<system-out>
<![CDATA[
[[ATTACHMENT|test-results/file-upload-and-conflicts--ede38-s-with-overwrite-resolution-chromium/video.webm]]
]]>
</system-out>
</testcase>
<testcase name="File Upload and Conflict Resolution › should handle file conflicts with rename (upload + timestamp) resolution" classname="file-upload-and-conflicts.spec.ts" time="39.836">
<failure message="file-upload-and-conflicts.spec.ts:219:7 should handle file conflicts with rename (upload + timestamp) resolution" type="FAILURE">
<![CDATA[  [chromium] › file-upload-and-conflicts.spec.ts:219:7 › File Upload and Conflict Resolution › should handle file conflicts with rename (upload + timestamp) resolution 

    Test timeout of 30000ms exceeded while running "beforeEach" hook.

      48 |
      49 | test.describe('File Upload and Conflict Resolution', () => {
    > 50 |   test.beforeEach(async ({ page }) => {
         |        ^
      51 |     // Ensure we're starting fresh
      52 |     await page.goto('/')
      53 |   })
        at /Users/jparrill/Projects/.vibe-kanban-workspaces/ca5e-test-crea-test-e/3d-organizer/frontend/src/__tests__/e2e/file-upload-and-conflicts.spec.ts:50:8

    Error: page.goto: net::ERR_ABORTED; maybe frame was detached?
    Call log:
      - navigating to "http://127.0.0.1:3000/", waiting until "load"


      50 |   test.beforeEach(async ({ page }) => {
      51 |     // Ensure we're starting fresh
    > 52 |     await page.goto('/')
         |                ^
      53 |   })
      54 |
      55 |   test('should upload new files to existing project successfully', async ({ page }) => {
        at /Users/jparrill/Projects/.vibe-kanban-workspaces/ca5e-test-crea-test-e/3d-organizer/frontend/src/__tests__/e2e/file-upload-and-conflicts.spec.ts:52:16
]]>
</failure>
</testcase>
<testcase name="File Upload and Conflict Resolution › should handle mixed conflicts with different resolutions" classname="file-upload-and-conflicts.spec.ts" time="39.835">
<failure message="file-upload-and-conflicts.spec.ts:285:7 should handle mixed conflicts with different resolutions" type="FAILURE">
<![CDATA[  [chromium] › file-upload-and-conflicts.spec.ts:285:7 › File Upload and Conflict Resolution › should handle mixed conflicts with different resolutions 

    Test timeout of 30000ms exceeded while running "beforeEach" hook.

      48 |
      49 | test.describe('File Upload and Conflict Resolution', () => {
    > 50 |   test.beforeEach(async ({ page }) => {
         |        ^
      51 |     // Ensure we're starting fresh
      52 |     await page.goto('/')
      53 |   })
        at /Users/jparrill/Projects/.vibe-kanban-workspaces/ca5e-test-crea-test-e/3d-organizer/frontend/src/__tests__/e2e/file-upload-and-conflicts.spec.ts:50:8

    Error: page.goto: net::ERR_ABORTED; maybe frame was detached?
    Call log:
      - navigating to "http://127.0.0.1:3000/", waiting until "load"


      50 |   test.beforeEach(async ({ page }) => {
      51 |     // Ensure we're starting fresh
    > 52 |     await page.goto('/')
         |                ^
      53 |   })
      54 |
      55 |   test('should upload new files to existing project successfully', async ({ page }) => {
        at /Users/jparrill/Projects/.vibe-kanban-workspaces/ca5e-test-crea-test-e/3d-organizer/frontend/src/__tests__/e2e/file-upload-and-conflicts.spec.ts:52:16
]]>
</failure>
</testcase>
<testcase name="File Upload and Conflict Resolution › should handle upload cancellation" classname="file-upload-and-conflicts.spec.ts" time="39.835">
<failure message="file-upload-and-conflicts.spec.ts:376:7 should handle upload cancellation" type="FAILURE">
<![CDATA[  [chromium] › file-upload-and-conflicts.spec.ts:376:7 › File Upload and Conflict Resolution › should handle upload cancellation 

    Test timeout of 30000ms exceeded while running "beforeEach" hook.

      48 |
      49 | test.describe('File Upload and Conflict Resolution', () => {
    > 50 |   test.beforeEach(async ({ page }) => {
         |        ^
      51 |     // Ensure we're starting fresh
      52 |     await page.goto('/')
      53 |   })
        at /Users/jparrill/Projects/.vibe-kanban-workspaces/ca5e-test-crea-test-e/3d-organizer/frontend/src/__tests__/e2e/file-upload-and-conflicts.spec.ts:50:8

    Error: page.goto: net::ERR_ABORTED; maybe frame was detached?
    Call log:
      - navigating to "http://127.0.0.1:3000/", waiting until "load"


      50 |   test.beforeEach(async ({ page }) => {
      51 |     // Ensure we're starting fresh
    > 52 |     await page.goto('/')
         |                ^
      53 |   })
      54 |
      55 |   test('should upload new files to existing project successfully', async ({ page }) => {
        at /Users/jparrill/Projects/.vibe-kanban-workspaces/ca5e-test-crea-test-e/3d-organizer/frontend/src/__tests__/e2e/file-upload-and-conflicts.spec.ts:52:16
]]>
</failure>
</testcase>
<testcase name="File Upload and Conflict Resolution › should validate file types during upload" classname="file-upload-and-conflicts.spec.ts" time="0">
<skipped>
</skipped>
</testcase>
</testsuite>
<testsuite name="homepage.spec.ts" timestamp="2026-02-12T21:11:19.789Z" hostname="chromium" tests="12" failures="0" skipped="12" time="0" errors="0">
<testcase name="3DShelf Homepage › should display the main header and navigation" classname="homepage.spec.ts" time="0">
<skipped>
</skipped>
</testcase>
<testcase name="3DShelf Homepage › should load and display project list" classname="homepage.spec.ts" time="0">
<skipped>
</skipped>
</testcase>
<testcase name="3DShelf Homepage › should perform search functionality" classname="homepage.spec.ts" time="0">
<skipped>
</skipped>
</testcase>
<testcase name="3DShelf Homepage › should handle empty search" classname="homepage.spec.ts" time="0">
<skipped>
</skipped>
</testcase>
<testcase name="3DShelf Homepage › should navigate to project detail when clicking project" classname="homepage.spec.ts" time="0">
<skipped>
</skipped>
</testcase>
<testcase name="3DShelf Homepage › should handle scan projects functionality" classname="homepage.spec.ts" time="0">
<skipped>
</skipped>
</testcase>
<testcase name="3DShelf Homepage › should be responsive on mobile viewport" classname="homepage.spec.ts" time="0">
<skipped>
</skipped>
</testcase>
<testcase name="3DShelf Homepage › should handle network errors gracefully" classname="homepage.spec.ts" time="0">
<skipped>
</skipped>
</testcase>
<testcase name="3DShelf Homepage › should display loading states appropriately" classname="homepage.spec.ts" time="0">
<skipped>
</skipped>
</testcase>
<testcase name="3DShelf Homepage › should maintain state during page interactions" classname="homepage.spec.ts" time="0">
<skipped>
</skipped>
</testcase>
<testcase name="3DShelf Homepage › should have proper accessibility features" classname="homepage.spec.ts" time="0">
<skipped>
</skipped>
</testcase>
<testcase name="3DShelf Homepage › should handle keyboard navigation" classname="homepage.spec.ts" time="0">
<skipped>
</skipped>
</testcase>
</testsuite>
<testsuite name="project-creation.spec.ts" timestamp="2026-02-12T21:11:19.789Z" hostname="chromium" tests="6" failures="0" skipped="6" time="0" errors="0">
<testcase name="Project Creation › should create project without files successfully" classname="project-creation.spec.ts" time="0">
<skipped>
</skipped>
</testcase>
<testcase name="Project Creation › should create project with files successfully" classname="project-creation.spec.ts" time="0">
<skipped>
</skipped>
</testcase>
<testcase name="Project Creation › should validate required fields in project creation" classname="project-creation.spec.ts" time="0">
<skipped>
</skipped>
</testcase>
<testcase name="Project Creation › should handle file selection and removal in project creation" classname="project-creation.spec.ts" time="0">
<skipped>
</skipped>
</testcase>
<testcase name="Project Creation › should handle modal cancel functionality" classname="project-creation.spec.ts" time="0">
<skipped>
</skipped>
</testcase>
<testcase name="Project Creation › should handle file upload errors gracefully" classname="project-creation.spec.ts" time="0">
<skipped>
</skipped>
</testcase>
</testsuite>
<testsuite name="project-details.spec.ts" timestamp="2026-02-12T21:11:19.789Z" hostname="chromium" tests="12" failures="0" skipped="12" time="0" errors="0">
<testcase name="Project Details Page › should navigate to project details from homepage" classname="project-details.spec.ts" time="0">
<skipped>
</skipped>
</testcase>
<testcase name="Project Details Page › should display project information correctly" classname="project-details.spec.ts" time="0">
<skipped>
</skipped>
</testcase>
<testcase name="Project Details Page › should display project files if available" classname="project-details.spec.ts" time="0">
<skipped>
</skipped>
</testcase>
<testcase name="Project Details Page › should show project statistics" classname="project-details.spec.ts" time="0">
<skipped>
</skipped>
</testcase>
<testcase name="Project Details Page › should handle project README content" classname="project-details.spec.ts" time="0">
<skipped>
</skipped>
</testcase>
<testcase name="Project Details Page › should provide navigation back to homepage" classname="project-details.spec.ts" time="0">
<skipped>
</skipped>
</testcase>
<testcase name="Project Details Page › should handle non-existent project gracefully" classname="project-details.spec.ts" time="0">
<skipped>
</skipped>
</testcase>
<testcase name="Project Details Page › should be responsive on mobile devices" classname="project-details.spec.ts" time="0">
<skipped>
</skipped>
</testcase>
<testcase name="Project Details Page › should handle loading states appropriately" classname="project-details.spec.ts" time="0">
<skipped>
</skipped>
</testcase>
<testcase name="Project Details Page › should handle API errors gracefully" classname="project-details.spec.ts" time="0">
<skipped>
</skipped>
</testcase>
<testcase name="Project Details Page › should display file type icons and information" classname="project-details.spec.ts" time="0">
<skipped>
</skipped>
</testcase>
<testcase name="Project Details Page › should have proper accessibility features" classname="project-details.spec.ts" time="0">
<skipped>
</skipped>
</testcase>
</testsuite>
<testsuite name="simple-test.spec.ts" timestamp="2026-02-12T21:11:19.789Z" hostname="chromium" tests="2" failures="0" skipped="2" time="0" errors="0">
<testcase name="Simple E2E Tests › should create project without files" classname="simple-test.spec.ts" time="0">
<skipped>
</skipped>
</testcase>
<testcase name="Simple E2E Tests › should navigate to homepage" classname="simple-test.spec.ts" time="0">
<skipped>
</skipped>
</testcase>
</testsuite>
</testsuites>