<testsuites id="" name="" tests="43" failures="35" skipped="8" errors="0" time="6.824324">
<testsuite name="comprehensive-workflow.spec.ts" timestamp="2026-02-13T20:07:24.914Z" hostname="chromium" tests="4" failures="2" skipped="2" time="0.391" errors="0">
<testcase name="Comprehensive 3D Organizer Workflows › Complete workflow: Project creation → File upload → Conflict resolution (All paths)" classname="comprehensive-workflow.spec.ts" time="0">
<properties>
<property name="skip" value="">
</property>
</properties>
<skipped>
</skipped>
</testcase>
<testcase name="Comprehensive 3D Organizer Workflows › Error handling and edge cases" classname="comprehensive-workflow.spec.ts" time="0.193">
<failure message="comprehensive-workflow.spec.ts:250:7 Error handling and edge cases" type="FAILURE">
<![CDATA[  [chromium] › comprehensive-workflow.spec.ts:250:7 › Comprehensive 3D Organizer Workflows › Error handling and edge cases 

    Error: page.goto: net::ERR_CONNECTION_REFUSED at http://127.0.0.1:3000/
    Call log:
      - navigating to "http://127.0.0.1:3000/", waiting until "load"


      21 |   test.beforeEach(async ({ page }) => {
      22 |     fileManager = new TestFileManager('comprehensive-tests')
    > 23 |     await page.goto('/')
         |                ^
      24 |
      25 |     // Wait for the application to load
      26 |     await expect(page.getByText('3DShelf')).toBeVisible()
        at /Users/jparrill/Projects/.vibe-kanban-workspaces/ca5e-test-crea-test-e/3d-organizer/frontend/src/__tests__/e2e/comprehensive-workflow.spec.ts:23:16

    attachment #1: screenshot (image/png) ──────────────────────────────────────────────────────────
    ../../../test-results/comprehensive-workflow-Com-e03b0-ror-handling-and-edge-cases-chromium/test-failed-1.png
    ────────────────────────────────────────────────────────────────────────────────────────────────

    attachment #2: video (video/webm) ──────────────────────────────────────────────────────────────
    ../../../test-results/comprehensive-workflow-Com-e03b0-ror-handling-and-edge-cases-chromium/video.webm
    ────────────────────────────────────────────────────────────────────────────────────────────────
]]>
</failure>
<system-out>
<![CDATA[
[[ATTACHMENT|test-results/comprehensive-workflow-Com-e03b0-ror-handling-and-edge-cases-chromium/test-failed-1.png]]

[[ATTACHMENT|test-results/comprehensive-workflow-Com-e03b0-ror-handling-and-edge-cases-chromium/video.webm]]
]]>
</system-out>
</testcase>
<testcase name="Comprehensive 3D Organizer Workflows › Accessibility and usability testing" classname="comprehensive-workflow.spec.ts" time="0.198">
<failure message="comprehensive-workflow.spec.ts:342:7 Accessibility and usability testing" type="FAILURE">
<![CDATA[  [chromium] › comprehensive-workflow.spec.ts:342:7 › Comprehensive 3D Organizer Workflows › Accessibility and usability testing 

    Error: page.goto: net::ERR_CONNECTION_REFUSED at http://127.0.0.1:3000/
    Call log:
      - navigating to "http://127.0.0.1:3000/", waiting until "load"


      21 |   test.beforeEach(async ({ page }) => {
      22 |     fileManager = new TestFileManager('comprehensive-tests')
    > 23 |     await page.goto('/')
         |                ^
      24 |
      25 |     // Wait for the application to load
      26 |     await expect(page.getByText('3DShelf')).toBeVisible()
        at /Users/jparrill/Projects/.vibe-kanban-workspaces/ca5e-test-crea-test-e/3d-organizer/frontend/src/__tests__/e2e/comprehensive-workflow.spec.ts:23:16

    attachment #1: screenshot (image/png) ──────────────────────────────────────────────────────────
    ../../../test-results/comprehensive-workflow-Com-806f8-ility-and-usability-testing-chromium/test-failed-1.png
    ────────────────────────────────────────────────────────────────────────────────────────────────

    attachment #2: video (video/webm) ──────────────────────────────────────────────────────────────
    ../../../test-results/comprehensive-workflow-Com-806f8-ility-and-usability-testing-chromium/video.webm
    ────────────────────────────────────────────────────────────────────────────────────────────────
]]>
</failure>
<system-out>
<![CDATA[
[[ATTACHMENT|test-results/comprehensive-workflow-Com-806f8-ility-and-usability-testing-chromium/test-failed-1.png]]

[[ATTACHMENT|test-results/comprehensive-workflow-Com-806f8-ility-and-usability-testing-chromium/video.webm]]
]]>
</system-out>
</testcase>
<testcase name="Comprehensive 3D Organizer Workflows › Performance and loading states" classname="comprehensive-workflow.spec.ts" time="0">
<properties>
<property name="skip" value="">
</property>
</properties>
<skipped>
</skipped>
</testcase>
</testsuite>
<testsuite name="file-upload-and-conflicts.spec.ts" timestamp="2026-02-13T20:07:24.914Z" hostname="chromium" tests="7" failures="3" skipped="4" time="0.594" errors="0">
<testcase name="File Upload and Conflict Resolution › should upload new files to existing project successfully" classname="file-upload-and-conflicts.spec.ts" time="0.2">
<failure message="file-upload-and-conflicts.spec.ts:55:7 should upload new files to existing project successfully" type="FAILURE">
<![CDATA[  [chromium] › file-upload-and-conflicts.spec.ts:55:7 › File Upload and Conflict Resolution › should upload new files to existing project successfully 

    Error: page.goto: net::ERR_CONNECTION_REFUSED at http://127.0.0.1:3000/
    Call log:
      - navigating to "http://127.0.0.1:3000/", waiting until "load"


      46 |     fileManager = new TestFileManager('upload-conflicts')
      47 |     // Ensure we're starting fresh
    > 48 |     await page.goto('/')
         |                ^
      49 |   })
      50 |
      51 |   test.afterEach(() => {
        at /Users/jparrill/Projects/.vibe-kanban-workspaces/ca5e-test-crea-test-e/3d-organizer/frontend/src/__tests__/e2e/file-upload-and-conflicts.spec.ts:48:16

    attachment #1: screenshot (image/png) ──────────────────────────────────────────────────────────
    ../../../test-results/file-upload-and-conflicts--780b5-isting-project-successfully-chromium/test-failed-1.png
    ────────────────────────────────────────────────────────────────────────────────────────────────

    attachment #2: video (video/webm) ──────────────────────────────────────────────────────────────
    ../../../test-results/file-upload-and-conflicts--780b5-isting-project-successfully-chromium/video.webm
    ────────────────────────────────────────────────────────────────────────────────────────────────
]]>
</failure>
<system-out>
<![CDATA[
[[ATTACHMENT|test-results/file-upload-and-conflicts--780b5-isting-project-successfully-chromium/test-failed-1.png]]

[[ATTACHMENT|test-results/file-upload-and-conflicts--780b5-isting-project-successfully-chromium/video.webm]]
]]>
</system-out>
</testcase>
<testcase name="File Upload and Conflict Resolution › should handle file conflicts with skip resolution" classname="file-upload-and-conflicts.spec.ts" time="0">
<properties>
<property name="skip" value="">
</property>
</properties>
<skipped>
</skipped>
</testcase>
<testcase name="File Upload and Conflict Resolution › should handle file conflicts with overwrite resolution" classname="file-upload-and-conflicts.spec.ts" time="0">
<properties>
<property name="skip" value="">
</property>
</properties>
<skipped>
</skipped>
</testcase>
<testcase name="File Upload and Conflict Resolution › should handle file conflicts with rename (upload + timestamp) resolution" classname="file-upload-and-conflicts.spec.ts" time="0">
<properties>
<property name="skip" value="">
</property>
</properties>
<skipped>
</skipped>
</testcase>
<testcase name="File Upload and Conflict Resolution › should handle mixed conflicts with different resolutions" classname="file-upload-and-conflicts.spec.ts" time="0">
<properties>
<property name="skip" value="">
</property>
</properties>
<skipped>
</skipped>
</testcase>
<testcase name="File Upload and Conflict Resolution › should handle upload cancellation" classname="file-upload-and-conflicts.spec.ts" time="0.2">
<failure message="file-upload-and-conflicts.spec.ts:477:7 should handle upload cancellation" type="FAILURE">
<![CDATA[  [chromium] › file-upload-and-conflicts.spec.ts:477:7 › File Upload and Conflict Resolution › should handle upload cancellation 

    Error: page.goto: net::ERR_CONNECTION_REFUSED at http://127.0.0.1:3000/
    Call log:
      - navigating to "http://127.0.0.1:3000/", waiting until "load"


      46 |     fileManager = new TestFileManager('upload-conflicts')
      47 |     // Ensure we're starting fresh
    > 48 |     await page.goto('/')
         |                ^
      49 |   })
      50 |
      51 |   test.afterEach(() => {
        at /Users/jparrill/Projects/.vibe-kanban-workspaces/ca5e-test-crea-test-e/3d-organizer/frontend/src/__tests__/e2e/file-upload-and-conflicts.spec.ts:48:16

    attachment #1: screenshot (image/png) ──────────────────────────────────────────────────────────
    ../../../test-results/file-upload-and-conflicts--e7f61--handle-upload-cancellation-chromium/test-failed-1.png
    ────────────────────────────────────────────────────────────────────────────────────────────────

    attachment #2: video (video/webm) ──────────────────────────────────────────────────────────────
    ../../../test-results/file-upload-and-conflicts--e7f61--handle-upload-cancellation-chromium/video.webm
    ────────────────────────────────────────────────────────────────────────────────────────────────
]]>
</failure>
<system-out>
<![CDATA[
[[ATTACHMENT|test-results/file-upload-and-conflicts--e7f61--handle-upload-cancellation-chromium/test-failed-1.png]]

[[ATTACHMENT|test-results/file-upload-and-conflicts--e7f61--handle-upload-cancellation-chromium/video.webm]]
]]>
</system-out>
</testcase>
<testcase name="File Upload and Conflict Resolution › should validate file types during upload" classname="file-upload-and-conflicts.spec.ts" time="0.194">
<failure message="file-upload-and-conflicts.spec.ts:508:7 should validate file types during upload" type="FAILURE">
<![CDATA[  [chromium] › file-upload-and-conflicts.spec.ts:508:7 › File Upload and Conflict Resolution › should validate file types during upload 

    Error: page.goto: net::ERR_CONNECTION_REFUSED at http://127.0.0.1:3000/
    Call log:
      - navigating to "http://127.0.0.1:3000/", waiting until "load"


      46 |     fileManager = new TestFileManager('upload-conflicts')
      47 |     // Ensure we're starting fresh
    > 48 |     await page.goto('/')
         |                ^
      49 |   })
      50 |
      51 |   test.afterEach(() => {
        at /Users/jparrill/Projects/.vibe-kanban-workspaces/ca5e-test-crea-test-e/3d-organizer/frontend/src/__tests__/e2e/file-upload-and-conflicts.spec.ts:48:16

    attachment #1: screenshot (image/png) ──────────────────────────────────────────────────────────
    ../../../test-results/file-upload-and-conflicts--6da05-te-file-types-during-upload-chromium/test-failed-1.png
    ────────────────────────────────────────────────────────────────────────────────────────────────

    attachment #2: video (video/webm) ──────────────────────────────────────────────────────────────
    ../../../test-results/file-upload-and-conflicts--6da05-te-file-types-during-upload-chromium/video.webm
    ────────────────────────────────────────────────────────────────────────────────────────────────
]]>
</failure>
<system-out>
<![CDATA[
[[ATTACHMENT|test-results/file-upload-and-conflicts--6da05-te-file-types-during-upload-chromium/test-failed-1.png]]

[[ATTACHMENT|test-results/file-upload-and-conflicts--6da05-te-file-types-during-upload-chromium/video.webm]]
]]>
</system-out>
</testcase>
</testsuite>
<testsuite name="homepage.spec.ts" timestamp="2026-02-13T20:07:24.914Z" hostname="chromium" tests="12" failures="11" skipped="1" time="2.092" errors="0">
<testcase name="3DShelf Homepage › should display the main header and navigation" classname="homepage.spec.ts" time="0.194">
<failure message="homepage.spec.ts:9:7 should display the main header and navigation" type="FAILURE">
<![CDATA[  [chromium] › homepage.spec.ts:9:7 › 3DShelf Homepage › should display the main header and navigation 

    Error: page.goto: net::ERR_CONNECTION_REFUSED at http://127.0.0.1:3000/
    Call log:
      - navigating to "http://127.0.0.1:3000/", waiting until "load"


      4 |   test.beforeEach(async ({ page }) => {
      5 |     // Navigate to the homepage
    > 6 |     await page.goto('/')
        |                ^
      7 |   })
      8 |
      9 |   test('should display the main header and navigation', async ({ page }) => {
        at /Users/jparrill/Projects/.vibe-kanban-workspaces/ca5e-test-crea-test-e/3d-organizer/frontend/src/__tests__/e2e/homepage.spec.ts:6:16

    attachment #1: screenshot (image/png) ──────────────────────────────────────────────────────────
    ../../../test-results/homepage-3DShelf-Homepage--ae9ce--main-header-and-navigation-chromium/test-failed-1.png
    ────────────────────────────────────────────────────────────────────────────────────────────────

    attachment #2: video (video/webm) ──────────────────────────────────────────────────────────────
    ../../../test-results/homepage-3DShelf-Homepage--ae9ce--main-header-and-navigation-chromium/video.webm
    ────────────────────────────────────────────────────────────────────────────────────────────────
]]>
</failure>
<system-out>
<![CDATA[
[[ATTACHMENT|test-results/homepage-3DShelf-Homepage--ae9ce--main-header-and-navigation-chromium/test-failed-1.png]]

[[ATTACHMENT|test-results/homepage-3DShelf-Homepage--ae9ce--main-header-and-navigation-chromium/video.webm]]
]]>
</system-out>
</testcase>
<testcase name="3DShelf Homepage › should load and display project list" classname="homepage.spec.ts" time="0.199">
<failure message="homepage.spec.ts:20:7 should load and display project list" type="FAILURE">
<![CDATA[  [chromium] › homepage.spec.ts:20:7 › 3DShelf Homepage › should load and display project list ─────

    Error: page.goto: net::ERR_CONNECTION_REFUSED at http://127.0.0.1:3000/
    Call log:
      - navigating to "http://127.0.0.1:3000/", waiting until "load"


      4 |   test.beforeEach(async ({ page }) => {
      5 |     // Navigate to the homepage
    > 6 |     await page.goto('/')
        |                ^
      7 |   })
      8 |
      9 |   test('should display the main header and navigation', async ({ page }) => {
        at /Users/jparrill/Projects/.vibe-kanban-workspaces/ca5e-test-crea-test-e/3d-organizer/frontend/src/__tests__/e2e/homepage.spec.ts:6:16

    attachment #1: screenshot (image/png) ──────────────────────────────────────────────────────────
    ../../../test-results/homepage-3DShelf-Homepage--e9cb1-ad-and-display-project-list-chromium/test-failed-1.png
    ────────────────────────────────────────────────────────────────────────────────────────────────

    attachment #2: video (video/webm) ──────────────────────────────────────────────────────────────
    ../../../test-results/homepage-3DShelf-Homepage--e9cb1-ad-and-display-project-list-chromium/video.webm
    ────────────────────────────────────────────────────────────────────────────────────────────────
]]>
</failure>
<system-out>
<![CDATA[
[[ATTACHMENT|test-results/homepage-3DShelf-Homepage--e9cb1-ad-and-display-project-list-chromium/test-failed-1.png]]

[[ATTACHMENT|test-results/homepage-3DShelf-Homepage--e9cb1-ad-and-display-project-list-chromium/video.webm]]
]]>
</system-out>
</testcase>
<testcase name="3DShelf Homepage › should perform search functionality" classname="homepage.spec.ts" time="0.189">
<failure message="homepage.spec.ts:33:7 should perform search functionality" type="FAILURE">
<![CDATA[  [chromium] › homepage.spec.ts:33:7 › 3DShelf Homepage › should perform search functionality ──────

    Error: page.goto: net::ERR_CONNECTION_REFUSED at http://127.0.0.1:3000/
    Call log:
      - navigating to "http://127.0.0.1:3000/", waiting until "load"


      4 |   test.beforeEach(async ({ page }) => {
      5 |     // Navigate to the homepage
    > 6 |     await page.goto('/')
        |                ^
      7 |   })
      8 |
      9 |   test('should display the main header and navigation', async ({ page }) => {
        at /Users/jparrill/Projects/.vibe-kanban-workspaces/ca5e-test-crea-test-e/3d-organizer/frontend/src/__tests__/e2e/homepage.spec.ts:6:16

    attachment #1: screenshot (image/png) ──────────────────────────────────────────────────────────
    ../../../test-results/homepage-3DShelf-Homepage--6e7d7-erform-search-functionality-chromium/test-failed-1.png
    ────────────────────────────────────────────────────────────────────────────────────────────────

    attachment #2: video (video/webm) ──────────────────────────────────────────────────────────────
    ../../../test-results/homepage-3DShelf-Homepage--6e7d7-erform-search-functionality-chromium/video.webm
    ────────────────────────────────────────────────────────────────────────────────────────────────
]]>
</failure>
<system-out>
<![CDATA[
[[ATTACHMENT|test-results/homepage-3DShelf-Homepage--6e7d7-erform-search-functionality-chromium/test-failed-1.png]]

[[ATTACHMENT|test-results/homepage-3DShelf-Homepage--6e7d7-erform-search-functionality-chromium/video.webm]]
]]>
</system-out>
</testcase>
<testcase name="3DShelf Homepage › should handle empty search" classname="homepage.spec.ts" time="0.215">
<failure message="homepage.spec.ts:54:7 should handle empty search" type="FAILURE">
<![CDATA[  [chromium] › homepage.spec.ts:54:7 › 3DShelf Homepage › should handle empty search ───────────────

    Error: page.goto: net::ERR_CONNECTION_REFUSED at http://127.0.0.1:3000/
    Call log:
      - navigating to "http://127.0.0.1:3000/", waiting until "load"


      4 |   test.beforeEach(async ({ page }) => {
      5 |     // Navigate to the homepage
    > 6 |     await page.goto('/')
        |                ^
      7 |   })
      8 |
      9 |   test('should display the main header and navigation', async ({ page }) => {
        at /Users/jparrill/Projects/.vibe-kanban-workspaces/ca5e-test-crea-test-e/3d-organizer/frontend/src/__tests__/e2e/homepage.spec.ts:6:16

    attachment #1: screenshot (image/png) ──────────────────────────────────────────────────────────
    ../../../test-results/homepage-3DShelf-Homepage-should-handle-empty-search-chromium/test-failed-1.png
    ────────────────────────────────────────────────────────────────────────────────────────────────

    attachment #2: video (video/webm) ──────────────────────────────────────────────────────────────
    ../../../test-results/homepage-3DShelf-Homepage-should-handle-empty-search-chromium/video.webm
    ────────────────────────────────────────────────────────────────────────────────────────────────
]]>
</failure>
<system-out>
<![CDATA[
[[ATTACHMENT|test-results/homepage-3DShelf-Homepage-should-handle-empty-search-chromium/test-failed-1.png]]

[[ATTACHMENT|test-results/homepage-3DShelf-Homepage-should-handle-empty-search-chromium/video.webm]]
]]>
</system-out>
</testcase>
<testcase name="3DShelf Homepage › should navigate to project detail when clicking project" classname="homepage.spec.ts" time="0.209">
<failure message="homepage.spec.ts:71:7 should navigate to project detail when clicking project" type="FAILURE">
<![CDATA[  [chromium] › homepage.spec.ts:71:7 › 3DShelf Homepage › should navigate to project detail when clicking project 

    Error: page.goto: net::ERR_CONNECTION_REFUSED at http://127.0.0.1:3000/
    Call log:
      - navigating to "http://127.0.0.1:3000/", waiting until "load"


      4 |   test.beforeEach(async ({ page }) => {
      5 |     // Navigate to the homepage
    > 6 |     await page.goto('/')
        |                ^
      7 |   })
      8 |
      9 |   test('should display the main header and navigation', async ({ page }) => {
        at /Users/jparrill/Projects/.vibe-kanban-workspaces/ca5e-test-crea-test-e/3d-organizer/frontend/src/__tests__/e2e/homepage.spec.ts:6:16

    attachment #1: screenshot (image/png) ──────────────────────────────────────────────────────────
    ../../../test-results/homepage-3DShelf-Homepage--90eda-etail-when-clicking-project-chromium/test-failed-1.png
    ────────────────────────────────────────────────────────────────────────────────────────────────

    attachment #2: video (video/webm) ──────────────────────────────────────────────────────────────
    ../../../test-results/homepage-3DShelf-Homepage--90eda-etail-when-clicking-project-chromium/video.webm
    ────────────────────────────────────────────────────────────────────────────────────────────────
]]>
</failure>
<system-out>
<![CDATA[
[[ATTACHMENT|test-results/homepage-3DShelf-Homepage--90eda-etail-when-clicking-project-chromium/test-failed-1.png]]

[[ATTACHMENT|test-results/homepage-3DShelf-Homepage--90eda-etail-when-clicking-project-chromium/video.webm]]
]]>
</system-out>
</testcase>
<testcase name="3DShelf Homepage › should handle scan projects functionality" classname="homepage.spec.ts" time="0.197">
<failure message="homepage.spec.ts:96:7 should handle scan projects functionality" type="FAILURE">
<![CDATA[  [chromium] › homepage.spec.ts:96:7 › 3DShelf Homepage › should handle scan projects functionality 

    Error: page.goto: net::ERR_CONNECTION_REFUSED at http://127.0.0.1:3000/
    Call log:
      - navigating to "http://127.0.0.1:3000/", waiting until "load"


      4 |   test.beforeEach(async ({ page }) => {
      5 |     // Navigate to the homepage
    > 6 |     await page.goto('/')
        |                ^
      7 |   })
      8 |
      9 |   test('should display the main header and navigation', async ({ page }) => {
        at /Users/jparrill/Projects/.vibe-kanban-workspaces/ca5e-test-crea-test-e/3d-organizer/frontend/src/__tests__/e2e/homepage.spec.ts:6:16

    attachment #1: screenshot (image/png) ──────────────────────────────────────────────────────────
    ../../../test-results/homepage-3DShelf-Homepage--1a175-scan-projects-functionality-chromium/test-failed-1.png
    ────────────────────────────────────────────────────────────────────────────────────────────────

    attachment #2: video (video/webm) ──────────────────────────────────────────────────────────────
    ../../../test-results/homepage-3DShelf-Homepage--1a175-scan-projects-functionality-chromium/video.webm
    ────────────────────────────────────────────────────────────────────────────────────────────────
]]>
</failure>
<system-out>
<![CDATA[
[[ATTACHMENT|test-results/homepage-3DShelf-Homepage--1a175-scan-projects-functionality-chromium/test-failed-1.png]]

[[ATTACHMENT|test-results/homepage-3DShelf-Homepage--1a175-scan-projects-functionality-chromium/video.webm]]
]]>
</system-out>
</testcase>
<testcase name="3DShelf Homepage › should be responsive on mobile viewport" classname="homepage.spec.ts" time="0.15">
<failure message="homepage.spec.ts:118:7 should be responsive on mobile viewport" type="FAILURE">
<![CDATA[  [chromium] › homepage.spec.ts:118:7 › 3DShelf Homepage › should be responsive on mobile viewport ─

    Error: page.goto: net::ERR_CONNECTION_REFUSED at http://127.0.0.1:3000/
    Call log:
      - navigating to "http://127.0.0.1:3000/", waiting until "load"


      4 |   test.beforeEach(async ({ page }) => {
      5 |     // Navigate to the homepage
    > 6 |     await page.goto('/')
        |                ^
      7 |   })
      8 |
      9 |   test('should display the main header and navigation', async ({ page }) => {
        at /Users/jparrill/Projects/.vibe-kanban-workspaces/ca5e-test-crea-test-e/3d-organizer/frontend/src/__tests__/e2e/homepage.spec.ts:6:16

    attachment #1: screenshot (image/png) ──────────────────────────────────────────────────────────
    ../../../test-results/homepage-3DShelf-Homepage--a0893-sponsive-on-mobile-viewport-chromium/test-failed-1.png
    ────────────────────────────────────────────────────────────────────────────────────────────────

    attachment #2: video (video/webm) ──────────────────────────────────────────────────────────────
    ../../../test-results/homepage-3DShelf-Homepage--a0893-sponsive-on-mobile-viewport-chromium/video.webm
    ────────────────────────────────────────────────────────────────────────────────────────────────
]]>
</failure>
<system-out>
<![CDATA[
[[ATTACHMENT|test-results/homepage-3DShelf-Homepage--a0893-sponsive-on-mobile-viewport-chromium/test-failed-1.png]]

[[ATTACHMENT|test-results/homepage-3DShelf-Homepage--a0893-sponsive-on-mobile-viewport-chromium/video.webm]]
]]>
</system-out>
</testcase>
<testcase name="3DShelf Homepage › should handle network errors gracefully" classname="homepage.spec.ts" time="0.199">
<failure message="homepage.spec.ts:137:7 should handle network errors gracefully" type="FAILURE">
<![CDATA[  [chromium] › homepage.spec.ts:137:7 › 3DShelf Homepage › should handle network errors gracefully ─

    Error: page.goto: net::ERR_CONNECTION_REFUSED at http://127.0.0.1:3000/
    Call log:
      - navigating to "http://127.0.0.1:3000/", waiting until "load"


      4 |   test.beforeEach(async ({ page }) => {
      5 |     // Navigate to the homepage
    > 6 |     await page.goto('/')
        |                ^
      7 |   })
      8 |
      9 |   test('should display the main header and navigation', async ({ page }) => {
        at /Users/jparrill/Projects/.vibe-kanban-workspaces/ca5e-test-crea-test-e/3d-organizer/frontend/src/__tests__/e2e/homepage.spec.ts:6:16

    attachment #1: screenshot (image/png) ──────────────────────────────────────────────────────────
    ../../../test-results/homepage-3DShelf-Homepage--8c0ac-e-network-errors-gracefully-chromium/test-failed-1.png
    ────────────────────────────────────────────────────────────────────────────────────────────────

    attachment #2: video (video/webm) ──────────────────────────────────────────────────────────────
    ../../../test-results/homepage-3DShelf-Homepage--8c0ac-e-network-errors-gracefully-chromium/video.webm
    ────────────────────────────────────────────────────────────────────────────────────────────────
]]>
</failure>
<system-out>
<![CDATA[
[[ATTACHMENT|test-results/homepage-3DShelf-Homepage--8c0ac-e-network-errors-gracefully-chromium/test-failed-1.png]]

[[ATTACHMENT|test-results/homepage-3DShelf-Homepage--8c0ac-e-network-errors-gracefully-chromium/video.webm]]
]]>
</system-out>
</testcase>
<testcase name="3DShelf Homepage › should display loading states appropriately" classname="homepage.spec.ts" time="0">
<properties>
<property name="skip" value="">
</property>
</properties>
<skipped>
</skipped>
</testcase>
<testcase name="3DShelf Homepage › should maintain state during page interactions" classname="homepage.spec.ts" time="0.202">
<failure message="homepage.spec.ts:193:7 should maintain state during page interactions" type="FAILURE">
<![CDATA[  [chromium] › homepage.spec.ts:193:7 › 3DShelf Homepage › should maintain state during page interactions 

    Error: page.goto: net::ERR_CONNECTION_REFUSED at http://127.0.0.1:3000/
    Call log:
      - navigating to "http://127.0.0.1:3000/", waiting until "load"


      4 |   test.beforeEach(async ({ page }) => {
      5 |     // Navigate to the homepage
    > 6 |     await page.goto('/')
        |                ^
      7 |   })
      8 |
      9 |   test('should display the main header and navigation', async ({ page }) => {
        at /Users/jparrill/Projects/.vibe-kanban-workspaces/ca5e-test-crea-test-e/3d-organizer/frontend/src/__tests__/e2e/homepage.spec.ts:6:16

    attachment #1: screenshot (image/png) ──────────────────────────────────────────────────────────
    ../../../test-results/homepage-3DShelf-Homepage--42997-te-during-page-interactions-chromium/test-failed-1.png
    ────────────────────────────────────────────────────────────────────────────────────────────────

    attachment #2: video (video/webm) ──────────────────────────────────────────────────────────────
    ../../../test-results/homepage-3DShelf-Homepage--42997-te-during-page-interactions-chromium/video.webm
    ────────────────────────────────────────────────────────────────────────────────────────────────
]]>
</failure>
<system-out>
<![CDATA[
[[ATTACHMENT|test-results/homepage-3DShelf-Homepage--42997-te-during-page-interactions-chromium/test-failed-1.png]]

[[ATTACHMENT|test-results/homepage-3DShelf-Homepage--42997-te-during-page-interactions-chromium/video.webm]]
]]>
</system-out>
</testcase>
<testcase name="3DShelf Homepage › should have proper accessibility features" classname="homepage.spec.ts" time="0.175">
<failure message="homepage.spec.ts:214:7 should have proper accessibility features" type="FAILURE">
<![CDATA[  [chromium] › homepage.spec.ts:214:7 › 3DShelf Homepage › should have proper accessibility features 

    Error: page.goto: net::ERR_CONNECTION_REFUSED at http://127.0.0.1:3000/
    Call log:
      - navigating to "http://127.0.0.1:3000/", waiting until "load"


      4 |   test.beforeEach(async ({ page }) => {
      5 |     // Navigate to the homepage
    > 6 |     await page.goto('/')
        |                ^
      7 |   })
      8 |
      9 |   test('should display the main header and navigation', async ({ page }) => {
        at /Users/jparrill/Projects/.vibe-kanban-workspaces/ca5e-test-crea-test-e/3d-organizer/frontend/src/__tests__/e2e/homepage.spec.ts:6:16

    attachment #1: screenshot (image/png) ──────────────────────────────────────────────────────────
    ../../../test-results/homepage-3DShelf-Homepage--a67e3-oper-accessibility-features-chromium/test-failed-1.png
    ────────────────────────────────────────────────────────────────────────────────────────────────

    attachment #2: video (video/webm) ──────────────────────────────────────────────────────────────
    ../../../test-results/homepage-3DShelf-Homepage--a67e3-oper-accessibility-features-chromium/video.webm
    ────────────────────────────────────────────────────────────────────────────────────────────────
]]>
</failure>
<system-out>
<![CDATA[
[[ATTACHMENT|test-results/homepage-3DShelf-Homepage--a67e3-oper-accessibility-features-chromium/test-failed-1.png]]

[[ATTACHMENT|test-results/homepage-3DShelf-Homepage--a67e3-oper-accessibility-features-chromium/video.webm]]
]]>
</system-out>
</testcase>
<testcase name="3DShelf Homepage › should handle keyboard navigation" classname="homepage.spec.ts" time="0.163">
<failure message="homepage.spec.ts:234:7 should handle keyboard navigation" type="FAILURE">
<![CDATA[  [chromium] › homepage.spec.ts:234:7 › 3DShelf Homepage › should handle keyboard navigation ───────

    Error: page.goto: net::ERR_CONNECTION_REFUSED at http://127.0.0.1:3000/
    Call log:
      - navigating to "http://127.0.0.1:3000/", waiting until "load"


      4 |   test.beforeEach(async ({ page }) => {
      5 |     // Navigate to the homepage
    > 6 |     await page.goto('/')
        |                ^
      7 |   })
      8 |
      9 |   test('should display the main header and navigation', async ({ page }) => {
        at /Users/jparrill/Projects/.vibe-kanban-workspaces/ca5e-test-crea-test-e/3d-organizer/frontend/src/__tests__/e2e/homepage.spec.ts:6:16

    attachment #1: screenshot (image/png) ──────────────────────────────────────────────────────────
    ../../../test-results/homepage-3DShelf-Homepage-should-handle-keyboard-navigation-chromium/test-failed-1.png
    ────────────────────────────────────────────────────────────────────────────────────────────────

    attachment #2: video (video/webm) ──────────────────────────────────────────────────────────────
    ../../../test-results/homepage-3DShelf-Homepage-should-handle-keyboard-navigation-chromium/video.webm
    ────────────────────────────────────────────────────────────────────────────────────────────────
]]>
</failure>
<system-out>
<![CDATA[
[[ATTACHMENT|test-results/homepage-3DShelf-Homepage-should-handle-keyboard-navigation-chromium/test-failed-1.png]]

[[ATTACHMENT|test-results/homepage-3DShelf-Homepage-should-handle-keyboard-navigation-chromium/video.webm]]
]]>
</system-out>
</testcase>
</testsuite>
<testsuite name="project-creation.spec.ts" timestamp="2026-02-13T20:07:24.914Z" hostname="chromium" tests="6" failures="5" skipped="1" time="0.878" errors="0">
<testcase name="Project Creation › should create project without files successfully" classname="project-creation.spec.ts" time="0.156">
<failure message="project-creation.spec.ts:30:7 should create project without files successfully" type="FAILURE">
<![CDATA[  [chromium] › project-creation.spec.ts:30:7 › Project Creation › should create project without files successfully 

    Error: page.goto: net::ERR_CONNECTION_REFUSED at http://127.0.0.1:3000/
    Call log:
      - navigating to "http://127.0.0.1:3000/", waiting until "load"


      23 | test.describe('Project Creation', () => {
      24 |   test.beforeEach(async ({ page }) => {
    > 25 |     await page.goto('/')
         |                ^
      26 |     // Wait for the header to be visible (contains 3DShelf heading)
      27 |     await expect(page.getByText('3DShelf')).toBeVisible()
      28 |   })
        at /Users/jparrill/Projects/.vibe-kanban-workspaces/ca5e-test-crea-test-e/3d-organizer/frontend/src/__tests__/e2e/project-creation.spec.ts:25:16

    attachment #1: screenshot (image/png) ──────────────────────────────────────────────────────────
    ../../../test-results/project-creation-Project-C-78a94--without-files-successfully-chromium/test-failed-1.png
    ────────────────────────────────────────────────────────────────────────────────────────────────

    attachment #2: video (video/webm) ──────────────────────────────────────────────────────────────
    ../../../test-results/project-creation-Project-C-78a94--without-files-successfully-chromium/video.webm
    ────────────────────────────────────────────────────────────────────────────────────────────────
]]>
</failure>
<system-out>
<![CDATA[
[[ATTACHMENT|test-results/project-creation-Project-C-78a94--without-files-successfully-chromium/test-failed-1.png]]

[[ATTACHMENT|test-results/project-creation-Project-C-78a94--without-files-successfully-chromium/video.webm]]
]]>
</system-out>
</testcase>
<testcase name="Project Creation › should create project with files successfully" classname="project-creation.spec.ts" time="0.199">
<failure message="project-creation.spec.ts:63:7 should create project with files successfully" type="FAILURE">
<![CDATA[  [chromium] › project-creation.spec.ts:63:7 › Project Creation › should create project with files successfully 

    Error: page.goto: net::ERR_CONNECTION_REFUSED at http://127.0.0.1:3000/
    Call log:
      - navigating to "http://127.0.0.1:3000/", waiting until "load"


      23 | test.describe('Project Creation', () => {
      24 |   test.beforeEach(async ({ page }) => {
    > 25 |     await page.goto('/')
         |                ^
      26 |     // Wait for the header to be visible (contains 3DShelf heading)
      27 |     await expect(page.getByText('3DShelf')).toBeVisible()
      28 |   })
        at /Users/jparrill/Projects/.vibe-kanban-workspaces/ca5e-test-crea-test-e/3d-organizer/frontend/src/__tests__/e2e/project-creation.spec.ts:25:16

    attachment #1: screenshot (image/png) ──────────────────────────────────────────────────────────
    ../../../test-results/project-creation-Project-C-401f3-ect-with-files-successfully-chromium/test-failed-1.png
    ────────────────────────────────────────────────────────────────────────────────────────────────

    attachment #2: video (video/webm) ──────────────────────────────────────────────────────────────
    ../../../test-results/project-creation-Project-C-401f3-ect-with-files-successfully-chromium/video.webm
    ────────────────────────────────────────────────────────────────────────────────────────────────
]]>
</failure>
<system-out>
<![CDATA[
[[ATTACHMENT|test-results/project-creation-Project-C-401f3-ect-with-files-successfully-chromium/test-failed-1.png]]

[[ATTACHMENT|test-results/project-creation-Project-C-401f3-ect-with-files-successfully-chromium/video.webm]]
]]>
</system-out>
</testcase>
<testcase name="Project Creation › should validate required fields in project creation" classname="project-creation.spec.ts" time="0.187">
<failure message="project-creation.spec.ts:150:7 should validate required fields in project creation" type="FAILURE">
<![CDATA[  [chromium] › project-creation.spec.ts:150:7 › Project Creation › should validate required fields in project creation 

    Error: page.goto: net::ERR_CONNECTION_REFUSED at http://127.0.0.1:3000/
    Call log:
      - navigating to "http://127.0.0.1:3000/", waiting until "load"


      23 | test.describe('Project Creation', () => {
      24 |   test.beforeEach(async ({ page }) => {
    > 25 |     await page.goto('/')
         |                ^
      26 |     // Wait for the header to be visible (contains 3DShelf heading)
      27 |     await expect(page.getByText('3DShelf')).toBeVisible()
      28 |   })
        at /Users/jparrill/Projects/.vibe-kanban-workspaces/ca5e-test-crea-test-e/3d-organizer/frontend/src/__tests__/e2e/project-creation.spec.ts:25:16

    attachment #1: screenshot (image/png) ──────────────────────────────────────────────────────────
    ../../../test-results/project-creation-Project-C-5878c--fields-in-project-creation-chromium/test-failed-1.png
    ────────────────────────────────────────────────────────────────────────────────────────────────

    attachment #2: video (video/webm) ──────────────────────────────────────────────────────────────
    ../../../test-results/project-creation-Project-C-5878c--fields-in-project-creation-chromium/video.webm
    ────────────────────────────────────────────────────────────────────────────────────────────────
]]>
</failure>
<system-out>
<![CDATA[
[[ATTACHMENT|test-results/project-creation-Project-C-5878c--fields-in-project-creation-chromium/test-failed-1.png]]

[[ATTACHMENT|test-results/project-creation-Project-C-5878c--fields-in-project-creation-chromium/video.webm]]
]]>
</system-out>
</testcase>
<testcase name="Project Creation › should handle file selection and removal in project creation" classname="project-creation.spec.ts" time="0">
<properties>
<property name="skip" value="">
</property>
</properties>
<skipped>
</skipped>
</testcase>
<testcase name="Project Creation › should handle modal cancel functionality" classname="project-creation.spec.ts" time="0.179">
<failure message="project-creation.spec.ts:224:7 should handle modal cancel functionality" type="FAILURE">
<![CDATA[  [chromium] › project-creation.spec.ts:224:7 › Project Creation › should handle modal cancel functionality 

    Error: page.goto: net::ERR_CONNECTION_REFUSED at http://127.0.0.1:3000/
    Call log:
      - navigating to "http://127.0.0.1:3000/", waiting until "load"


      23 | test.describe('Project Creation', () => {
      24 |   test.beforeEach(async ({ page }) => {
    > 25 |     await page.goto('/')
         |                ^
      26 |     // Wait for the header to be visible (contains 3DShelf heading)
      27 |     await expect(page.getByText('3DShelf')).toBeVisible()
      28 |   })
        at /Users/jparrill/Projects/.vibe-kanban-workspaces/ca5e-test-crea-test-e/3d-organizer/frontend/src/__tests__/e2e/project-creation.spec.ts:25:16

    attachment #1: screenshot (image/png) ──────────────────────────────────────────────────────────
    ../../../test-results/project-creation-Project-C-5d114--modal-cancel-functionality-chromium/test-failed-1.png
    ────────────────────────────────────────────────────────────────────────────────────────────────

    attachment #2: video (video/webm) ──────────────────────────────────────────────────────────────
    ../../../test-results/project-creation-Project-C-5d114--modal-cancel-functionality-chromium/video.webm
    ────────────────────────────────────────────────────────────────────────────────────────────────
]]>
</failure>
<system-out>
<![CDATA[
[[ATTACHMENT|test-results/project-creation-Project-C-5d114--modal-cancel-functionality-chromium/test-failed-1.png]]

[[ATTACHMENT|test-results/project-creation-Project-C-5d114--modal-cancel-functionality-chromium/video.webm]]
]]>
</system-out>
</testcase>
<testcase name="Project Creation › should handle file upload errors gracefully" classname="project-creation.spec.ts" time="0.157">
<failure message="project-creation.spec.ts:245:7 should handle file upload errors gracefully" type="FAILURE">
<![CDATA[  [chromium] › project-creation.spec.ts:245:7 › Project Creation › should handle file upload errors gracefully 

    Error: page.goto: net::ERR_CONNECTION_REFUSED at http://127.0.0.1:3000/
    Call log:
      - navigating to "http://127.0.0.1:3000/", waiting until "load"


      23 | test.describe('Project Creation', () => {
      24 |   test.beforeEach(async ({ page }) => {
    > 25 |     await page.goto('/')
         |                ^
      26 |     // Wait for the header to be visible (contains 3DShelf heading)
      27 |     await expect(page.getByText('3DShelf')).toBeVisible()
      28 |   })
        at /Users/jparrill/Projects/.vibe-kanban-workspaces/ca5e-test-crea-test-e/3d-organizer/frontend/src/__tests__/e2e/project-creation.spec.ts:25:16

    attachment #1: screenshot (image/png) ──────────────────────────────────────────────────────────
    ../../../test-results/project-creation-Project-C-986d6-le-upload-errors-gracefully-chromium/test-failed-1.png
    ────────────────────────────────────────────────────────────────────────────────────────────────

    attachment #2: video (video/webm) ──────────────────────────────────────────────────────────────
    ../../../test-results/project-creation-Project-C-986d6-le-upload-errors-gracefully-chromium/video.webm
    ────────────────────────────────────────────────────────────────────────────────────────────────
]]>
</failure>
<system-out>
<![CDATA[
[[ATTACHMENT|test-results/project-creation-Project-C-986d6-le-upload-errors-gracefully-chromium/test-failed-1.png]]

[[ATTACHMENT|test-results/project-creation-Project-C-986d6-le-upload-errors-gracefully-chromium/video.webm]]
]]>
</system-out>
</testcase>
</testsuite>
<testsuite name="project-details.spec.ts" timestamp="2026-02-13T20:07:24.914Z" hostname="chromium" tests="12" failures="12" skipped="0" time="1.85" errors="0">
<testcase name="Project Details Page › should navigate to project details from homepage" classname="project-details.spec.ts" time="0.16">
<failure message="project-details.spec.ts:10:7 should navigate to project details from homepage" type="FAILURE">
<![CDATA[  [chromium] › project-details.spec.ts:10:7 › Project Details Page › should navigate to project details from homepage 

    Error: page.goto: net::ERR_CONNECTION_REFUSED at http://127.0.0.1:3000/
    Call log:
      - navigating to "http://127.0.0.1:3000/", waiting until "load"


      4 |   test.beforeEach(async ({ page }) => {
      5 |     // Navigate to homepage first
    > 6 |     await page.goto('/')
        |                ^
      7 |     await page.waitForLoadState('networkidle')
      8 |   })
      9 |
        at /Users/jparrill/Projects/.vibe-kanban-workspaces/ca5e-test-crea-test-e/3d-organizer/frontend/src/__tests__/e2e/project-details.spec.ts:6:16

    attachment #1: screenshot (image/png) ──────────────────────────────────────────────────────────
    ../../../test-results/project-details-Project-De-6215c-oject-details-from-homepage-chromium/test-failed-1.png
    ────────────────────────────────────────────────────────────────────────────────────────────────

    attachment #2: video (video/webm) ──────────────────────────────────────────────────────────────
    ../../../test-results/project-details-Project-De-6215c-oject-details-from-homepage-chromium/video.webm
    ────────────────────────────────────────────────────────────────────────────────────────────────
]]>
</failure>
<system-out>
<![CDATA[
[[ATTACHMENT|test-results/project-details-Project-De-6215c-oject-details-from-homepage-chromium/test-failed-1.png]]

[[ATTACHMENT|test-results/project-details-Project-De-6215c-oject-details-from-homepage-chromium/video.webm]]
]]>
</system-out>
</testcase>
<testcase name="Project Details Page › should display project information correctly" classname="project-details.spec.ts" time="0.156">
<failure message="project-details.spec.ts:29:7 should display project information correctly" type="FAILURE">
<![CDATA[  [chromium] › project-details.spec.ts:29:7 › Project Details Page › should display project information correctly 

    Error: page.goto: net::ERR_CONNECTION_REFUSED at http://127.0.0.1:3000/
    Call log:
      - navigating to "http://127.0.0.1:3000/", waiting until "load"


      4 |   test.beforeEach(async ({ page }) => {
      5 |     // Navigate to homepage first
    > 6 |     await page.goto('/')
        |                ^
      7 |     await page.waitForLoadState('networkidle')
      8 |   })
      9 |
        at /Users/jparrill/Projects/.vibe-kanban-workspaces/ca5e-test-crea-test-e/3d-organizer/frontend/src/__tests__/e2e/project-details.spec.ts:6:16

    attachment #1: screenshot (image/png) ──────────────────────────────────────────────────────────
    ../../../test-results/project-details-Project-De-20dbd-oject-information-correctly-chromium/test-failed-1.png
    ────────────────────────────────────────────────────────────────────────────────────────────────

    attachment #2: video (video/webm) ──────────────────────────────────────────────────────────────
    ../../../test-results/project-details-Project-De-20dbd-oject-information-correctly-chromium/video.webm
    ────────────────────────────────────────────────────────────────────────────────────────────────
]]>
</failure>
<system-out>
<![CDATA[
[[ATTACHMENT|test-results/project-details-Project-De-20dbd-oject-information-correctly-chromium/test-failed-1.png]]

[[ATTACHMENT|test-results/project-details-Project-De-20dbd-oject-information-correctly-chromium/video.webm]]
]]>
</system-out>
</testcase>
<testcase name="Project Details Page › should display project files if available" classname="project-details.spec.ts" time="0.152">
<failure message="project-details.spec.ts:54:7 should display project files if available" type="FAILURE">
<![CDATA[  [chromium] › project-details.spec.ts:54:7 › Project Details Page › should display project files if available 

    Error: page.goto: net::ERR_CONNECTION_REFUSED at http://127.0.0.1:3000/
    Call log:
      - navigating to "http://127.0.0.1:3000/", waiting until "load"


      4 |   test.beforeEach(async ({ page }) => {
      5 |     // Navigate to homepage first
    > 6 |     await page.goto('/')
        |                ^
      7 |     await page.waitForLoadState('networkidle')
      8 |   })
      9 |
        at /Users/jparrill/Projects/.vibe-kanban-workspaces/ca5e-test-crea-test-e/3d-organizer/frontend/src/__tests__/e2e/project-details.spec.ts:6:16

    attachment #1: screenshot (image/png) ──────────────────────────────────────────────────────────
    ../../../test-results/project-details-Project-De-27d41--project-files-if-available-chromium/test-failed-1.png
    ────────────────────────────────────────────────────────────────────────────────────────────────

    attachment #2: video (video/webm) ──────────────────────────────────────────────────────────────
    ../../../test-results/project-details-Project-De-27d41--project-files-if-available-chromium/video.webm
    ────────────────────────────────────────────────────────────────────────────────────────────────
]]>
</failure>
<system-out>
<![CDATA[
[[ATTACHMENT|test-results/project-details-Project-De-27d41--project-files-if-available-chromium/test-failed-1.png]]

[[ATTACHMENT|test-results/project-details-Project-De-27d41--project-files-if-available-chromium/video.webm]]
]]>
</system-out>
</testcase>
<testcase name="Project Details Page › should show project statistics" classname="project-details.spec.ts" time="0.166">
<failure message="project-details.spec.ts:71:7 should show project statistics" type="FAILURE">
<![CDATA[  [chromium] › project-details.spec.ts:71:7 › Project Details Page › should show project statistics 

    Error: page.goto: net::ERR_CONNECTION_REFUSED at http://127.0.0.1:3000/
    Call log:
      - navigating to "http://127.0.0.1:3000/", waiting until "load"


      4 |   test.beforeEach(async ({ page }) => {
      5 |     // Navigate to homepage first
    > 6 |     await page.goto('/')
        |                ^
      7 |     await page.waitForLoadState('networkidle')
      8 |   })
      9 |
        at /Users/jparrill/Projects/.vibe-kanban-workspaces/ca5e-test-crea-test-e/3d-organizer/frontend/src/__tests__/e2e/project-details.spec.ts:6:16

    attachment #1: screenshot (image/png) ──────────────────────────────────────────────────────────
    ../../../test-results/project-details-Project-De-964e0-uld-show-project-statistics-chromium/test-failed-1.png
    ────────────────────────────────────────────────────────────────────────────────────────────────

    attachment #2: video (video/webm) ──────────────────────────────────────────────────────────────
    ../../../test-results/project-details-Project-De-964e0-uld-show-project-statistics-chromium/video.webm
    ────────────────────────────────────────────────────────────────────────────────────────────────
]]>
</failure>
<system-out>
<![CDATA[
[[ATTACHMENT|test-results/project-details-Project-De-964e0-uld-show-project-statistics-chromium/test-failed-1.png]]

[[ATTACHMENT|test-results/project-details-Project-De-964e0-uld-show-project-statistics-chromium/video.webm]]
]]>
</system-out>
</testcase>
<testcase name="Project Details Page › should handle project README content" classname="project-details.spec.ts" time="0.165">
<failure message="project-details.spec.ts:88:7 should handle project README content" type="FAILURE">
<![CDATA[  [chromium] › project-details.spec.ts:88:7 › Project Details Page › should handle project README content 

    Error: page.goto: net::ERR_CONNECTION_REFUSED at http://127.0.0.1:3000/
    Call log:
      - navigating to "http://127.0.0.1:3000/", waiting until "load"


      4 |   test.beforeEach(async ({ page }) => {
      5 |     // Navigate to homepage first
    > 6 |     await page.goto('/')
        |                ^
      7 |     await page.waitForLoadState('networkidle')
      8 |   })
      9 |
        at /Users/jparrill/Projects/.vibe-kanban-workspaces/ca5e-test-crea-test-e/3d-organizer/frontend/src/__tests__/e2e/project-details.spec.ts:6:16

    attachment #1: screenshot (image/png) ──────────────────────────────────────────────────────────
    ../../../test-results/project-details-Project-De-dbb7d-ndle-project-README-content-chromium/test-failed-1.png
    ────────────────────────────────────────────────────────────────────────────────────────────────

    attachment #2: video (video/webm) ──────────────────────────────────────────────────────────────
    ../../../test-results/project-details-Project-De-dbb7d-ndle-project-README-content-chromium/video.webm
    ────────────────────────────────────────────────────────────────────────────────────────────────
]]>
</failure>
<system-out>
<![CDATA[
[[ATTACHMENT|test-results/project-details-Project-De-dbb7d-ndle-project-README-content-chromium/test-failed-1.png]]

[[ATTACHMENT|test-results/project-details-Project-De-dbb7d-ndle-project-README-content-chromium/video.webm]]
]]>
</system-out>
</testcase>
<testcase name="Project Details Page › should provide navigation back to homepage" classname="project-details.spec.ts" time="0.163">
<failure message="project-details.spec.ts:109:7 should provide navigation back to homepage" type="FAILURE">
<![CDATA[  [chromium] › project-details.spec.ts:109:7 › Project Details Page › should provide navigation back to homepage 

    Error: page.goto: net::ERR_CONNECTION_REFUSED at http://127.0.0.1:3000/
    Call log:
      - navigating to "http://127.0.0.1:3000/", waiting until "load"


      4 |   test.beforeEach(async ({ page }) => {
      5 |     // Navigate to homepage first
    > 6 |     await page.goto('/')
        |                ^
      7 |     await page.waitForLoadState('networkidle')
      8 |   })
      9 |
        at /Users/jparrill/Projects/.vibe-kanban-workspaces/ca5e-test-crea-test-e/3d-organizer/frontend/src/__tests__/e2e/project-details.spec.ts:6:16

    attachment #1: screenshot (image/png) ──────────────────────────────────────────────────────────
    ../../../test-results/project-details-Project-De-c80ab-navigation-back-to-homepage-chromium/test-failed-1.png
    ────────────────────────────────────────────────────────────────────────────────────────────────

    attachment #2: video (video/webm) ──────────────────────────────────────────────────────────────
    ../../../test-results/project-details-Project-De-c80ab-navigation-back-to-homepage-chromium/video.webm
    ────────────────────────────────────────────────────────────────────────────────────────────────
]]>
</failure>
<system-out>
<![CDATA[
[[ATTACHMENT|test-results/project-details-Project-De-c80ab-navigation-back-to-homepage-chromium/test-failed-1.png]]

[[ATTACHMENT|test-results/project-details-Project-De-c80ab-navigation-back-to-homepage-chromium/video.webm]]
]]>
</system-out>
</testcase>
<testcase name="Project Details Page › should handle non-existent project gracefully" classname="project-details.spec.ts" time="0.171">
<failure message="project-details.spec.ts:134:7 should handle non-existent project gracefully" type="FAILURE">
<![CDATA[  [chromium] › project-details.spec.ts:134:7 › Project Details Page › should handle non-existent project gracefully 

    Error: page.goto: net::ERR_CONNECTION_REFUSED at http://127.0.0.1:3000/
    Call log:
      - navigating to "http://127.0.0.1:3000/", waiting until "load"


      4 |   test.beforeEach(async ({ page }) => {
      5 |     // Navigate to homepage first
    > 6 |     await page.goto('/')
        |                ^
      7 |     await page.waitForLoadState('networkidle')
      8 |   })
      9 |
        at /Users/jparrill/Projects/.vibe-kanban-workspaces/ca5e-test-crea-test-e/3d-organizer/frontend/src/__tests__/e2e/project-details.spec.ts:6:16

    attachment #1: screenshot (image/png) ──────────────────────────────────────────────────────────
    ../../../test-results/project-details-Project-De-cb6cf-existent-project-gracefully-chromium/test-failed-1.png
    ────────────────────────────────────────────────────────────────────────────────────────────────

    attachment #2: video (video/webm) ──────────────────────────────────────────────────────────────
    ../../../test-results/project-details-Project-De-cb6cf-existent-project-gracefully-chromium/video.webm
    ────────────────────────────────────────────────────────────────────────────────────────────────
]]>
</failure>
<system-out>
<![CDATA[
[[ATTACHMENT|test-results/project-details-Project-De-cb6cf-existent-project-gracefully-chromium/test-failed-1.png]]

[[ATTACHMENT|test-results/project-details-Project-De-cb6cf-existent-project-gracefully-chromium/video.webm]]
]]>
</system-out>
</testcase>
<testcase name="Project Details Page › should be responsive on mobile devices" classname="project-details.spec.ts" time="0.136">
<failure message="project-details.spec.ts:170:7 should be responsive on mobile devices" type="FAILURE">
<![CDATA[  [chromium] › project-details.spec.ts:170:7 › Project Details Page › should be responsive on mobile devices 

    Error: page.goto: net::ERR_CONNECTION_REFUSED at http://127.0.0.1:3000/
    Call log:
      - navigating to "http://127.0.0.1:3000/", waiting until "load"


      4 |   test.beforeEach(async ({ page }) => {
      5 |     // Navigate to homepage first
    > 6 |     await page.goto('/')
        |                ^
      7 |     await page.waitForLoadState('networkidle')
      8 |   })
      9 |
        at /Users/jparrill/Projects/.vibe-kanban-workspaces/ca5e-test-crea-test-e/3d-organizer/frontend/src/__tests__/e2e/project-details.spec.ts:6:16

    attachment #1: screenshot (image/png) ──────────────────────────────────────────────────────────
    ../../../test-results/project-details-Project-De-7b250-esponsive-on-mobile-devices-chromium/test-failed-1.png
    ────────────────────────────────────────────────────────────────────────────────────────────────

    attachment #2: video (video/webm) ──────────────────────────────────────────────────────────────
    ../../../test-results/project-details-Project-De-7b250-esponsive-on-mobile-devices-chromium/video.webm
    ────────────────────────────────────────────────────────────────────────────────────────────────
]]>
</failure>
<system-out>
<![CDATA[
[[ATTACHMENT|test-results/project-details-Project-De-7b250-esponsive-on-mobile-devices-chromium/test-failed-1.png]]

[[ATTACHMENT|test-results/project-details-Project-De-7b250-esponsive-on-mobile-devices-chromium/video.webm]]
]]>
</system-out>
</testcase>
<testcase name="Project Details Page › should handle loading states appropriately" classname="project-details.spec.ts" time="0.148">
<failure message="project-details.spec.ts:193:7 should handle loading states appropriately" type="FAILURE">
<![CDATA[  [chromium] › project-details.spec.ts:193:7 › Project Details Page › should handle loading states appropriately 

    Error: page.goto: net::ERR_CONNECTION_REFUSED at http://127.0.0.1:3000/
    Call log:
      - navigating to "http://127.0.0.1:3000/", waiting until "load"


      4 |   test.beforeEach(async ({ page }) => {
      5 |     // Navigate to homepage first
    > 6 |     await page.goto('/')
        |                ^
      7 |     await page.waitForLoadState('networkidle')
      8 |   })
      9 |
        at /Users/jparrill/Projects/.vibe-kanban-workspaces/ca5e-test-crea-test-e/3d-organizer/frontend/src/__tests__/e2e/project-details.spec.ts:6:16

    attachment #1: screenshot (image/png) ──────────────────────────────────────────────────────────
    ../../../test-results/project-details-Project-De-16485-oading-states-appropriately-chromium/test-failed-1.png
    ────────────────────────────────────────────────────────────────────────────────────────────────

    attachment #2: video (video/webm) ──────────────────────────────────────────────────────────────
    ../../../test-results/project-details-Project-De-16485-oading-states-appropriately-chromium/video.webm
    ────────────────────────────────────────────────────────────────────────────────────────────────
]]>
</failure>
<system-out>
<![CDATA[
[[ATTACHMENT|test-results/project-details-Project-De-16485-oading-states-appropriately-chromium/test-failed-1.png]]

[[ATTACHMENT|test-results/project-details-Project-De-16485-oading-states-appropriately-chromium/video.webm]]
]]>
</system-out>
</testcase>
<testcase name="Project Details Page › should handle API errors gracefully" classname="project-details.spec.ts" time="0.148">
<failure message="project-details.spec.ts:214:7 should handle API errors gracefully" type="FAILURE">
<![CDATA[  [chromium] › project-details.spec.ts:214:7 › Project Details Page › should handle API errors gracefully 

    Error: page.goto: net::ERR_CONNECTION_REFUSED at http://127.0.0.1:3000/
    Call log:
      - navigating to "http://127.0.0.1:3000/", waiting until "load"


      4 |   test.beforeEach(async ({ page }) => {
      5 |     // Navigate to homepage first
    > 6 |     await page.goto('/')
        |                ^
      7 |     await page.waitForLoadState('networkidle')
      8 |   })
      9 |
        at /Users/jparrill/Projects/.vibe-kanban-workspaces/ca5e-test-crea-test-e/3d-organizer/frontend/src/__tests__/e2e/project-details.spec.ts:6:16

    attachment #1: screenshot (image/png) ──────────────────────────────────────────────────────────
    ../../../test-results/project-details-Project-De-efe0c-andle-API-errors-gracefully-chromium/test-failed-1.png
    ────────────────────────────────────────────────────────────────────────────────────────────────

    attachment #2: video (video/webm) ──────────────────────────────────────────────────────────────
    ../../../test-results/project-details-Project-De-efe0c-andle-API-errors-gracefully-chromium/video.webm
    ────────────────────────────────────────────────────────────────────────────────────────────────
]]>
</failure>
<system-out>
<![CDATA[
[[ATTACHMENT|test-results/project-details-Project-De-efe0c-andle-API-errors-gracefully-chromium/test-failed-1.png]]

[[ATTACHMENT|test-results/project-details-Project-De-efe0c-andle-API-errors-gracefully-chromium/video.webm]]
]]>
</system-out>
</testcase>
<testcase name="Project Details Page › should display file type icons and information" classname="project-details.spec.ts" time="0.152">
<failure message="project-details.spec.ts:251:7 should display file type icons and information" type="FAILURE">
<![CDATA[  [chromium] › project-details.spec.ts:251:7 › Project Details Page › should display file type icons and information 

    Error: page.goto: net::ERR_CONNECTION_REFUSED at http://127.0.0.1:3000/
    Call log:
      - navigating to "http://127.0.0.1:3000/", waiting until "load"


      4 |   test.beforeEach(async ({ page }) => {
      5 |     // Navigate to homepage first
    > 6 |     await page.goto('/')
        |                ^
      7 |     await page.waitForLoadState('networkidle')
      8 |   })
      9 |
        at /Users/jparrill/Projects/.vibe-kanban-workspaces/ca5e-test-crea-test-e/3d-organizer/frontend/src/__tests__/e2e/project-details.spec.ts:6:16

    attachment #1: screenshot (image/png) ──────────────────────────────────────────────────────────
    ../../../test-results/project-details-Project-De-e8cbe--type-icons-and-information-chromium/test-failed-1.png
    ────────────────────────────────────────────────────────────────────────────────────────────────

    attachment #2: video (video/webm) ──────────────────────────────────────────────────────────────
    ../../../test-results/project-details-Project-De-e8cbe--type-icons-and-information-chromium/video.webm
    ────────────────────────────────────────────────────────────────────────────────────────────────
]]>
</failure>
<system-out>
<![CDATA[
[[ATTACHMENT|test-results/project-details-Project-De-e8cbe--type-icons-and-information-chromium/test-failed-1.png]]

[[ATTACHMENT|test-results/project-details-Project-De-e8cbe--type-icons-and-information-chromium/video.webm]]
]]>
</system-out>
</testcase>
<testcase name="Project Details Page › should have proper accessibility features" classname="project-details.spec.ts" time="0.133">
<failure message="project-details.spec.ts:272:7 should have proper accessibility features" type="FAILURE">
<![CDATA[  [chromium] › project-details.spec.ts:272:7 › Project Details Page › should have proper accessibility features 

    Error: page.goto: net::ERR_CONNECTION_REFUSED at http://127.0.0.1:3000/
    Call log:
      - navigating to "http://127.0.0.1:3000/", waiting until "load"


      4 |   test.beforeEach(async ({ page }) => {
      5 |     // Navigate to homepage first
    > 6 |     await page.goto('/')
        |                ^
      7 |     await page.waitForLoadState('networkidle')
      8 |   })
      9 |
        at /Users/jparrill/Projects/.vibe-kanban-workspaces/ca5e-test-crea-test-e/3d-organizer/frontend/src/__tests__/e2e/project-details.spec.ts:6:16

    attachment #1: screenshot (image/png) ──────────────────────────────────────────────────────────
    ../../../test-results/project-details-Project-De-dada6-oper-accessibility-features-chromium/test-failed-1.png
    ────────────────────────────────────────────────────────────────────────────────────────────────

    attachment #2: video (video/webm) ──────────────────────────────────────────────────────────────
    ../../../test-results/project-details-Project-De-dada6-oper-accessibility-features-chromium/video.webm
    ────────────────────────────────────────────────────────────────────────────────────────────────
]]>
</failure>
<system-out>
<![CDATA[
[[ATTACHMENT|test-results/project-details-Project-De-dada6-oper-accessibility-features-chromium/test-failed-1.png]]

[[ATTACHMENT|test-results/project-details-Project-De-dada6-oper-accessibility-features-chromium/video.webm]]
]]>
</system-out>
</testcase>
</testsuite>
<testsuite name="simple-test.spec.ts" timestamp="2026-02-13T20:07:24.914Z" hostname="chromium" tests="2" failures="2" skipped="0" time="0.282" errors="0">
<testcase name="Simple E2E Tests › should create project without files" classname="simple-test.spec.ts" time="0.133">
<failure message="simple-test.spec.ts:9:7 should create project without files" type="FAILURE">
<![CDATA[  [chromium] › simple-test.spec.ts:9:7 › Simple E2E Tests › should create project without files ────

    Error: page.goto: net::ERR_CONNECTION_REFUSED at http://127.0.0.1:3000/
    Call log:
      - navigating to "http://127.0.0.1:3000/", waiting until "load"


      3 | test.describe('Simple E2E Tests', () => {
      4 |   test.beforeEach(async ({ page }) => {
    > 5 |     await page.goto('/')
        |                ^
      6 |     await expect(page.getByText('3DShelf')).toBeVisible()
      7 |   })
      8 |
        at /Users/jparrill/Projects/.vibe-kanban-workspaces/ca5e-test-crea-test-e/3d-organizer/frontend/src/__tests__/e2e/simple-test.spec.ts:5:16

    attachment #1: screenshot (image/png) ──────────────────────────────────────────────────────────
    ../../../test-results/simple-test-Simple-E2E-Tes-015f0-reate-project-without-files-chromium/test-failed-1.png
    ────────────────────────────────────────────────────────────────────────────────────────────────

    attachment #2: video (video/webm) ──────────────────────────────────────────────────────────────
    ../../../test-results/simple-test-Simple-E2E-Tes-015f0-reate-project-without-files-chromium/video.webm
    ────────────────────────────────────────────────────────────────────────────────────────────────
]]>
</failure>
<system-out>
<![CDATA[
[[ATTACHMENT|test-results/simple-test-Simple-E2E-Tes-015f0-reate-project-without-files-chromium/test-failed-1.png]]

[[ATTACHMENT|test-results/simple-test-Simple-E2E-Tes-015f0-reate-project-without-files-chromium/video.webm]]
]]>
</system-out>
</testcase>
<testcase name="Simple E2E Tests › should navigate to homepage" classname="simple-test.spec.ts" time="0.149">
<failure message="simple-test.spec.ts:32:7 should navigate to homepage" type="FAILURE">
<![CDATA[  [chromium] › simple-test.spec.ts:32:7 › Simple E2E Tests › should navigate to homepage ───────────

    Error: page.goto: net::ERR_CONNECTION_REFUSED at http://127.0.0.1:3000/
    Call log:
      - navigating to "http://127.0.0.1:3000/", waiting until "load"


      3 | test.describe('Simple E2E Tests', () => {
      4 |   test.beforeEach(async ({ page }) => {
    > 5 |     await page.goto('/')
        |                ^
      6 |     await expect(page.getByText('3DShelf')).toBeVisible()
      7 |   })
      8 |
        at /Users/jparrill/Projects/.vibe-kanban-workspaces/ca5e-test-crea-test-e/3d-organizer/frontend/src/__tests__/e2e/simple-test.spec.ts:5:16

    attachment #1: screenshot (image/png) ──────────────────────────────────────────────────────────
    ../../../test-results/simple-test-Simple-E2E-Tests-should-navigate-to-homepage-chromium/test-failed-1.png
    ────────────────────────────────────────────────────────────────────────────────────────────────

    attachment #2: video (video/webm) ──────────────────────────────────────────────────────────────
    ../../../test-results/simple-test-Simple-E2E-Tests-should-navigate-to-homepage-chromium/video.webm
    ────────────────────────────────────────────────────────────────────────────────────────────────
]]>
</failure>
<system-out>
<![CDATA[
[[ATTACHMENT|test-results/simple-test-Simple-E2E-Tests-should-navigate-to-homepage-chromium/test-failed-1.png]]

[[ATTACHMENT|test-results/simple-test-Simple-E2E-Tests-should-navigate-to-homepage-chromium/video.webm]]
]]>
</system-out>
</testcase>
</testsuite>
</testsuites>